2018-06-16 09:05:43 INFO  o.h.validator.internal.util.Version - HV000001: Hibernate Validator 5.2.4.Final 
2018-06-16 09:05:43 INFO  cn.fei.item.App - Starting App on byr216-PC with PID 7848 (G:\MyProject\target\classes started by byr216 in G:\MyProject) 
2018-06-16 09:05:43 INFO  cn.fei.item.App - No active profile set, falling back to default profiles: default 
2018-06-16 09:05:44 INFO  o.s.b.c.e.AnnotationConfigEmbeddedWebApplicationContext - Refreshing org.springframework.boot.context.embedded.AnnotationConfigEmbeddedWebApplicationContext@67a056f1: startup date [Sat Jun 16 09:05:44 CST 2018]; root of context hierarchy 
2018-06-16 09:05:46 INFO  o.s.c.s.PostProcessorRegistrationDelegate$BeanPostProcessorChecker - Bean 'shiroConfiguration' of type [class cn.fei.item.configuration.ShiroConfiguration$$EnhancerBySpringCGLIB$$aa16897] is not eligible for getting processed by all BeanPostProcessors (for example: not eligible for auto-proxying) 
2018-06-16 09:05:46 INFO  o.s.c.s.PostProcessorRegistrationDelegate$BeanPostProcessorChecker - Bean 'mybatis-org.mybatis.spring.boot.autoconfigure.MybatisProperties' of type [class org.mybatis.spring.boot.autoconfigure.MybatisProperties] is not eligible for getting processed by all BeanPostProcessors (for example: not eligible for auto-proxying) 
2018-06-16 09:05:46 INFO  o.s.c.s.PostProcessorRegistrationDelegate$BeanPostProcessorChecker - Bean 'org.mybatis.spring.boot.autoconfigure.MybatisAutoConfiguration' of type [class org.mybatis.spring.boot.autoconfigure.MybatisAutoConfiguration$$EnhancerBySpringCGLIB$$c9a54451] is not eligible for getting processed by all BeanPostProcessors (for example: not eligible for auto-proxying) 
2018-06-16 09:05:46 INFO  o.s.c.s.PostProcessorRegistrationDelegate$BeanPostProcessorChecker - Bean 'org.springframework.boot.autoconfigure.jdbc.DataSourceConfiguration$Generic' of type [class org.springframework.boot.autoconfigure.jdbc.DataSourceConfiguration$Generic] is not eligible for getting processed by all BeanPostProcessors (for example: not eligible for auto-proxying) 
2018-06-16 09:05:46 INFO  o.s.c.s.PostProcessorRegistrationDelegate$BeanPostProcessorChecker - Bean 'spring.datasource-org.springframework.boot.autoconfigure.jdbc.DataSourceProperties' of type [class org.springframework.boot.autoconfigure.jdbc.DataSourceProperties] is not eligible for getting processed by all BeanPostProcessors (for example: not eligible for auto-proxying) 
2018-06-16 09:05:46 INFO  o.s.c.s.PostProcessorRegistrationDelegate$BeanPostProcessorChecker - Bean 'dataSource' of type [class com.alibaba.druid.pool.DruidDataSource] is not eligible for getting processed by all BeanPostProcessors (for example: not eligible for auto-proxying) 
2018-06-16 09:05:47 INFO  o.s.c.s.PostProcessorRegistrationDelegate$BeanPostProcessorChecker - Bean 'sqlSessionFactory' of type [class org.apache.ibatis.session.defaults.DefaultSqlSessionFactory] is not eligible for getting processed by all BeanPostProcessors (for example: not eligible for auto-proxying) 
2018-06-16 09:05:47 INFO  o.s.c.s.PostProcessorRegistrationDelegate$BeanPostProcessorChecker - Bean 'sqlSessionTemplate' of type [class org.mybatis.spring.SqlSessionTemplate] is not eligible for getting processed by all BeanPostProcessors (for example: not eligible for auto-proxying) 
2018-06-16 09:05:47 INFO  o.s.c.s.PostProcessorRegistrationDelegate$BeanPostProcessorChecker - Bean 'loginInfoMapper' of type [class org.mybatis.spring.mapper.MapperFactoryBean] is not eligible for getting processed by all BeanPostProcessors (for example: not eligible for auto-proxying) 
2018-06-16 09:05:47 INFO  o.s.c.s.PostProcessorRegistrationDelegate$BeanPostProcessorChecker - Bean 'loginInfoMapper' of type [class com.sun.proxy.$Proxy54] is not eligible for getting processed by all BeanPostProcessors (for example: not eligible for auto-proxying) 
2018-06-16 09:05:47 INFO  o.s.c.s.PostProcessorRegistrationDelegate$BeanPostProcessorChecker - Bean 'loginInfoServiceImpl' of type [class cn.fei.item.service.impl.LoginInfoServiceImpl] is not eligible for getting processed by all BeanPostProcessors (for example: not eligible for auto-proxying) 
2018-06-16 09:05:47 INFO  o.s.c.s.PostProcessorRegistrationDelegate$BeanPostProcessorChecker - Bean 'myShiroRealm' of type [class cn.fei.item.shiro.MyShiroRealm] is not eligible for getting processed by all BeanPostProcessors (for example: not eligible for auto-proxying) 
2018-06-16 09:05:47 INFO  o.s.c.s.PostProcessorRegistrationDelegate$BeanPostProcessorChecker - Bean 'sessionDao' of type [class cn.fei.item.shiro.MySessionDao] is not eligible for getting processed by all BeanPostProcessors (for example: not eligible for auto-proxying) 
2018-06-16 09:05:47 INFO  o.s.c.s.PostProcessorRegistrationDelegate$BeanPostProcessorChecker - Bean 'sessionManager' of type [class org.apache.shiro.web.session.mgt.DefaultWebSessionManager] is not eligible for getting processed by all BeanPostProcessors (for example: not eligible for auto-proxying) 
2018-06-16 09:05:47 INFO  o.s.c.e.EhCacheManagerFactoryBean - Initializing EhCache CacheManager 
2018-06-16 09:05:47 INFO  o.s.c.s.PostProcessorRegistrationDelegate$BeanPostProcessorChecker - Bean 'ehCacheManagerFactoryBean' of type [class org.springframework.cache.ehcache.EhCacheManagerFactoryBean] is not eligible for getting processed by all BeanPostProcessors (for example: not eligible for auto-proxying) 
2018-06-16 09:05:47 INFO  o.s.c.s.PostProcessorRegistrationDelegate$BeanPostProcessorChecker - Bean 'ehCacheManagerFactoryBean' of type [class net.sf.ehcache.CacheManager] is not eligible for getting processed by all BeanPostProcessors (for example: not eligible for auto-proxying) 
2018-06-16 09:05:47 INFO  o.s.c.s.PostProcessorRegistrationDelegate$BeanPostProcessorChecker - Bean 'getEhCacheManager' of type [class org.apache.shiro.cache.ehcache.EhCacheManager] is not eligible for getting processed by all BeanPostProcessors (for example: not eligible for auto-proxying) 
2018-06-16 09:05:47 INFO  o.a.s.cache.ehcache.EhCacheManager - Cache with name 'cn.fei.item.shiro.MyShiroRealm.authorizationCache' does not yet exist.  Creating now. 
2018-06-16 09:05:47 INFO  o.a.s.cache.ehcache.EhCacheManager - Added EhCache named [cn.fei.item.shiro.MyShiroRealm.authorizationCache] 
2018-06-16 09:05:47 INFO  o.s.c.s.PostProcessorRegistrationDelegate$BeanPostProcessorChecker - Bean 'securityManager' of type [class org.apache.shiro.web.mgt.DefaultWebSecurityManager] is not eligible for getting processed by all BeanPostProcessors (for example: not eligible for auto-proxying) 
2018-06-16 09:05:47 INFO  o.s.c.s.PostProcessorRegistrationDelegate$BeanPostProcessorChecker - Bean 'myFormAuthenticationFilter' of type [class cn.fei.item.shiro.MyFormAuthenticationFilter] is not eligible for getting processed by all BeanPostProcessors (for example: not eligible for auto-proxying) 
2018-06-16 09:05:47 INFO  o.s.c.s.PostProcessorRegistrationDelegate$BeanPostProcessorChecker - Bean 'org.springframework.transaction.annotation.ProxyTransactionManagementConfiguration' of type [class org.springframework.transaction.annotation.ProxyTransactionManagementConfiguration$$EnhancerBySpringCGLIB$$96d0f321] is not eligible for getting processed by all BeanPostProcessors (for example: not eligible for auto-proxying) 
2018-06-16 09:05:47 INFO  o.s.c.s.PostProcessorRegistrationDelegate$BeanPostProcessorChecker - Bean 'authorizationAttributeSourceAdvisor' of type [class org.apache.shiro.spring.security.interceptor.AuthorizationAttributeSourceAdvisor] is not eligible for getting processed by all BeanPostProcessors (for example: not eligible for auto-proxying) 
2018-06-16 09:05:48 INFO  o.s.b.c.e.t.TomcatEmbeddedServletContainer - Tomcat initialized with port(s): 8080 (http) 
2018-06-16 09:05:48 INFO  o.a.catalina.core.StandardService - Starting service Tomcat 
2018-06-16 09:05:48 INFO  o.a.catalina.core.StandardEngine - Starting Servlet Engine: Apache Tomcat/8.5.6 
2018-06-16 09:05:48 INFO  o.a.c.c.C.[Tomcat].[localhost].[/] - Initializing Spring embedded WebApplicationContext 
2018-06-16 09:05:48 INFO  o.s.web.context.ContextLoader - Root WebApplicationContext: initialization completed in 4794 ms 
2018-06-16 09:05:49 INFO  o.s.b.w.s.ServletRegistrationBean - Mapping servlet: 'dispatcherServlet' to [/] 
2018-06-16 09:05:49 INFO  o.s.b.w.s.FilterRegistrationBean - Mapping filter: 'characterEncodingFilter' to: [/*] 
2018-06-16 09:05:49 INFO  o.s.b.w.s.FilterRegistrationBean - Mapping filter: 'hiddenHttpMethodFilter' to: [/*] 
2018-06-16 09:05:49 INFO  o.s.b.w.s.FilterRegistrationBean - Mapping filter: 'httpPutFormContentFilter' to: [/*] 
2018-06-16 09:05:49 INFO  o.s.b.w.s.FilterRegistrationBean - Mapping filter: 'requestContextFilter' to: [/*] 
2018-06-16 09:05:49 INFO  o.s.b.w.s.FilterRegistrationBean - Mapping filter: 'shiroFilter' to: [/*] 
2018-06-16 09:05:49 INFO  o.s.b.w.s.FilterRegistrationBean - Mapping filter: 'myFormAuthenticationFilter' to: [/*] 
2018-06-16 09:05:50 INFO  o.s.w.s.m.m.a.RequestMappingHandlerAdapter - Looking for @ControllerAdvice: org.springframework.boot.context.embedded.AnnotationConfigEmbeddedWebApplicationContext@67a056f1: startup date [Sat Jun 16 09:05:44 CST 2018]; root of context hierarchy 
2018-06-16 09:05:50 INFO  o.s.w.s.m.m.a.RequestMappingHandlerMapping - Mapped "{[/index]}" onto public java.lang.String cn.fei.item.web.controller.LoginController.index() 
2018-06-16 09:05:50 INFO  o.s.w.s.m.m.a.RequestMappingHandlerMapping - Mapped "{[/logout]}" onto public void cn.fei.item.web.controller.LoginController.logout() 
2018-06-16 09:05:50 INFO  o.s.w.s.m.m.a.RequestMappingHandlerMapping - Mapped "{[/login]}" onto public java.lang.String cn.fei.item.web.controller.LoginController.login() 
2018-06-16 09:05:50 INFO  o.s.w.s.m.m.a.RequestMappingHandlerMapping - Mapped "{[/cach]}" onto public java.lang.String cn.fei.item.web.controller.LoginController.getCach() 
2018-06-16 09:05:50 INFO  o.s.w.s.m.m.a.RequestMappingHandlerMapping - Mapped "{[/permission/reload]}" onto public java.lang.String cn.fei.item.web.controller.PermissionController.reload() 
2018-06-16 09:05:50 INFO  o.s.w.s.m.m.a.RequestMappingHandlerMapping - Mapped "{[/user/list]}" onto public java.lang.String cn.fei.item.web.controller.UserController.list() 
2018-06-16 09:05:50 INFO  o.s.w.s.m.m.a.RequestMappingHandlerMapping - Mapped "{[/user/test]}" onto public void cn.fei.item.web.controller.UserController.test() 
2018-06-16 09:05:50 INFO  o.s.w.s.m.m.a.RequestMappingHandlerMapping - Mapped "{[/error]}" onto public org.springframework.http.ResponseEntity<java.util.Map<java.lang.String, java.lang.Object>> org.springframework.boot.autoconfigure.web.BasicErrorController.error(javax.servlet.http.HttpServletRequest) 
2018-06-16 09:05:50 INFO  o.s.w.s.m.m.a.RequestMappingHandlerMapping - Mapped "{[/error],produces=[text/html]}" onto public org.springframework.web.servlet.ModelAndView org.springframework.boot.autoconfigure.web.BasicErrorController.errorHtml(javax.servlet.http.HttpServletRequest,javax.servlet.http.HttpServletResponse) 
2018-06-16 09:05:50 INFO  o.s.w.s.h.SimpleUrlHandlerMapping - Mapped URL path [/webjars/**] onto handler of type [class org.springframework.web.servlet.resource.ResourceHttpRequestHandler] 
2018-06-16 09:05:50 INFO  o.s.w.s.h.SimpleUrlHandlerMapping - Mapped URL path [/**] onto handler of type [class org.springframework.web.servlet.resource.ResourceHttpRequestHandler] 
2018-06-16 09:05:51 INFO  o.s.w.s.h.SimpleUrlHandlerMapping - Mapped URL path [/**/favicon.ico] onto handler of type [class org.springframework.web.servlet.resource.ResourceHttpRequestHandler] 
2018-06-16 09:05:52 INFO  o.s.j.e.a.AnnotationMBeanExporter - Registering beans for JMX exposure on startup 
2018-06-16 09:05:52 INFO  o.s.j.e.a.AnnotationMBeanExporter - Bean with name 'dataSource' has been autodetected for JMX exposure 
2018-06-16 09:05:52 INFO  o.s.j.e.a.AnnotationMBeanExporter - Located MBean 'dataSource': registering with JMX server as MBean [com.alibaba.druid.pool:name=dataSource,type=DruidDataSource] 
2018-06-16 09:05:52 INFO  o.a.coyote.http11.Http11NioProtocol - Initializing ProtocolHandler ["http-nio-8080"] 
2018-06-16 09:05:52 INFO  o.a.coyote.http11.Http11NioProtocol - Starting ProtocolHandler [http-nio-8080] 
2018-06-16 09:05:52 INFO  o.a.tomcat.util.net.NioSelectorPool - Using a shared selector for servlet write/read 
2018-06-16 09:05:52 INFO  o.s.b.c.e.t.TomcatEmbeddedServletContainer - Tomcat started on port(s): 8080 (http) 
2018-06-16 09:05:52 INFO  cn.fei.item.App - Started App in 10.09 seconds (JVM running for 16.381) 
2018-06-16 09:06:05 INFO  o.a.c.c.C.[Tomcat].[localhost].[/] - Initializing Spring FrameworkServlet 'dispatcherServlet' 
2018-06-16 09:06:05 INFO  o.s.web.servlet.DispatcherServlet - FrameworkServlet 'dispatcherServlet': initialization started 
2018-06-16 09:06:05 INFO  o.s.web.servlet.DispatcherServlet - FrameworkServlet 'dispatcherServlet': initialization completed in 30 ms 
2018-06-16 09:06:06 INFO  o.a.s.s.m.AbstractValidatingSessionManager - Enabling session validation scheduler... 
2018-06-16 09:06:06 INFO  o.a.s.cache.ehcache.EhCacheManager - Using existing EHCache named [shiro-activeSessionCache] 
2018-06-16 09:06:06 INFO  c.a.druid.pool.DruidDataSource - {dataSource-1} inited 
2018-06-16 09:06:06 DEBUG c.f.i.m.L.getByUsername - ==>  Preparing: SELECT id, username, password, user_id, is_admin, state FROM login_info WHERE username = ?  
2018-06-16 09:06:06 DEBUG c.f.i.m.L.getByUsername - ==> Parameters: zhangsan(String) 
2018-06-16 09:06:06 DEBUG c.f.i.m.L.getByUsername - <==      Total: 1 
2018-06-16 09:06:06 DEBUG c.f.i.m.U.selectByPrimaryKey - ==>  Preparing: select id, username, password, real_name, telephone from user where id = ?  
2018-06-16 09:06:06 DEBUG c.f.i.m.U.selectByPrimaryKey - ==> Parameters: 1(Long) 
2018-06-16 09:06:06 DEBUG c.f.i.m.U.selectByPrimaryKey - <==      Total: 1 
2018-06-16 09:06:15 ERROR c.f.i.w.controller.LoginController - aaaaaaaaaaaaaaaa 
2018-06-16 09:06:15 INFO  c.f.i.w.controller.LoginController - -------------info-------------- 
2018-06-16 09:15:42 INFO  o.h.validator.internal.util.Version - HV000001: Hibernate Validator 5.2.4.Final 
2018-06-16 09:15:43 INFO  cn.fei.item.App - Starting App on byr216-PC with PID 7752 (G:\MyProject\target\classes started by byr216 in G:\MyProject) 
2018-06-16 09:15:43 INFO  cn.fei.item.App - No active profile set, falling back to default profiles: default 
2018-06-16 09:15:43 INFO  o.s.b.c.e.AnnotationConfigEmbeddedWebApplicationContext - Refreshing org.springframework.boot.context.embedded.AnnotationConfigEmbeddedWebApplicationContext@6dd93a21: startup date [Sat Jun 16 09:15:43 CST 2018]; root of context hierarchy 
2018-06-16 09:15:45 INFO  o.s.c.s.PostProcessorRegistrationDelegate$BeanPostProcessorChecker - Bean 'shiroConfiguration' of type [class cn.fei.item.configuration.ShiroConfiguration$$EnhancerBySpringCGLIB$$c75a823b] is not eligible for getting processed by all BeanPostProcessors (for example: not eligible for auto-proxying) 
2018-06-16 09:15:45 INFO  o.s.c.s.PostProcessorRegistrationDelegate$BeanPostProcessorChecker - Bean 'mybatis-org.mybatis.spring.boot.autoconfigure.MybatisProperties' of type [class org.mybatis.spring.boot.autoconfigure.MybatisProperties] is not eligible for getting processed by all BeanPostProcessors (for example: not eligible for auto-proxying) 
2018-06-16 09:15:45 INFO  o.s.c.s.PostProcessorRegistrationDelegate$BeanPostProcessorChecker - Bean 'org.mybatis.spring.boot.autoconfigure.MybatisAutoConfiguration' of type [class org.mybatis.spring.boot.autoconfigure.MybatisAutoConfiguration$$EnhancerBySpringCGLIB$$865e5df5] is not eligible for getting processed by all BeanPostProcessors (for example: not eligible for auto-proxying) 
2018-06-16 09:15:45 INFO  o.s.c.s.PostProcessorRegistrationDelegate$BeanPostProcessorChecker - Bean 'org.springframework.boot.autoconfigure.jdbc.DataSourceConfiguration$Generic' of type [class org.springframework.boot.autoconfigure.jdbc.DataSourceConfiguration$Generic] is not eligible for getting processed by all BeanPostProcessors (for example: not eligible for auto-proxying) 
2018-06-16 09:15:45 INFO  o.s.c.s.PostProcessorRegistrationDelegate$BeanPostProcessorChecker - Bean 'spring.datasource-org.springframework.boot.autoconfigure.jdbc.DataSourceProperties' of type [class org.springframework.boot.autoconfigure.jdbc.DataSourceProperties] is not eligible for getting processed by all BeanPostProcessors (for example: not eligible for auto-proxying) 
2018-06-16 09:15:45 INFO  o.s.c.s.PostProcessorRegistrationDelegate$BeanPostProcessorChecker - Bean 'dataSource' of type [class com.alibaba.druid.pool.DruidDataSource] is not eligible for getting processed by all BeanPostProcessors (for example: not eligible for auto-proxying) 
2018-06-16 09:15:46 INFO  o.s.c.s.PostProcessorRegistrationDelegate$BeanPostProcessorChecker - Bean 'sqlSessionFactory' of type [class org.apache.ibatis.session.defaults.DefaultSqlSessionFactory] is not eligible for getting processed by all BeanPostProcessors (for example: not eligible for auto-proxying) 
2018-06-16 09:15:46 INFO  o.s.c.s.PostProcessorRegistrationDelegate$BeanPostProcessorChecker - Bean 'sqlSessionTemplate' of type [class org.mybatis.spring.SqlSessionTemplate] is not eligible for getting processed by all BeanPostProcessors (for example: not eligible for auto-proxying) 
2018-06-16 09:15:46 INFO  o.s.c.s.PostProcessorRegistrationDelegate$BeanPostProcessorChecker - Bean 'loginInfoMapper' of type [class org.mybatis.spring.mapper.MapperFactoryBean] is not eligible for getting processed by all BeanPostProcessors (for example: not eligible for auto-proxying) 
2018-06-16 09:15:46 INFO  o.s.c.s.PostProcessorRegistrationDelegate$BeanPostProcessorChecker - Bean 'loginInfoMapper' of type [class com.sun.proxy.$Proxy54] is not eligible for getting processed by all BeanPostProcessors (for example: not eligible for auto-proxying) 
2018-06-16 09:15:46 INFO  o.s.c.s.PostProcessorRegistrationDelegate$BeanPostProcessorChecker - Bean 'loginInfoServiceImpl' of type [class cn.fei.item.service.impl.LoginInfoServiceImpl] is not eligible for getting processed by all BeanPostProcessors (for example: not eligible for auto-proxying) 
2018-06-16 09:15:46 INFO  o.s.c.s.PostProcessorRegistrationDelegate$BeanPostProcessorChecker - Bean 'myShiroRealm' of type [class cn.fei.item.shiro.MyShiroRealm] is not eligible for getting processed by all BeanPostProcessors (for example: not eligible for auto-proxying) 
2018-06-16 09:15:46 INFO  o.s.c.s.PostProcessorRegistrationDelegate$BeanPostProcessorChecker - Bean 'sessionDao' of type [class cn.fei.item.shiro.MySessionDao] is not eligible for getting processed by all BeanPostProcessors (for example: not eligible for auto-proxying) 
2018-06-16 09:15:46 INFO  o.s.c.s.PostProcessorRegistrationDelegate$BeanPostProcessorChecker - Bean 'sessionManager' of type [class org.apache.shiro.web.session.mgt.DefaultWebSessionManager] is not eligible for getting processed by all BeanPostProcessors (for example: not eligible for auto-proxying) 
2018-06-16 09:15:46 INFO  o.s.c.e.EhCacheManagerFactoryBean - Initializing EhCache CacheManager 
2018-06-16 09:15:46 INFO  o.s.c.s.PostProcessorRegistrationDelegate$BeanPostProcessorChecker - Bean 'ehCacheManagerFactoryBean' of type [class org.springframework.cache.ehcache.EhCacheManagerFactoryBean] is not eligible for getting processed by all BeanPostProcessors (for example: not eligible for auto-proxying) 
2018-06-16 09:15:46 INFO  o.s.c.s.PostProcessorRegistrationDelegate$BeanPostProcessorChecker - Bean 'ehCacheManagerFactoryBean' of type [class net.sf.ehcache.CacheManager] is not eligible for getting processed by all BeanPostProcessors (for example: not eligible for auto-proxying) 
2018-06-16 09:15:46 INFO  o.s.c.s.PostProcessorRegistrationDelegate$BeanPostProcessorChecker - Bean 'getEhCacheManager' of type [class org.apache.shiro.cache.ehcache.EhCacheManager] is not eligible for getting processed by all BeanPostProcessors (for example: not eligible for auto-proxying) 
2018-06-16 09:15:46 INFO  o.a.s.cache.ehcache.EhCacheManager - Cache with name 'cn.fei.item.shiro.MyShiroRealm.authorizationCache' does not yet exist.  Creating now. 
2018-06-16 09:15:46 INFO  o.a.s.cache.ehcache.EhCacheManager - Added EhCache named [cn.fei.item.shiro.MyShiroRealm.authorizationCache] 
2018-06-16 09:15:46 INFO  o.s.c.s.PostProcessorRegistrationDelegate$BeanPostProcessorChecker - Bean 'securityManager' of type [class org.apache.shiro.web.mgt.DefaultWebSecurityManager] is not eligible for getting processed by all BeanPostProcessors (for example: not eligible for auto-proxying) 
2018-06-16 09:15:46 INFO  o.s.c.s.PostProcessorRegistrationDelegate$BeanPostProcessorChecker - Bean 'myFormAuthenticationFilter' of type [class cn.fei.item.shiro.MyFormAuthenticationFilter] is not eligible for getting processed by all BeanPostProcessors (for example: not eligible for auto-proxying) 
2018-06-16 09:15:46 INFO  o.s.c.s.PostProcessorRegistrationDelegate$BeanPostProcessorChecker - Bean 'org.springframework.transaction.annotation.ProxyTransactionManagementConfiguration' of type [class org.springframework.transaction.annotation.ProxyTransactionManagementConfiguration$$EnhancerBySpringCGLIB$$538a0cc5] is not eligible for getting processed by all BeanPostProcessors (for example: not eligible for auto-proxying) 
2018-06-16 09:15:46 INFO  o.s.c.s.PostProcessorRegistrationDelegate$BeanPostProcessorChecker - Bean 'authorizationAttributeSourceAdvisor' of type [class org.apache.shiro.spring.security.interceptor.AuthorizationAttributeSourceAdvisor] is not eligible for getting processed by all BeanPostProcessors (for example: not eligible for auto-proxying) 
2018-06-16 09:15:47 INFO  o.s.b.c.e.t.TomcatEmbeddedServletContainer - Tomcat initialized with port(s): 8080 (http) 
2018-06-16 09:15:47 INFO  o.a.catalina.core.StandardService - Starting service Tomcat 
2018-06-16 09:15:47 INFO  o.a.catalina.core.StandardEngine - Starting Servlet Engine: Apache Tomcat/8.5.6 
2018-06-16 09:15:48 INFO  o.a.c.c.C.[Tomcat].[localhost].[/] - Initializing Spring embedded WebApplicationContext 
2018-06-16 09:15:48 INFO  o.s.web.context.ContextLoader - Root WebApplicationContext: initialization completed in 4863 ms 
2018-06-16 09:15:48 INFO  o.s.b.w.s.ServletRegistrationBean - Mapping servlet: 'dispatcherServlet' to [/] 
2018-06-16 09:15:48 INFO  o.s.b.w.s.FilterRegistrationBean - Mapping filter: 'characterEncodingFilter' to: [/*] 
2018-06-16 09:15:48 INFO  o.s.b.w.s.FilterRegistrationBean - Mapping filter: 'hiddenHttpMethodFilter' to: [/*] 
2018-06-16 09:15:48 INFO  o.s.b.w.s.FilterRegistrationBean - Mapping filter: 'httpPutFormContentFilter' to: [/*] 
2018-06-16 09:15:48 INFO  o.s.b.w.s.FilterRegistrationBean - Mapping filter: 'requestContextFilter' to: [/*] 
2018-06-16 09:15:48 INFO  o.s.b.w.s.FilterRegistrationBean - Mapping filter: 'shiroFilter' to: [/*] 
2018-06-16 09:15:48 INFO  o.s.b.w.s.FilterRegistrationBean - Mapping filter: 'myFormAuthenticationFilter' to: [/*] 
2018-06-16 09:15:49 INFO  o.s.w.s.m.m.a.RequestMappingHandlerAdapter - Looking for @ControllerAdvice: org.springframework.boot.context.embedded.AnnotationConfigEmbeddedWebApplicationContext@6dd93a21: startup date [Sat Jun 16 09:15:43 CST 2018]; root of context hierarchy 
2018-06-16 09:15:49 INFO  o.s.w.s.m.m.a.RequestMappingHandlerMapping - Mapped "{[/index]}" onto public java.lang.String cn.fei.item.web.controller.LoginController.index() 
2018-06-16 09:15:49 INFO  o.s.w.s.m.m.a.RequestMappingHandlerMapping - Mapped "{[/logout]}" onto public void cn.fei.item.web.controller.LoginController.logout() 
2018-06-16 09:15:49 INFO  o.s.w.s.m.m.a.RequestMappingHandlerMapping - Mapped "{[/cach]}" onto public java.lang.String cn.fei.item.web.controller.LoginController.getCach() 
2018-06-16 09:15:49 INFO  o.s.w.s.m.m.a.RequestMappingHandlerMapping - Mapped "{[/login]}" onto public java.lang.String cn.fei.item.web.controller.LoginController.login() 
2018-06-16 09:15:49 INFO  o.s.w.s.m.m.a.RequestMappingHandlerMapping - Mapped "{[/permission/reload]}" onto public java.lang.String cn.fei.item.web.controller.PermissionController.reload() 
2018-06-16 09:15:49 INFO  o.s.w.s.m.m.a.RequestMappingHandlerMapping - Mapped "{[/user/list]}" onto public java.lang.String cn.fei.item.web.controller.UserController.list() 
2018-06-16 09:15:49 INFO  o.s.w.s.m.m.a.RequestMappingHandlerMapping - Mapped "{[/user/test]}" onto public void cn.fei.item.web.controller.UserController.test() 
2018-06-16 09:15:49 INFO  o.s.w.s.m.m.a.RequestMappingHandlerMapping - Mapped "{[/error]}" onto public org.springframework.http.ResponseEntity<java.util.Map<java.lang.String, java.lang.Object>> org.springframework.boot.autoconfigure.web.BasicErrorController.error(javax.servlet.http.HttpServletRequest) 
2018-06-16 09:15:49 INFO  o.s.w.s.m.m.a.RequestMappingHandlerMapping - Mapped "{[/error],produces=[text/html]}" onto public org.springframework.web.servlet.ModelAndView org.springframework.boot.autoconfigure.web.BasicErrorController.errorHtml(javax.servlet.http.HttpServletRequest,javax.servlet.http.HttpServletResponse) 
2018-06-16 09:15:50 INFO  o.s.w.s.h.SimpleUrlHandlerMapping - Mapped URL path [/webjars/**] onto handler of type [class org.springframework.web.servlet.resource.ResourceHttpRequestHandler] 
2018-06-16 09:15:50 INFO  o.s.w.s.h.SimpleUrlHandlerMapping - Mapped URL path [/**] onto handler of type [class org.springframework.web.servlet.resource.ResourceHttpRequestHandler] 
2018-06-16 09:15:50 INFO  o.s.w.s.h.SimpleUrlHandlerMapping - Mapped URL path [/**/favicon.ico] onto handler of type [class org.springframework.web.servlet.resource.ResourceHttpRequestHandler] 
2018-06-16 09:15:51 INFO  o.s.j.e.a.AnnotationMBeanExporter - Registering beans for JMX exposure on startup 
2018-06-16 09:15:51 INFO  o.s.j.e.a.AnnotationMBeanExporter - Bean with name 'dataSource' has been autodetected for JMX exposure 
2018-06-16 09:15:51 INFO  o.s.j.e.a.AnnotationMBeanExporter - Located MBean 'dataSource': registering with JMX server as MBean [com.alibaba.druid.pool:name=dataSource,type=DruidDataSource] 
2018-06-16 09:15:51 INFO  o.a.coyote.http11.Http11NioProtocol - Initializing ProtocolHandler ["http-nio-8080"] 
2018-06-16 09:15:51 INFO  o.a.coyote.http11.Http11NioProtocol - Starting ProtocolHandler [http-nio-8080] 
2018-06-16 09:15:51 INFO  o.a.tomcat.util.net.NioSelectorPool - Using a shared selector for servlet write/read 
2018-06-16 09:15:51 INFO  o.s.b.c.e.t.TomcatEmbeddedServletContainer - Tomcat started on port(s): 8080 (http) 
2018-06-16 09:15:51 INFO  cn.fei.item.App - Started App in 9.939 seconds (JVM running for 16.33) 
2018-06-16 09:15:57 INFO  o.a.c.c.C.[Tomcat].[localhost].[/] - Initializing Spring FrameworkServlet 'dispatcherServlet' 
2018-06-16 09:15:57 INFO  o.s.web.servlet.DispatcherServlet - FrameworkServlet 'dispatcherServlet': initialization started 
2018-06-16 09:15:57 INFO  o.s.web.servlet.DispatcherServlet - FrameworkServlet 'dispatcherServlet': initialization completed in 31 ms 
2018-06-16 09:15:57 INFO  o.a.s.s.m.AbstractValidatingSessionManager - Enabling session validation scheduler... 
2018-06-16 09:15:57 INFO  c.a.druid.pool.DruidDataSource - {dataSource-1} inited 
2018-06-16 09:15:57 DEBUG c.f.i.m.L.getByUsername - ==>  Preparing: SELECT id, username, password, user_id, is_admin, state FROM login_info WHERE username = ?  
2018-06-16 09:15:57 DEBUG c.f.i.m.L.getByUsername - ==> Parameters: zhangsan(String) 
2018-06-16 09:15:58 DEBUG c.f.i.m.L.getByUsername - <==      Total: 1 
2018-06-16 09:15:58 INFO  o.a.s.cache.ehcache.EhCacheManager - Using existing EHCache named [shiro-activeSessionCache] 
2018-06-16 09:15:58 DEBUG c.f.i.m.U.selectByPrimaryKey - ==>  Preparing: select id, username, password, real_name, telephone from user where id = ?  
2018-06-16 09:15:58 DEBUG c.f.i.m.U.selectByPrimaryKey - ==> Parameters: 1(Long) 
2018-06-16 09:15:58 DEBUG c.f.i.m.U.selectByPrimaryKey - <==      Total: 1 
2018-06-16 09:16:20 ERROR c.f.i.w.controller.LoginController - aaaaaaaaaaaaaaaa 
2018-06-16 09:16:20 INFO  c.f.i.w.controller.LoginController - -------------info-------------- 
2018-06-16 09:20:01 INFO  o.h.validator.internal.util.Version - HV000001: Hibernate Validator 5.2.4.Final 
2018-06-16 09:20:01 INFO  cn.fei.item.App - Starting App on byr216-PC with PID 4972 (G:\MyProject\target\classes started by byr216 in G:\MyProject) 
2018-06-16 09:20:01 INFO  cn.fei.item.App - No active profile set, falling back to default profiles: default 
2018-06-16 09:20:01 INFO  o.s.b.c.e.AnnotationConfigEmbeddedWebApplicationContext - Refreshing org.springframework.boot.context.embedded.AnnotationConfigEmbeddedWebApplicationContext@7a799159: startup date [Sat Jun 16 09:20:01 CST 2018]; root of context hierarchy 
2018-06-16 09:20:03 INFO  o.s.c.s.PostProcessorRegistrationDelegate$BeanPostProcessorChecker - Bean 'shiroConfiguration' of type [class cn.fei.item.configuration.ShiroConfiguration$$EnhancerBySpringCGLIB$$72dbc698] is not eligible for getting processed by all BeanPostProcessors (for example: not eligible for auto-proxying) 
2018-06-16 09:20:04 INFO  o.s.c.s.PostProcessorRegistrationDelegate$BeanPostProcessorChecker - Bean 'mybatis-org.mybatis.spring.boot.autoconfigure.MybatisProperties' of type [class org.mybatis.spring.boot.autoconfigure.MybatisProperties] is not eligible for getting processed by all BeanPostProcessors (for example: not eligible for auto-proxying) 
2018-06-16 09:20:04 INFO  o.s.c.s.PostProcessorRegistrationDelegate$BeanPostProcessorChecker - Bean 'org.mybatis.spring.boot.autoconfigure.MybatisAutoConfiguration' of type [class org.mybatis.spring.boot.autoconfigure.MybatisAutoConfiguration$$EnhancerBySpringCGLIB$$31dfa252] is not eligible for getting processed by all BeanPostProcessors (for example: not eligible for auto-proxying) 
2018-06-16 09:20:04 INFO  o.s.c.s.PostProcessorRegistrationDelegate$BeanPostProcessorChecker - Bean 'org.springframework.boot.autoconfigure.jdbc.DataSourceConfiguration$Generic' of type [class org.springframework.boot.autoconfigure.jdbc.DataSourceConfiguration$Generic] is not eligible for getting processed by all BeanPostProcessors (for example: not eligible for auto-proxying) 
2018-06-16 09:20:04 INFO  o.s.c.s.PostProcessorRegistrationDelegate$BeanPostProcessorChecker - Bean 'spring.datasource-org.springframework.boot.autoconfigure.jdbc.DataSourceProperties' of type [class org.springframework.boot.autoconfigure.jdbc.DataSourceProperties] is not eligible for getting processed by all BeanPostProcessors (for example: not eligible for auto-proxying) 
2018-06-16 09:20:04 INFO  o.s.c.s.PostProcessorRegistrationDelegate$BeanPostProcessorChecker - Bean 'dataSource' of type [class com.alibaba.druid.pool.DruidDataSource] is not eligible for getting processed by all BeanPostProcessors (for example: not eligible for auto-proxying) 
2018-06-16 09:20:05 INFO  o.s.c.s.PostProcessorRegistrationDelegate$BeanPostProcessorChecker - Bean 'sqlSessionFactory' of type [class org.apache.ibatis.session.defaults.DefaultSqlSessionFactory] is not eligible for getting processed by all BeanPostProcessors (for example: not eligible for auto-proxying) 
2018-06-16 09:20:05 INFO  o.s.c.s.PostProcessorRegistrationDelegate$BeanPostProcessorChecker - Bean 'sqlSessionTemplate' of type [class org.mybatis.spring.SqlSessionTemplate] is not eligible for getting processed by all BeanPostProcessors (for example: not eligible for auto-proxying) 
2018-06-16 09:20:05 INFO  o.s.c.s.PostProcessorRegistrationDelegate$BeanPostProcessorChecker - Bean 'loginInfoMapper' of type [class org.mybatis.spring.mapper.MapperFactoryBean] is not eligible for getting processed by all BeanPostProcessors (for example: not eligible for auto-proxying) 
2018-06-16 09:20:05 INFO  o.s.c.s.PostProcessorRegistrationDelegate$BeanPostProcessorChecker - Bean 'loginInfoMapper' of type [class com.sun.proxy.$Proxy54] is not eligible for getting processed by all BeanPostProcessors (for example: not eligible for auto-proxying) 
2018-06-16 09:20:05 INFO  o.s.c.s.PostProcessorRegistrationDelegate$BeanPostProcessorChecker - Bean 'loginInfoServiceImpl' of type [class cn.fei.item.service.impl.LoginInfoServiceImpl] is not eligible for getting processed by all BeanPostProcessors (for example: not eligible for auto-proxying) 
2018-06-16 09:20:05 INFO  o.s.c.s.PostProcessorRegistrationDelegate$BeanPostProcessorChecker - Bean 'myShiroRealm' of type [class cn.fei.item.shiro.MyShiroRealm] is not eligible for getting processed by all BeanPostProcessors (for example: not eligible for auto-proxying) 
2018-06-16 09:20:05 INFO  o.s.c.s.PostProcessorRegistrationDelegate$BeanPostProcessorChecker - Bean 'sessionDao' of type [class cn.fei.item.shiro.MySessionDao] is not eligible for getting processed by all BeanPostProcessors (for example: not eligible for auto-proxying) 
2018-06-16 09:20:05 INFO  o.s.c.s.PostProcessorRegistrationDelegate$BeanPostProcessorChecker - Bean 'sessionManager' of type [class org.apache.shiro.web.session.mgt.DefaultWebSessionManager] is not eligible for getting processed by all BeanPostProcessors (for example: not eligible for auto-proxying) 
2018-06-16 09:20:05 INFO  o.s.c.e.EhCacheManagerFactoryBean - Initializing EhCache CacheManager 
2018-06-16 09:20:05 INFO  o.s.c.s.PostProcessorRegistrationDelegate$BeanPostProcessorChecker - Bean 'ehCacheManagerFactoryBean' of type [class org.springframework.cache.ehcache.EhCacheManagerFactoryBean] is not eligible for getting processed by all BeanPostProcessors (for example: not eligible for auto-proxying) 
2018-06-16 09:20:05 INFO  o.s.c.s.PostProcessorRegistrationDelegate$BeanPostProcessorChecker - Bean 'ehCacheManagerFactoryBean' of type [class net.sf.ehcache.CacheManager] is not eligible for getting processed by all BeanPostProcessors (for example: not eligible for auto-proxying) 
2018-06-16 09:20:05 INFO  o.s.c.s.PostProcessorRegistrationDelegate$BeanPostProcessorChecker - Bean 'getEhCacheManager' of type [class org.apache.shiro.cache.ehcache.EhCacheManager] is not eligible for getting processed by all BeanPostProcessors (for example: not eligible for auto-proxying) 
2018-06-16 09:20:05 INFO  o.a.s.cache.ehcache.EhCacheManager - Cache with name 'cn.fei.item.shiro.MyShiroRealm.authorizationCache' does not yet exist.  Creating now. 
2018-06-16 09:20:05 INFO  o.a.s.cache.ehcache.EhCacheManager - Added EhCache named [cn.fei.item.shiro.MyShiroRealm.authorizationCache] 
2018-06-16 09:20:05 INFO  o.s.c.s.PostProcessorRegistrationDelegate$BeanPostProcessorChecker - Bean 'securityManager' of type [class org.apache.shiro.web.mgt.DefaultWebSecurityManager] is not eligible for getting processed by all BeanPostProcessors (for example: not eligible for auto-proxying) 
2018-06-16 09:20:05 INFO  o.s.c.s.PostProcessorRegistrationDelegate$BeanPostProcessorChecker - Bean 'myFormAuthenticationFilter' of type [class cn.fei.item.shiro.MyFormAuthenticationFilter] is not eligible for getting processed by all BeanPostProcessors (for example: not eligible for auto-proxying) 
2018-06-16 09:20:05 INFO  o.s.c.s.PostProcessorRegistrationDelegate$BeanPostProcessorChecker - Bean 'org.springframework.transaction.annotation.ProxyTransactionManagementConfiguration' of type [class org.springframework.transaction.annotation.ProxyTransactionManagementConfiguration$$EnhancerBySpringCGLIB$$ff0b5122] is not eligible for getting processed by all BeanPostProcessors (for example: not eligible for auto-proxying) 
2018-06-16 09:20:05 INFO  o.s.c.s.PostProcessorRegistrationDelegate$BeanPostProcessorChecker - Bean 'authorizationAttributeSourceAdvisor' of type [class org.apache.shiro.spring.security.interceptor.AuthorizationAttributeSourceAdvisor] is not eligible for getting processed by all BeanPostProcessors (for example: not eligible for auto-proxying) 
2018-06-16 09:20:06 INFO  o.s.b.c.e.t.TomcatEmbeddedServletContainer - Tomcat initialized with port(s): 8080 (http) 
2018-06-16 09:20:06 INFO  o.a.catalina.core.StandardService - Starting service Tomcat 
2018-06-16 09:20:06 INFO  o.a.catalina.core.StandardEngine - Starting Servlet Engine: Apache Tomcat/8.5.6 
2018-06-16 09:20:06 INFO  o.a.c.c.C.[Tomcat].[localhost].[/] - Initializing Spring embedded WebApplicationContext 
2018-06-16 09:20:06 INFO  o.s.web.context.ContextLoader - Root WebApplicationContext: initialization completed in 5160 ms 
2018-06-16 09:20:07 INFO  o.s.b.w.s.ServletRegistrationBean - Mapping servlet: 'dispatcherServlet' to [/] 
2018-06-16 09:20:07 INFO  o.s.b.w.s.FilterRegistrationBean - Mapping filter: 'characterEncodingFilter' to: [/*] 
2018-06-16 09:20:07 INFO  o.s.b.w.s.FilterRegistrationBean - Mapping filter: 'hiddenHttpMethodFilter' to: [/*] 
2018-06-16 09:20:07 INFO  o.s.b.w.s.FilterRegistrationBean - Mapping filter: 'httpPutFormContentFilter' to: [/*] 
2018-06-16 09:20:07 INFO  o.s.b.w.s.FilterRegistrationBean - Mapping filter: 'requestContextFilter' to: [/*] 
2018-06-16 09:20:07 INFO  o.s.b.w.s.FilterRegistrationBean - Mapping filter: 'shiroFilter' to: [/*] 
2018-06-16 09:20:07 INFO  o.s.b.w.s.FilterRegistrationBean - Mapping filter: 'myFormAuthenticationFilter' to: [/*] 
2018-06-16 09:20:08 INFO  o.s.w.s.m.m.a.RequestMappingHandlerAdapter - Looking for @ControllerAdvice: org.springframework.boot.context.embedded.AnnotationConfigEmbeddedWebApplicationContext@7a799159: startup date [Sat Jun 16 09:20:01 CST 2018]; root of context hierarchy 
2018-06-16 09:20:08 INFO  o.s.w.s.m.m.a.RequestMappingHandlerMapping - Mapped "{[/index]}" onto public java.lang.String cn.fei.item.web.controller.LoginController.index() 
2018-06-16 09:20:08 INFO  o.s.w.s.m.m.a.RequestMappingHandlerMapping - Mapped "{[/logout]}" onto public void cn.fei.item.web.controller.LoginController.logout() 
2018-06-16 09:20:08 INFO  o.s.w.s.m.m.a.RequestMappingHandlerMapping - Mapped "{[/cach]}" onto public java.lang.String cn.fei.item.web.controller.LoginController.getCach() 
2018-06-16 09:20:08 INFO  o.s.w.s.m.m.a.RequestMappingHandlerMapping - Mapped "{[/login]}" onto public java.lang.String cn.fei.item.web.controller.LoginController.login() 
2018-06-16 09:20:08 INFO  o.s.w.s.m.m.a.RequestMappingHandlerMapping - Mapped "{[/permission/reload]}" onto public java.lang.String cn.fei.item.web.controller.PermissionController.reload() 
2018-06-16 09:20:08 INFO  o.s.w.s.m.m.a.RequestMappingHandlerMapping - Mapped "{[/user/list]}" onto public java.lang.String cn.fei.item.web.controller.UserController.list() 
2018-06-16 09:20:08 INFO  o.s.w.s.m.m.a.RequestMappingHandlerMapping - Mapped "{[/user/test]}" onto public void cn.fei.item.web.controller.UserController.test() 
2018-06-16 09:20:08 INFO  o.s.w.s.m.m.a.RequestMappingHandlerMapping - Mapped "{[/error]}" onto public org.springframework.http.ResponseEntity<java.util.Map<java.lang.String, java.lang.Object>> org.springframework.boot.autoconfigure.web.BasicErrorController.error(javax.servlet.http.HttpServletRequest) 
2018-06-16 09:20:08 INFO  o.s.w.s.m.m.a.RequestMappingHandlerMapping - Mapped "{[/error],produces=[text/html]}" onto public org.springframework.web.servlet.ModelAndView org.springframework.boot.autoconfigure.web.BasicErrorController.errorHtml(javax.servlet.http.HttpServletRequest,javax.servlet.http.HttpServletResponse) 
2018-06-16 09:20:08 INFO  o.s.w.s.h.SimpleUrlHandlerMapping - Mapped URL path [/webjars/**] onto handler of type [class org.springframework.web.servlet.resource.ResourceHttpRequestHandler] 
2018-06-16 09:20:08 INFO  o.s.w.s.h.SimpleUrlHandlerMapping - Mapped URL path [/**] onto handler of type [class org.springframework.web.servlet.resource.ResourceHttpRequestHandler] 
2018-06-16 09:20:09 INFO  o.s.w.s.h.SimpleUrlHandlerMapping - Mapped URL path [/**/favicon.ico] onto handler of type [class org.springframework.web.servlet.resource.ResourceHttpRequestHandler] 
2018-06-16 09:20:10 INFO  o.s.j.e.a.AnnotationMBeanExporter - Registering beans for JMX exposure on startup 
2018-06-16 09:20:10 INFO  o.s.j.e.a.AnnotationMBeanExporter - Bean with name 'dataSource' has been autodetected for JMX exposure 
2018-06-16 09:20:10 INFO  o.s.j.e.a.AnnotationMBeanExporter - Located MBean 'dataSource': registering with JMX server as MBean [com.alibaba.druid.pool:name=dataSource,type=DruidDataSource] 
2018-06-16 09:20:10 INFO  o.a.coyote.http11.Http11NioProtocol - Initializing ProtocolHandler ["http-nio-8080"] 
2018-06-16 09:20:10 INFO  o.a.coyote.http11.Http11NioProtocol - Starting ProtocolHandler [http-nio-8080] 
2018-06-16 09:20:10 INFO  o.a.tomcat.util.net.NioSelectorPool - Using a shared selector for servlet write/read 
2018-06-16 09:20:10 INFO  o.s.b.c.e.t.TomcatEmbeddedServletContainer - Tomcat started on port(s): 8080 (http) 
2018-06-16 09:20:10 INFO  cn.fei.item.App - Started App in 10.509 seconds (JVM running for 17.297) 
2018-06-16 09:20:39 INFO  o.a.c.c.C.[Tomcat].[localhost].[/] - Initializing Spring FrameworkServlet 'dispatcherServlet' 
2018-06-16 09:20:39 INFO  o.s.web.servlet.DispatcherServlet - FrameworkServlet 'dispatcherServlet': initialization started 
2018-06-16 09:20:39 INFO  o.s.web.servlet.DispatcherServlet - FrameworkServlet 'dispatcherServlet': initialization completed in 32 ms 
2018-06-16 09:20:39 INFO  o.a.s.s.m.AbstractValidatingSessionManager - Enabling session validation scheduler... 
2018-06-16 09:20:40 INFO  c.a.druid.pool.DruidDataSource - {dataSource-1} inited 
2018-06-16 09:20:40 DEBUG c.f.i.m.L.getByUsername - ==>  Preparing: SELECT id, username, password, user_id, is_admin, state FROM login_info WHERE username = ?  
2018-06-16 09:20:40 DEBUG c.f.i.m.L.getByUsername - ==> Parameters: zhangsan(String) 
2018-06-16 09:20:40 DEBUG c.f.i.m.L.getByUsername - <==      Total: 1 
2018-06-16 09:20:40 INFO  o.a.s.cache.ehcache.EhCacheManager - Using existing EHCache named [shiro-activeSessionCache] 
2018-06-16 09:20:40 DEBUG c.f.i.m.U.selectByPrimaryKey - ==>  Preparing: select id, username, password, real_name, telephone from user where id = ?  
2018-06-16 09:20:40 DEBUG c.f.i.m.U.selectByPrimaryKey - ==> Parameters: 1(Long) 
2018-06-16 09:20:40 DEBUG c.f.i.m.U.selectByPrimaryKey - <==      Total: 1 
2018-06-16 09:21:31 ERROR c.f.i.w.controller.LoginController - aaaaaaaaaaaaaaaa 
2018-06-16 09:21:31 INFO  c.f.i.w.controller.LoginController - -------------info-------------- 
2018-06-16 09:22:14 DEBUG c.f.i.m.L.getByUsername - ==>  Preparing: SELECT id, username, password, user_id, is_admin, state FROM login_info WHERE username = ?  
2018-06-16 09:22:14 DEBUG c.f.i.m.L.getByUsername - ==> Parameters: zhangsan(String) 
2018-06-16 09:22:14 DEBUG c.f.i.m.L.getByUsername - <==      Total: 1 
2018-06-16 09:22:14 DEBUG c.f.i.m.U.selectByPrimaryKey - ==>  Preparing: select id, username, password, real_name, telephone from user where id = ?  
2018-06-16 09:22:14 DEBUG c.f.i.m.U.selectByPrimaryKey - ==> Parameters: 1(Long) 
2018-06-16 09:22:14 DEBUG c.f.i.m.U.selectByPrimaryKey - <==      Total: 1 
2018-06-16 09:26:09 WARN  o.s.boot.SpringApplication - Error handling failed (no error message) 
2018-06-16 09:26:09 ERROR o.s.boot.SpringApplication - Application startup failed 
java.lang.IllegalStateException: Logback configuration error detected: 
ERROR in ch.qos.logback.core.pattern.parser.Compiler@30af7377 - There is no conversion class registered for conversion word [mehtod]
ERROR in ch.qos.logback.core.pattern.parser.Compiler@30af7377 - [mehtod] is not a valid conversion word
	at org.springframework.boot.logging.logback.LogbackLoggingSystem.loadConfiguration(LogbackLoggingSystem.java:161)
	at org.springframework.boot.logging.AbstractLoggingSystem.initializeWithConventions(AbstractLoggingSystem.java:72)
	at org.springframework.boot.logging.AbstractLoggingSystem.initialize(AbstractLoggingSystem.java:50)
	at org.springframework.boot.logging.logback.LogbackLoggingSystem.initialize(LogbackLoggingSystem.java:114)
	at org.springframework.boot.logging.LoggingApplicationListener.initializeSystem(LoggingApplicationListener.java:299)
	at org.springframework.boot.logging.LoggingApplicationListener.initialize(LoggingApplicationListener.java:272)
	at org.springframework.boot.logging.LoggingApplicationListener.onApplicationEnvironmentPreparedEvent(LoggingApplicationListener.java:235)
	at org.springframework.boot.logging.LoggingApplicationListener.onApplicationEvent(LoggingApplicationListener.java:208)
	at org.springframework.context.event.SimpleApplicationEventMulticaster.invokeListener(SimpleApplicationEventMulticaster.java:166)
	at org.springframework.context.event.SimpleApplicationEventMulticaster.multicastEvent(SimpleApplicationEventMulticaster.java:138)
	at org.springframework.context.event.SimpleApplicationEventMulticaster.multicastEvent(SimpleApplicationEventMulticaster.java:121)
	at org.springframework.boot.context.event.EventPublishingRunListener.environmentPrepared(EventPublishingRunListener.java:68)
	at org.springframework.boot.SpringApplicationRunListeners.environmentPrepared(SpringApplicationRunListeners.java:54)
	at org.springframework.boot.SpringApplication.prepareEnvironment(SpringApplication.java:337)
	at org.springframework.boot.SpringApplication.run(SpringApplication.java:308)
	at org.springframework.boot.SpringApplication.run(SpringApplication.java:1186)
	at org.springframework.boot.SpringApplication.run(SpringApplication.java:1175)
	at cn.fei.item.App.main(App.java:15)
2018-06-16 09:26:43 INFO  o.h.validator.internal.util.Version - HV000001: Hibernate Validator 5.2.4.Final 
2018-06-16 09:26:43 INFO  cn.fei.item.App - Starting App on byr216-PC with PID 2664 (G:\MyProject\target\classes started by byr216 in G:\MyProject) 
2018-06-16 09:26:43 INFO  cn.fei.item.App - No active profile set, falling back to default profiles: default 
2018-06-16 09:26:43 INFO  o.s.b.c.e.AnnotationConfigEmbeddedWebApplicationContext - Refreshing org.springframework.boot.context.embedded.AnnotationConfigEmbeddedWebApplicationContext@6ce90bc5: startup date [Sat Jun 16 09:26:43 CST 2018]; root of context hierarchy 
2018-06-16 09:26:45 INFO  o.s.c.s.PostProcessorRegistrationDelegate$BeanPostProcessorChecker - Bean 'shiroConfiguration' of type [class cn.fei.item.configuration.ShiroConfiguration$$EnhancerBySpringCGLIB$$43183de2] is not eligible for getting processed by all BeanPostProcessors (for example: not eligible for auto-proxying) 
2018-06-16 09:26:46 INFO  o.s.c.s.PostProcessorRegistrationDelegate$BeanPostProcessorChecker - Bean 'mybatis-org.mybatis.spring.boot.autoconfigure.MybatisProperties' of type [class org.mybatis.spring.boot.autoconfigure.MybatisProperties] is not eligible for getting processed by all BeanPostProcessors (for example: not eligible for auto-proxying) 
2018-06-16 09:26:46 INFO  o.s.c.s.PostProcessorRegistrationDelegate$BeanPostProcessorChecker - Bean 'org.mybatis.spring.boot.autoconfigure.MybatisAutoConfiguration' of type [class org.mybatis.spring.boot.autoconfigure.MybatisAutoConfiguration$$EnhancerBySpringCGLIB$$21c199c] is not eligible for getting processed by all BeanPostProcessors (for example: not eligible for auto-proxying) 
2018-06-16 09:26:46 INFO  o.s.c.s.PostProcessorRegistrationDelegate$BeanPostProcessorChecker - Bean 'org.springframework.boot.autoconfigure.jdbc.DataSourceConfiguration$Generic' of type [class org.springframework.boot.autoconfigure.jdbc.DataSourceConfiguration$Generic] is not eligible for getting processed by all BeanPostProcessors (for example: not eligible for auto-proxying) 
2018-06-16 09:26:46 INFO  o.s.c.s.PostProcessorRegistrationDelegate$BeanPostProcessorChecker - Bean 'spring.datasource-org.springframework.boot.autoconfigure.jdbc.DataSourceProperties' of type [class org.springframework.boot.autoconfigure.jdbc.DataSourceProperties] is not eligible for getting processed by all BeanPostProcessors (for example: not eligible for auto-proxying) 
2018-06-16 09:26:46 INFO  o.s.c.s.PostProcessorRegistrationDelegate$BeanPostProcessorChecker - Bean 'dataSource' of type [class com.alibaba.druid.pool.DruidDataSource] is not eligible for getting processed by all BeanPostProcessors (for example: not eligible for auto-proxying) 
2018-06-16 09:26:46 INFO  o.s.c.s.PostProcessorRegistrationDelegate$BeanPostProcessorChecker - Bean 'sqlSessionFactory' of type [class org.apache.ibatis.session.defaults.DefaultSqlSessionFactory] is not eligible for getting processed by all BeanPostProcessors (for example: not eligible for auto-proxying) 
2018-06-16 09:26:46 INFO  o.s.c.s.PostProcessorRegistrationDelegate$BeanPostProcessorChecker - Bean 'sqlSessionTemplate' of type [class org.mybatis.spring.SqlSessionTemplate] is not eligible for getting processed by all BeanPostProcessors (for example: not eligible for auto-proxying) 
2018-06-16 09:26:46 INFO  o.s.c.s.PostProcessorRegistrationDelegate$BeanPostProcessorChecker - Bean 'loginInfoMapper' of type [class org.mybatis.spring.mapper.MapperFactoryBean] is not eligible for getting processed by all BeanPostProcessors (for example: not eligible for auto-proxying) 
2018-06-16 09:26:46 INFO  o.s.c.s.PostProcessorRegistrationDelegate$BeanPostProcessorChecker - Bean 'loginInfoMapper' of type [class com.sun.proxy.$Proxy54] is not eligible for getting processed by all BeanPostProcessors (for example: not eligible for auto-proxying) 
2018-06-16 09:26:46 INFO  o.s.c.s.PostProcessorRegistrationDelegate$BeanPostProcessorChecker - Bean 'loginInfoServiceImpl' of type [class cn.fei.item.service.impl.LoginInfoServiceImpl] is not eligible for getting processed by all BeanPostProcessors (for example: not eligible for auto-proxying) 
2018-06-16 09:26:46 INFO  o.s.c.s.PostProcessorRegistrationDelegate$BeanPostProcessorChecker - Bean 'myShiroRealm' of type [class cn.fei.item.shiro.MyShiroRealm] is not eligible for getting processed by all BeanPostProcessors (for example: not eligible for auto-proxying) 
2018-06-16 09:26:46 INFO  o.s.c.s.PostProcessorRegistrationDelegate$BeanPostProcessorChecker - Bean 'sessionDao' of type [class cn.fei.item.shiro.MySessionDao] is not eligible for getting processed by all BeanPostProcessors (for example: not eligible for auto-proxying) 
2018-06-16 09:26:46 INFO  o.s.c.s.PostProcessorRegistrationDelegate$BeanPostProcessorChecker - Bean 'sessionManager' of type [class org.apache.shiro.web.session.mgt.DefaultWebSessionManager] is not eligible for getting processed by all BeanPostProcessors (for example: not eligible for auto-proxying) 
2018-06-16 09:26:46 INFO  o.s.c.e.EhCacheManagerFactoryBean - Initializing EhCache CacheManager 
2018-06-16 09:26:47 INFO  o.s.c.s.PostProcessorRegistrationDelegate$BeanPostProcessorChecker - Bean 'ehCacheManagerFactoryBean' of type [class org.springframework.cache.ehcache.EhCacheManagerFactoryBean] is not eligible for getting processed by all BeanPostProcessors (for example: not eligible for auto-proxying) 
2018-06-16 09:26:47 INFO  o.s.c.s.PostProcessorRegistrationDelegate$BeanPostProcessorChecker - Bean 'ehCacheManagerFactoryBean' of type [class net.sf.ehcache.CacheManager] is not eligible for getting processed by all BeanPostProcessors (for example: not eligible for auto-proxying) 
2018-06-16 09:26:47 INFO  o.s.c.s.PostProcessorRegistrationDelegate$BeanPostProcessorChecker - Bean 'getEhCacheManager' of type [class org.apache.shiro.cache.ehcache.EhCacheManager] is not eligible for getting processed by all BeanPostProcessors (for example: not eligible for auto-proxying) 
2018-06-16 09:26:47 INFO  o.a.s.cache.ehcache.EhCacheManager - Cache with name 'cn.fei.item.shiro.MyShiroRealm.authorizationCache' does not yet exist.  Creating now. 
2018-06-16 09:26:47 INFO  o.a.s.cache.ehcache.EhCacheManager - Added EhCache named [cn.fei.item.shiro.MyShiroRealm.authorizationCache] 
2018-06-16 09:26:47 INFO  o.s.c.s.PostProcessorRegistrationDelegate$BeanPostProcessorChecker - Bean 'securityManager' of type [class org.apache.shiro.web.mgt.DefaultWebSecurityManager] is not eligible for getting processed by all BeanPostProcessors (for example: not eligible for auto-proxying) 
2018-06-16 09:26:47 INFO  o.s.c.s.PostProcessorRegistrationDelegate$BeanPostProcessorChecker - Bean 'myFormAuthenticationFilter' of type [class cn.fei.item.shiro.MyFormAuthenticationFilter] is not eligible for getting processed by all BeanPostProcessors (for example: not eligible for auto-proxying) 
2018-06-16 09:26:47 INFO  o.s.c.s.PostProcessorRegistrationDelegate$BeanPostProcessorChecker - Bean 'org.springframework.transaction.annotation.ProxyTransactionManagementConfiguration' of type [class org.springframework.transaction.annotation.ProxyTransactionManagementConfiguration$$EnhancerBySpringCGLIB$$cf47c86c] is not eligible for getting processed by all BeanPostProcessors (for example: not eligible for auto-proxying) 
2018-06-16 09:26:47 INFO  o.s.c.s.PostProcessorRegistrationDelegate$BeanPostProcessorChecker - Bean 'authorizationAttributeSourceAdvisor' of type [class org.apache.shiro.spring.security.interceptor.AuthorizationAttributeSourceAdvisor] is not eligible for getting processed by all BeanPostProcessors (for example: not eligible for auto-proxying) 
2018-06-16 09:26:47 INFO  o.s.b.c.e.t.TomcatEmbeddedServletContainer - Tomcat initialized with port(s): 8080 (http) 
2018-06-16 09:26:48 INFO  o.a.catalina.core.StandardService - Starting service Tomcat 
2018-06-16 09:26:48 INFO  o.a.catalina.core.StandardEngine - Starting Servlet Engine: Apache Tomcat/8.5.6 
2018-06-16 09:26:48 INFO  o.a.c.c.C.[Tomcat].[localhost].[/] - Initializing Spring embedded WebApplicationContext 
2018-06-16 09:26:48 INFO  o.s.web.context.ContextLoader - Root WebApplicationContext: initialization completed in 4790 ms 
2018-06-16 09:26:48 INFO  o.s.b.w.s.ServletRegistrationBean - Mapping servlet: 'dispatcherServlet' to [/] 
2018-06-16 09:26:48 INFO  o.s.b.w.s.FilterRegistrationBean - Mapping filter: 'characterEncodingFilter' to: [/*] 
2018-06-16 09:26:48 INFO  o.s.b.w.s.FilterRegistrationBean - Mapping filter: 'hiddenHttpMethodFilter' to: [/*] 
2018-06-16 09:26:48 INFO  o.s.b.w.s.FilterRegistrationBean - Mapping filter: 'httpPutFormContentFilter' to: [/*] 
2018-06-16 09:26:48 INFO  o.s.b.w.s.FilterRegistrationBean - Mapping filter: 'requestContextFilter' to: [/*] 
2018-06-16 09:26:48 INFO  o.s.b.w.s.FilterRegistrationBean - Mapping filter: 'shiroFilter' to: [/*] 
2018-06-16 09:26:48 INFO  o.s.b.w.s.FilterRegistrationBean - Mapping filter: 'myFormAuthenticationFilter' to: [/*] 
2018-06-16 09:26:50 INFO  o.s.w.s.m.m.a.RequestMappingHandlerAdapter - Looking for @ControllerAdvice: org.springframework.boot.context.embedded.AnnotationConfigEmbeddedWebApplicationContext@6ce90bc5: startup date [Sat Jun 16 09:26:43 CST 2018]; root of context hierarchy 
2018-06-16 09:26:50 INFO  o.s.w.s.m.m.a.RequestMappingHandlerMapping - Mapped "{[/index]}" onto public java.lang.String cn.fei.item.web.controller.LoginController.index() 
2018-06-16 09:26:50 INFO  o.s.w.s.m.m.a.RequestMappingHandlerMapping - Mapped "{[/logout]}" onto public void cn.fei.item.web.controller.LoginController.logout() 
2018-06-16 09:26:50 INFO  o.s.w.s.m.m.a.RequestMappingHandlerMapping - Mapped "{[/cach]}" onto public java.lang.String cn.fei.item.web.controller.LoginController.getCach() 
2018-06-16 09:26:50 INFO  o.s.w.s.m.m.a.RequestMappingHandlerMapping - Mapped "{[/login]}" onto public java.lang.String cn.fei.item.web.controller.LoginController.login() 
2018-06-16 09:26:50 INFO  o.s.w.s.m.m.a.RequestMappingHandlerMapping - Mapped "{[/permission/reload]}" onto public java.lang.String cn.fei.item.web.controller.PermissionController.reload() 
2018-06-16 09:26:50 INFO  o.s.w.s.m.m.a.RequestMappingHandlerMapping - Mapped "{[/user/list]}" onto public java.lang.String cn.fei.item.web.controller.UserController.list() 
2018-06-16 09:26:50 INFO  o.s.w.s.m.m.a.RequestMappingHandlerMapping - Mapped "{[/user/test]}" onto public void cn.fei.item.web.controller.UserController.test() 
2018-06-16 09:26:50 INFO  o.s.w.s.m.m.a.RequestMappingHandlerMapping - Mapped "{[/error]}" onto public org.springframework.http.ResponseEntity<java.util.Map<java.lang.String, java.lang.Object>> org.springframework.boot.autoconfigure.web.BasicErrorController.error(javax.servlet.http.HttpServletRequest) 
2018-06-16 09:26:50 INFO  o.s.w.s.m.m.a.RequestMappingHandlerMapping - Mapped "{[/error],produces=[text/html]}" onto public org.springframework.web.servlet.ModelAndView org.springframework.boot.autoconfigure.web.BasicErrorController.errorHtml(javax.servlet.http.HttpServletRequest,javax.servlet.http.HttpServletResponse) 
2018-06-16 09:26:50 INFO  o.s.w.s.h.SimpleUrlHandlerMapping - Mapped URL path [/webjars/**] onto handler of type [class org.springframework.web.servlet.resource.ResourceHttpRequestHandler] 
2018-06-16 09:26:50 INFO  o.s.w.s.h.SimpleUrlHandlerMapping - Mapped URL path [/**] onto handler of type [class org.springframework.web.servlet.resource.ResourceHttpRequestHandler] 
2018-06-16 09:26:50 INFO  o.s.w.s.h.SimpleUrlHandlerMapping - Mapped URL path [/**/favicon.ico] onto handler of type [class org.springframework.web.servlet.resource.ResourceHttpRequestHandler] 
2018-06-16 09:26:51 INFO  o.s.j.e.a.AnnotationMBeanExporter - Registering beans for JMX exposure on startup 
2018-06-16 09:26:51 INFO  o.s.j.e.a.AnnotationMBeanExporter - Bean with name 'dataSource' has been autodetected for JMX exposure 
2018-06-16 09:26:51 INFO  o.s.j.e.a.AnnotationMBeanExporter - Located MBean 'dataSource': registering with JMX server as MBean [com.alibaba.druid.pool:name=dataSource,type=DruidDataSource] 
2018-06-16 09:26:51 INFO  o.a.coyote.http11.Http11NioProtocol - Initializing ProtocolHandler ["http-nio-8080"] 
2018-06-16 09:26:51 INFO  o.a.coyote.http11.Http11NioProtocol - Starting ProtocolHandler [http-nio-8080] 
2018-06-16 09:26:51 INFO  o.a.tomcat.util.net.NioSelectorPool - Using a shared selector for servlet write/read 
2018-06-16 09:26:51 INFO  o.s.b.c.e.t.TomcatEmbeddedServletContainer - Tomcat started on port(s): 8080 (http) 
2018-06-16 09:26:51 INFO  cn.fei.item.App - Started App in 9.918 seconds (JVM running for 16.347) 
2018-06-16 09:27:04 INFO  o.a.c.c.C.[Tomcat].[localhost].[/] - Initializing Spring FrameworkServlet 'dispatcherServlet' 
2018-06-16 09:27:04 INFO  o.s.web.servlet.DispatcherServlet - FrameworkServlet 'dispatcherServlet': initialization started 
2018-06-16 09:27:04 INFO  o.s.web.servlet.DispatcherServlet - FrameworkServlet 'dispatcherServlet': initialization completed in 31 ms 
2018-06-16 09:27:04 INFO  o.a.s.s.m.AbstractValidatingSessionManager - Enabling session validation scheduler... 
2018-06-16 09:27:04 INFO  o.a.s.cache.ehcache.EhCacheManager - Using existing EHCache named [shiro-activeSessionCache] 
2018-06-16 09:27:04 INFO  c.a.druid.pool.DruidDataSource - {dataSource-1} inited 
2018-06-16 09:27:04 DEBUG c.f.i.m.L.getByUsername - ==>  Preparing: SELECT id, username, password, user_id, is_admin, state FROM login_info WHERE username = ?  
2018-06-16 09:27:04 DEBUG c.f.i.m.L.getByUsername - ==> Parameters: zhangsan(String) 
2018-06-16 09:27:04 DEBUG c.f.i.m.L.getByUsername - <==      Total: 1 
2018-06-16 09:27:04 DEBUG c.f.i.m.U.selectByPrimaryKey - ==>  Preparing: select id, username, password, real_name, telephone from user where id = ?  
2018-06-16 09:27:04 DEBUG c.f.i.m.U.selectByPrimaryKey - ==> Parameters: 1(Long) 
2018-06-16 09:27:04 DEBUG c.f.i.m.U.selectByPrimaryKey - <==      Total: 1 
2018-06-16 09:27:25 ERROR c.f.i.w.controller.LoginController - aaaaaaaaaaaaaaaa 
2018-06-16 09:27:25 INFO  c.f.i.w.controller.LoginController - -------------info-------------- 
2018-06-16 09:31:55 INFO  o.h.validator.internal.util.Version - HV000001: Hibernate Validator 5.2.4.Final 
2018-06-16 09:31:55 INFO  cn.fei.item.App - Starting App on byr216-PC with PID 8676 (G:\MyProject\target\classes started by byr216 in G:\MyProject) 
2018-06-16 09:31:55 INFO  cn.fei.item.App - No active profile set, falling back to default profiles: default 
2018-06-16 09:31:55 INFO  o.s.b.c.e.AnnotationConfigEmbeddedWebApplicationContext - Refreshing org.springframework.boot.context.embedded.AnnotationConfigEmbeddedWebApplicationContext@37a64f9d: startup date [Sat Jun 16 09:31:55 CST 2018]; root of context hierarchy 
2018-06-16 09:31:57 INFO  o.s.c.s.PostProcessorRegistrationDelegate$BeanPostProcessorChecker - Bean 'shiroConfiguration' of type [class cn.fei.item.configuration.ShiroConfiguration$$EnhancerBySpringCGLIB$$1a89b416] is not eligible for getting processed by all BeanPostProcessors (for example: not eligible for auto-proxying) 
2018-06-16 09:31:58 INFO  o.s.c.s.PostProcessorRegistrationDelegate$BeanPostProcessorChecker - Bean 'mybatis-org.mybatis.spring.boot.autoconfigure.MybatisProperties' of type [class org.mybatis.spring.boot.autoconfigure.MybatisProperties] is not eligible for getting processed by all BeanPostProcessors (for example: not eligible for auto-proxying) 
2018-06-16 09:31:58 INFO  o.s.c.s.PostProcessorRegistrationDelegate$BeanPostProcessorChecker - Bean 'org.mybatis.spring.boot.autoconfigure.MybatisAutoConfiguration' of type [class org.mybatis.spring.boot.autoconfigure.MybatisAutoConfiguration$$EnhancerBySpringCGLIB$$d98d8fd0] is not eligible for getting processed by all BeanPostProcessors (for example: not eligible for auto-proxying) 
2018-06-16 09:31:58 INFO  o.s.c.s.PostProcessorRegistrationDelegate$BeanPostProcessorChecker - Bean 'org.springframework.boot.autoconfigure.jdbc.DataSourceConfiguration$Generic' of type [class org.springframework.boot.autoconfigure.jdbc.DataSourceConfiguration$Generic] is not eligible for getting processed by all BeanPostProcessors (for example: not eligible for auto-proxying) 
2018-06-16 09:31:58 INFO  o.s.c.s.PostProcessorRegistrationDelegate$BeanPostProcessorChecker - Bean 'spring.datasource-org.springframework.boot.autoconfigure.jdbc.DataSourceProperties' of type [class org.springframework.boot.autoconfigure.jdbc.DataSourceProperties] is not eligible for getting processed by all BeanPostProcessors (for example: not eligible for auto-proxying) 
2018-06-16 09:31:58 INFO  o.s.c.s.PostProcessorRegistrationDelegate$BeanPostProcessorChecker - Bean 'dataSource' of type [class com.alibaba.druid.pool.DruidDataSource] is not eligible for getting processed by all BeanPostProcessors (for example: not eligible for auto-proxying) 
2018-06-16 09:31:58 INFO  o.s.c.s.PostProcessorRegistrationDelegate$BeanPostProcessorChecker - Bean 'sqlSessionFactory' of type [class org.apache.ibatis.session.defaults.DefaultSqlSessionFactory] is not eligible for getting processed by all BeanPostProcessors (for example: not eligible for auto-proxying) 
2018-06-16 09:31:58 INFO  o.s.c.s.PostProcessorRegistrationDelegate$BeanPostProcessorChecker - Bean 'sqlSessionTemplate' of type [class org.mybatis.spring.SqlSessionTemplate] is not eligible for getting processed by all BeanPostProcessors (for example: not eligible for auto-proxying) 
2018-06-16 09:31:58 INFO  o.s.c.s.PostProcessorRegistrationDelegate$BeanPostProcessorChecker - Bean 'loginInfoMapper' of type [class org.mybatis.spring.mapper.MapperFactoryBean] is not eligible for getting processed by all BeanPostProcessors (for example: not eligible for auto-proxying) 
2018-06-16 09:31:58 INFO  o.s.c.s.PostProcessorRegistrationDelegate$BeanPostProcessorChecker - Bean 'loginInfoMapper' of type [class com.sun.proxy.$Proxy54] is not eligible for getting processed by all BeanPostProcessors (for example: not eligible for auto-proxying) 
2018-06-16 09:31:58 INFO  o.s.c.s.PostProcessorRegistrationDelegate$BeanPostProcessorChecker - Bean 'loginInfoServiceImpl' of type [class cn.fei.item.service.impl.LoginInfoServiceImpl] is not eligible for getting processed by all BeanPostProcessors (for example: not eligible for auto-proxying) 
2018-06-16 09:31:58 INFO  o.s.c.s.PostProcessorRegistrationDelegate$BeanPostProcessorChecker - Bean 'myShiroRealm' of type [class cn.fei.item.shiro.MyShiroRealm] is not eligible for getting processed by all BeanPostProcessors (for example: not eligible for auto-proxying) 
2018-06-16 09:31:58 INFO  o.s.c.s.PostProcessorRegistrationDelegate$BeanPostProcessorChecker - Bean 'sessionDao' of type [class cn.fei.item.shiro.MySessionDao] is not eligible for getting processed by all BeanPostProcessors (for example: not eligible for auto-proxying) 
2018-06-16 09:31:58 INFO  o.s.c.s.PostProcessorRegistrationDelegate$BeanPostProcessorChecker - Bean 'sessionManager' of type [class org.apache.shiro.web.session.mgt.DefaultWebSessionManager] is not eligible for getting processed by all BeanPostProcessors (for example: not eligible for auto-proxying) 
2018-06-16 09:31:58 INFO  o.s.c.e.EhCacheManagerFactoryBean - Initializing EhCache CacheManager 
2018-06-16 09:31:59 INFO  o.s.c.s.PostProcessorRegistrationDelegate$BeanPostProcessorChecker - Bean 'ehCacheManagerFactoryBean' of type [class org.springframework.cache.ehcache.EhCacheManagerFactoryBean] is not eligible for getting processed by all BeanPostProcessors (for example: not eligible for auto-proxying) 
2018-06-16 09:31:59 INFO  o.s.c.s.PostProcessorRegistrationDelegate$BeanPostProcessorChecker - Bean 'ehCacheManagerFactoryBean' of type [class net.sf.ehcache.CacheManager] is not eligible for getting processed by all BeanPostProcessors (for example: not eligible for auto-proxying) 
2018-06-16 09:31:59 INFO  o.s.c.s.PostProcessorRegistrationDelegate$BeanPostProcessorChecker - Bean 'getEhCacheManager' of type [class org.apache.shiro.cache.ehcache.EhCacheManager] is not eligible for getting processed by all BeanPostProcessors (for example: not eligible for auto-proxying) 
2018-06-16 09:31:59 INFO  o.a.s.cache.ehcache.EhCacheManager - Cache with name 'cn.fei.item.shiro.MyShiroRealm.authorizationCache' does not yet exist.  Creating now. 
2018-06-16 09:31:59 INFO  o.a.s.cache.ehcache.EhCacheManager - Added EhCache named [cn.fei.item.shiro.MyShiroRealm.authorizationCache] 
2018-06-16 09:31:59 INFO  o.s.c.s.PostProcessorRegistrationDelegate$BeanPostProcessorChecker - Bean 'securityManager' of type [class org.apache.shiro.web.mgt.DefaultWebSecurityManager] is not eligible for getting processed by all BeanPostProcessors (for example: not eligible for auto-proxying) 
2018-06-16 09:31:59 INFO  o.s.c.s.PostProcessorRegistrationDelegate$BeanPostProcessorChecker - Bean 'myFormAuthenticationFilter' of type [class cn.fei.item.shiro.MyFormAuthenticationFilter] is not eligible for getting processed by all BeanPostProcessors (for example: not eligible for auto-proxying) 
2018-06-16 09:31:59 INFO  o.s.c.s.PostProcessorRegistrationDelegate$BeanPostProcessorChecker - Bean 'org.springframework.transaction.annotation.ProxyTransactionManagementConfiguration' of type [class org.springframework.transaction.annotation.ProxyTransactionManagementConfiguration$$EnhancerBySpringCGLIB$$a6b93ea0] is not eligible for getting processed by all BeanPostProcessors (for example: not eligible for auto-proxying) 
2018-06-16 09:31:59 INFO  o.s.c.s.PostProcessorRegistrationDelegate$BeanPostProcessorChecker - Bean 'authorizationAttributeSourceAdvisor' of type [class org.apache.shiro.spring.security.interceptor.AuthorizationAttributeSourceAdvisor] is not eligible for getting processed by all BeanPostProcessors (for example: not eligible for auto-proxying) 
2018-06-16 09:32:00 INFO  o.s.b.c.e.t.TomcatEmbeddedServletContainer - Tomcat initialized with port(s): 8080 (http) 
2018-06-16 09:32:00 INFO  o.a.catalina.core.StandardService - Starting service Tomcat 
2018-06-16 09:32:00 INFO  o.a.catalina.core.StandardEngine - Starting Servlet Engine: Apache Tomcat/8.5.6 
2018-06-16 09:32:00 INFO  o.a.c.c.C.[Tomcat].[localhost].[/] - Initializing Spring embedded WebApplicationContext 
2018-06-16 09:32:00 INFO  o.s.web.context.ContextLoader - Root WebApplicationContext: initialization completed in 4780 ms 
2018-06-16 09:32:00 INFO  o.s.b.w.s.ServletRegistrationBean - Mapping servlet: 'dispatcherServlet' to [/] 
2018-06-16 09:32:00 INFO  o.s.b.w.s.FilterRegistrationBean - Mapping filter: 'characterEncodingFilter' to: [/*] 
2018-06-16 09:32:00 INFO  o.s.b.w.s.FilterRegistrationBean - Mapping filter: 'hiddenHttpMethodFilter' to: [/*] 
2018-06-16 09:32:00 INFO  o.s.b.w.s.FilterRegistrationBean - Mapping filter: 'httpPutFormContentFilter' to: [/*] 
2018-06-16 09:32:00 INFO  o.s.b.w.s.FilterRegistrationBean - Mapping filter: 'requestContextFilter' to: [/*] 
2018-06-16 09:32:00 INFO  o.s.b.w.s.FilterRegistrationBean - Mapping filter: 'shiroFilter' to: [/*] 
2018-06-16 09:32:00 INFO  o.s.b.w.s.FilterRegistrationBean - Mapping filter: 'myFormAuthenticationFilter' to: [/*] 
2018-06-16 09:32:02 INFO  o.s.w.s.m.m.a.RequestMappingHandlerAdapter - Looking for @ControllerAdvice: org.springframework.boot.context.embedded.AnnotationConfigEmbeddedWebApplicationContext@37a64f9d: startup date [Sat Jun 16 09:31:55 CST 2018]; root of context hierarchy 
2018-06-16 09:32:02 INFO  o.s.w.s.m.m.a.RequestMappingHandlerMapping - Mapped "{[/index]}" onto public java.lang.String cn.fei.item.web.controller.LoginController.index() 
2018-06-16 09:32:02 INFO  o.s.w.s.m.m.a.RequestMappingHandlerMapping - Mapped "{[/logout]}" onto public void cn.fei.item.web.controller.LoginController.logout() 
2018-06-16 09:32:02 INFO  o.s.w.s.m.m.a.RequestMappingHandlerMapping - Mapped "{[/cach]}" onto public java.lang.String cn.fei.item.web.controller.LoginController.getCach() 
2018-06-16 09:32:02 INFO  o.s.w.s.m.m.a.RequestMappingHandlerMapping - Mapped "{[/login]}" onto public java.lang.String cn.fei.item.web.controller.LoginController.login() 
2018-06-16 09:32:02 INFO  o.s.w.s.m.m.a.RequestMappingHandlerMapping - Mapped "{[/permission/reload]}" onto public java.lang.String cn.fei.item.web.controller.PermissionController.reload() 
2018-06-16 09:32:02 INFO  o.s.w.s.m.m.a.RequestMappingHandlerMapping - Mapped "{[/user/list]}" onto public java.lang.String cn.fei.item.web.controller.UserController.list() 
2018-06-16 09:32:02 INFO  o.s.w.s.m.m.a.RequestMappingHandlerMapping - Mapped "{[/user/test]}" onto public void cn.fei.item.web.controller.UserController.test() 
2018-06-16 09:32:02 INFO  o.s.w.s.m.m.a.RequestMappingHandlerMapping - Mapped "{[/error]}" onto public org.springframework.http.ResponseEntity<java.util.Map<java.lang.String, java.lang.Object>> org.springframework.boot.autoconfigure.web.BasicErrorController.error(javax.servlet.http.HttpServletRequest) 
2018-06-16 09:32:02 INFO  o.s.w.s.m.m.a.RequestMappingHandlerMapping - Mapped "{[/error],produces=[text/html]}" onto public org.springframework.web.servlet.ModelAndView org.springframework.boot.autoconfigure.web.BasicErrorController.errorHtml(javax.servlet.http.HttpServletRequest,javax.servlet.http.HttpServletResponse) 
2018-06-16 09:32:02 INFO  o.s.w.s.h.SimpleUrlHandlerMapping - Mapped URL path [/webjars/**] onto handler of type [class org.springframework.web.servlet.resource.ResourceHttpRequestHandler] 
2018-06-16 09:32:02 INFO  o.s.w.s.h.SimpleUrlHandlerMapping - Mapped URL path [/**] onto handler of type [class org.springframework.web.servlet.resource.ResourceHttpRequestHandler] 
2018-06-16 09:32:02 INFO  o.s.w.s.h.SimpleUrlHandlerMapping - Mapped URL path [/**/favicon.ico] onto handler of type [class org.springframework.web.servlet.resource.ResourceHttpRequestHandler] 
2018-06-16 09:32:03 INFO  o.s.j.e.a.AnnotationMBeanExporter - Registering beans for JMX exposure on startup 
2018-06-16 09:32:03 INFO  o.s.j.e.a.AnnotationMBeanExporter - Bean with name 'dataSource' has been autodetected for JMX exposure 
2018-06-16 09:32:03 INFO  o.s.j.e.a.AnnotationMBeanExporter - Located MBean 'dataSource': registering with JMX server as MBean [com.alibaba.druid.pool:name=dataSource,type=DruidDataSource] 
2018-06-16 09:32:03 INFO  o.a.coyote.http11.Http11NioProtocol - Initializing ProtocolHandler ["http-nio-8080"] 
2018-06-16 09:32:03 INFO  o.a.coyote.http11.Http11NioProtocol - Starting ProtocolHandler [http-nio-8080] 
2018-06-16 09:32:03 INFO  o.a.tomcat.util.net.NioSelectorPool - Using a shared selector for servlet write/read 
2018-06-16 09:32:03 INFO  o.s.b.c.e.t.TomcatEmbeddedServletContainer - Tomcat started on port(s): 8080 (http) 
2018-06-16 09:32:03 INFO  cn.fei.item.App - Started App in 9.919 seconds (JVM running for 16.246) 
2018-06-16 09:32:10 INFO  o.a.c.c.C.[Tomcat].[localhost].[/] - Initializing Spring FrameworkServlet 'dispatcherServlet' 
2018-06-16 09:32:10 INFO  o.s.web.servlet.DispatcherServlet - FrameworkServlet 'dispatcherServlet': initialization started 
2018-06-16 09:32:10 INFO  o.s.web.servlet.DispatcherServlet - FrameworkServlet 'dispatcherServlet': initialization completed in 33 ms 
2018-06-16 09:32:10 INFO  o.a.s.s.m.AbstractValidatingSessionManager - Enabling session validation scheduler... 
2018-06-16 09:32:10 INFO  c.a.druid.pool.DruidDataSource - {dataSource-1} inited 
2018-06-16 09:32:10 DEBUG c.f.i.m.L.getByUsername - ==>  Preparing: SELECT id, username, password, user_id, is_admin, state FROM login_info WHERE username = ?  
2018-06-16 09:32:11 DEBUG c.f.i.m.L.getByUsername - ==> Parameters: zhangsan(String) 
2018-06-16 09:32:11 DEBUG c.f.i.m.L.getByUsername - <==      Total: 1 
2018-06-16 09:32:11 INFO  o.a.s.cache.ehcache.EhCacheManager - Using existing EHCache named [shiro-activeSessionCache] 
2018-06-16 09:32:11 DEBUG c.f.i.m.U.selectByPrimaryKey - ==>  Preparing: select id, username, password, real_name, telephone from user where id = ?  
2018-06-16 09:32:11 DEBUG c.f.i.m.U.selectByPrimaryKey - ==> Parameters: 1(Long) 
2018-06-16 09:32:11 DEBUG c.f.i.m.U.selectByPrimaryKey - <==      Total: 1 
2018-06-16 09:32:26 ERROR c.f.i.w.controller.LoginController - aaaaaaaaaaaaaaaa 
2018-06-16 09:32:26 INFO  c.f.i.w.controller.LoginController - -------------info-------------- 
2018-06-16 09:32:57 WARN  o.s.c.a.ClassPathScanningCandidateComponentProvider - No MyBatis mapper was found in '[cn.fei.item.mapper]' package. Please check your configuration. 
2018-06-16 09:32:58 DEBUG c.f.i.m.L.getByUsername - ==>  Preparing: SELECT id, username, password, user_id, is_admin, state FROM login_info WHERE username = ?  
2018-06-16 09:32:58 DEBUG c.f.i.m.L.getByUsername - ==> Parameters: zhangsan(String) 
2018-06-16 09:32:58 DEBUG c.f.i.m.L.getByUsername - <==      Total: 1 
2018-06-16 09:32:58 DEBUG c.f.i.m.U.selectByPrimaryKey - ==>  Preparing: select id, username, password, real_name, telephone from user where id = ?  
2018-06-16 09:32:58 DEBUG c.f.i.m.U.selectByPrimaryKey - ==> Parameters: 1(Long) 
2018-06-16 09:32:58 DEBUG c.f.i.m.U.selectByPrimaryKey - <==      Total: 1 
2018-06-16 09:33:19 INFO  o.s.w.s.h.SimpleUrlHandlerMapping - Mapped URL path [/**/favicon.ico] onto handler of type [class org.springframework.web.servlet.resource.ResourceHttpRequestHandler] 
2018-06-16 09:33:58 INFO  o.h.validator.internal.util.Version - HV000001: Hibernate Validator 5.2.4.Final 
2018-06-16 09:33:58 INFO  cn.fei.item.App - Starting App on byr216-PC with PID 7852 (G:\MyProject\target\classes started by byr216 in G:\MyProject) 
2018-06-16 09:33:58 INFO  cn.fei.item.App - No active profile set, falling back to default profiles: default 
2018-06-16 09:33:59 INFO  o.s.b.c.e.AnnotationConfigEmbeddedWebApplicationContext - Refreshing org.springframework.boot.context.embedded.AnnotationConfigEmbeddedWebApplicationContext@1450078a: startup date [Sat Jun 16 09:33:59 CST 2018]; root of context hierarchy 
2018-06-16 09:34:01 INFO  o.s.c.s.PostProcessorRegistrationDelegate$BeanPostProcessorChecker - Bean 'shiroConfiguration' of type [class cn.fei.item.configuration.ShiroConfiguration$$EnhancerBySpringCGLIB$$ebe40a6c] is not eligible for getting processed by all BeanPostProcessors (for example: not eligible for auto-proxying) 
2018-06-16 09:34:02 INFO  o.s.c.s.PostProcessorRegistrationDelegate$BeanPostProcessorChecker - Bean 'mybatis-org.mybatis.spring.boot.autoconfigure.MybatisProperties' of type [class org.mybatis.spring.boot.autoconfigure.MybatisProperties] is not eligible for getting processed by all BeanPostProcessors (for example: not eligible for auto-proxying) 
2018-06-16 09:34:02 INFO  o.s.c.s.PostProcessorRegistrationDelegate$BeanPostProcessorChecker - Bean 'org.mybatis.spring.boot.autoconfigure.MybatisAutoConfiguration' of type [class org.mybatis.spring.boot.autoconfigure.MybatisAutoConfiguration$$EnhancerBySpringCGLIB$$aae7e626] is not eligible for getting processed by all BeanPostProcessors (for example: not eligible for auto-proxying) 
2018-06-16 09:34:02 INFO  o.s.c.s.PostProcessorRegistrationDelegate$BeanPostProcessorChecker - Bean 'org.springframework.boot.autoconfigure.jdbc.DataSourceConfiguration$Generic' of type [class org.springframework.boot.autoconfigure.jdbc.DataSourceConfiguration$Generic] is not eligible for getting processed by all BeanPostProcessors (for example: not eligible for auto-proxying) 
2018-06-16 09:34:02 INFO  o.s.c.s.PostProcessorRegistrationDelegate$BeanPostProcessorChecker - Bean 'spring.datasource-org.springframework.boot.autoconfigure.jdbc.DataSourceProperties' of type [class org.springframework.boot.autoconfigure.jdbc.DataSourceProperties] is not eligible for getting processed by all BeanPostProcessors (for example: not eligible for auto-proxying) 
2018-06-16 09:34:02 INFO  o.s.c.s.PostProcessorRegistrationDelegate$BeanPostProcessorChecker - Bean 'dataSource' of type [class com.alibaba.druid.pool.DruidDataSource] is not eligible for getting processed by all BeanPostProcessors (for example: not eligible for auto-proxying) 
2018-06-16 09:34:02 INFO  o.s.c.s.PostProcessorRegistrationDelegate$BeanPostProcessorChecker - Bean 'sqlSessionFactory' of type [class org.apache.ibatis.session.defaults.DefaultSqlSessionFactory] is not eligible for getting processed by all BeanPostProcessors (for example: not eligible for auto-proxying) 
2018-06-16 09:34:02 INFO  o.s.c.s.PostProcessorRegistrationDelegate$BeanPostProcessorChecker - Bean 'sqlSessionTemplate' of type [class org.mybatis.spring.SqlSessionTemplate] is not eligible for getting processed by all BeanPostProcessors (for example: not eligible for auto-proxying) 
2018-06-16 09:34:02 INFO  o.s.c.s.PostProcessorRegistrationDelegate$BeanPostProcessorChecker - Bean 'loginInfoMapper' of type [class org.mybatis.spring.mapper.MapperFactoryBean] is not eligible for getting processed by all BeanPostProcessors (for example: not eligible for auto-proxying) 
2018-06-16 09:34:02 INFO  o.s.c.s.PostProcessorRegistrationDelegate$BeanPostProcessorChecker - Bean 'loginInfoMapper' of type [class com.sun.proxy.$Proxy54] is not eligible for getting processed by all BeanPostProcessors (for example: not eligible for auto-proxying) 
2018-06-16 09:34:02 INFO  o.s.c.s.PostProcessorRegistrationDelegate$BeanPostProcessorChecker - Bean 'loginInfoServiceImpl' of type [class cn.fei.item.service.impl.LoginInfoServiceImpl] is not eligible for getting processed by all BeanPostProcessors (for example: not eligible for auto-proxying) 
2018-06-16 09:34:02 INFO  o.s.c.s.PostProcessorRegistrationDelegate$BeanPostProcessorChecker - Bean 'myShiroRealm' of type [class cn.fei.item.shiro.MyShiroRealm] is not eligible for getting processed by all BeanPostProcessors (for example: not eligible for auto-proxying) 
2018-06-16 09:34:02 INFO  o.s.c.s.PostProcessorRegistrationDelegate$BeanPostProcessorChecker - Bean 'sessionDao' of type [class cn.fei.item.shiro.MySessionDao] is not eligible for getting processed by all BeanPostProcessors (for example: not eligible for auto-proxying) 
2018-06-16 09:34:02 INFO  o.s.c.s.PostProcessorRegistrationDelegate$BeanPostProcessorChecker - Bean 'sessionManager' of type [class org.apache.shiro.web.session.mgt.DefaultWebSessionManager] is not eligible for getting processed by all BeanPostProcessors (for example: not eligible for auto-proxying) 
2018-06-16 09:34:02 INFO  o.s.c.e.EhCacheManagerFactoryBean - Initializing EhCache CacheManager 
2018-06-16 09:34:03 INFO  o.s.c.s.PostProcessorRegistrationDelegate$BeanPostProcessorChecker - Bean 'ehCacheManagerFactoryBean' of type [class org.springframework.cache.ehcache.EhCacheManagerFactoryBean] is not eligible for getting processed by all BeanPostProcessors (for example: not eligible for auto-proxying) 
2018-06-16 09:34:03 INFO  o.s.c.s.PostProcessorRegistrationDelegate$BeanPostProcessorChecker - Bean 'ehCacheManagerFactoryBean' of type [class net.sf.ehcache.CacheManager] is not eligible for getting processed by all BeanPostProcessors (for example: not eligible for auto-proxying) 
2018-06-16 09:34:03 INFO  o.s.c.s.PostProcessorRegistrationDelegate$BeanPostProcessorChecker - Bean 'getEhCacheManager' of type [class org.apache.shiro.cache.ehcache.EhCacheManager] is not eligible for getting processed by all BeanPostProcessors (for example: not eligible for auto-proxying) 
2018-06-16 09:34:03 INFO  o.a.s.cache.ehcache.EhCacheManager - Cache with name 'cn.fei.item.shiro.MyShiroRealm.authorizationCache' does not yet exist.  Creating now. 
2018-06-16 09:34:03 INFO  o.a.s.cache.ehcache.EhCacheManager - Added EhCache named [cn.fei.item.shiro.MyShiroRealm.authorizationCache] 
2018-06-16 09:34:03 INFO  o.s.c.s.PostProcessorRegistrationDelegate$BeanPostProcessorChecker - Bean 'securityManager' of type [class org.apache.shiro.web.mgt.DefaultWebSecurityManager] is not eligible for getting processed by all BeanPostProcessors (for example: not eligible for auto-proxying) 
2018-06-16 09:34:03 INFO  o.s.c.s.PostProcessorRegistrationDelegate$BeanPostProcessorChecker - Bean 'myFormAuthenticationFilter' of type [class cn.fei.item.shiro.MyFormAuthenticationFilter] is not eligible for getting processed by all BeanPostProcessors (for example: not eligible for auto-proxying) 
2018-06-16 09:34:03 INFO  o.s.c.s.PostProcessorRegistrationDelegate$BeanPostProcessorChecker - Bean 'org.springframework.transaction.annotation.ProxyTransactionManagementConfiguration' of type [class org.springframework.transaction.annotation.ProxyTransactionManagementConfiguration$$EnhancerBySpringCGLIB$$781394f6] is not eligible for getting processed by all BeanPostProcessors (for example: not eligible for auto-proxying) 
2018-06-16 09:34:03 INFO  o.s.c.s.PostProcessorRegistrationDelegate$BeanPostProcessorChecker - Bean 'authorizationAttributeSourceAdvisor' of type [class org.apache.shiro.spring.security.interceptor.AuthorizationAttributeSourceAdvisor] is not eligible for getting processed by all BeanPostProcessors (for example: not eligible for auto-proxying) 
2018-06-16 09:34:03 INFO  o.s.b.c.e.t.TomcatEmbeddedServletContainer - Tomcat initialized with port(s): 8080 (http) 
2018-06-16 09:34:03 INFO  o.a.catalina.core.StandardService - Starting service Tomcat 
2018-06-16 09:34:03 INFO  o.a.catalina.core.StandardEngine - Starting Servlet Engine: Apache Tomcat/8.5.6 
2018-06-16 09:34:04 INFO  o.a.c.c.C.[Tomcat].[localhost].[/] - Initializing Spring embedded WebApplicationContext 
2018-06-16 09:34:04 INFO  o.s.web.context.ContextLoader - Root WebApplicationContext: initialization completed in 5315 ms 
2018-06-16 09:34:04 INFO  o.s.b.w.s.ServletRegistrationBean - Mapping servlet: 'dispatcherServlet' to [/] 
2018-06-16 09:34:04 INFO  o.s.b.w.s.FilterRegistrationBean - Mapping filter: 'characterEncodingFilter' to: [/*] 
2018-06-16 09:34:04 INFO  o.s.b.w.s.FilterRegistrationBean - Mapping filter: 'hiddenHttpMethodFilter' to: [/*] 
2018-06-16 09:34:04 INFO  o.s.b.w.s.FilterRegistrationBean - Mapping filter: 'httpPutFormContentFilter' to: [/*] 
2018-06-16 09:34:04 INFO  o.s.b.w.s.FilterRegistrationBean - Mapping filter: 'requestContextFilter' to: [/*] 
2018-06-16 09:34:04 INFO  o.s.b.w.s.FilterRegistrationBean - Mapping filter: 'shiroFilter' to: [/*] 
2018-06-16 09:34:04 INFO  o.s.b.w.s.FilterRegistrationBean - Mapping filter: 'myFormAuthenticationFilter' to: [/*] 
2018-06-16 09:34:06 INFO  o.s.w.s.m.m.a.RequestMappingHandlerAdapter - Looking for @ControllerAdvice: org.springframework.boot.context.embedded.AnnotationConfigEmbeddedWebApplicationContext@1450078a: startup date [Sat Jun 16 09:33:59 CST 2018]; root of context hierarchy 
2018-06-16 09:34:06 INFO  o.s.w.s.m.m.a.RequestMappingHandlerMapping - Mapped "{[/index]}" onto public java.lang.String cn.fei.item.web.controller.LoginController.index() 
2018-06-16 09:34:06 INFO  o.s.w.s.m.m.a.RequestMappingHandlerMapping - Mapped "{[/logout]}" onto public void cn.fei.item.web.controller.LoginController.logout() 
2018-06-16 09:34:06 INFO  o.s.w.s.m.m.a.RequestMappingHandlerMapping - Mapped "{[/login]}" onto public java.lang.String cn.fei.item.web.controller.LoginController.login() 
2018-06-16 09:34:06 INFO  o.s.w.s.m.m.a.RequestMappingHandlerMapping - Mapped "{[/cach]}" onto public java.lang.String cn.fei.item.web.controller.LoginController.getCach() 
2018-06-16 09:34:06 INFO  o.s.w.s.m.m.a.RequestMappingHandlerMapping - Mapped "{[/permission/reload]}" onto public java.lang.String cn.fei.item.web.controller.PermissionController.reload() 
2018-06-16 09:34:06 INFO  o.s.w.s.m.m.a.RequestMappingHandlerMapping - Mapped "{[/user/list]}" onto public java.lang.String cn.fei.item.web.controller.UserController.list() 
2018-06-16 09:34:06 INFO  o.s.w.s.m.m.a.RequestMappingHandlerMapping - Mapped "{[/user/test]}" onto public void cn.fei.item.web.controller.UserController.test() 
2018-06-16 09:34:06 INFO  o.s.w.s.m.m.a.RequestMappingHandlerMapping - Mapped "{[/error]}" onto public org.springframework.http.ResponseEntity<java.util.Map<java.lang.String, java.lang.Object>> org.springframework.boot.autoconfigure.web.BasicErrorController.error(javax.servlet.http.HttpServletRequest) 
2018-06-16 09:34:06 INFO  o.s.w.s.m.m.a.RequestMappingHandlerMapping - Mapped "{[/error],produces=[text/html]}" onto public org.springframework.web.servlet.ModelAndView org.springframework.boot.autoconfigure.web.BasicErrorController.errorHtml(javax.servlet.http.HttpServletRequest,javax.servlet.http.HttpServletResponse) 
2018-06-16 09:34:06 INFO  o.s.w.s.h.SimpleUrlHandlerMapping - Mapped URL path [/webjars/**] onto handler of type [class org.springframework.web.servlet.resource.ResourceHttpRequestHandler] 
2018-06-16 09:34:06 INFO  o.s.w.s.h.SimpleUrlHandlerMapping - Mapped URL path [/**] onto handler of type [class org.springframework.web.servlet.resource.ResourceHttpRequestHandler] 
2018-06-16 09:34:06 INFO  o.s.w.s.h.SimpleUrlHandlerMapping - Mapped URL path [/**/favicon.ico] onto handler of type [class org.springframework.web.servlet.resource.ResourceHttpRequestHandler] 
2018-06-16 09:34:07 INFO  o.s.j.e.a.AnnotationMBeanExporter - Registering beans for JMX exposure on startup 
2018-06-16 09:34:07 INFO  o.s.j.e.a.AnnotationMBeanExporter - Bean with name 'dataSource' has been autodetected for JMX exposure 
2018-06-16 09:34:07 INFO  o.s.j.e.a.AnnotationMBeanExporter - Located MBean 'dataSource': registering with JMX server as MBean [com.alibaba.druid.pool:name=dataSource,type=DruidDataSource] 
2018-06-16 09:34:07 INFO  o.a.coyote.http11.Http11NioProtocol - Initializing ProtocolHandler ["http-nio-8080"] 
2018-06-16 09:34:07 INFO  o.a.coyote.http11.Http11NioProtocol - Starting ProtocolHandler [http-nio-8080] 
2018-06-16 09:34:07 INFO  o.a.tomcat.util.net.NioSelectorPool - Using a shared selector for servlet write/read 
2018-06-16 09:34:07 INFO  o.s.b.c.e.t.TomcatEmbeddedServletContainer - Tomcat started on port(s): 8080 (http) 
2018-06-16 09:34:07 INFO  cn.fei.item.App - Started App in 11.332 seconds (JVM running for 18.142) 
