2018-06-19 21:54:34 INFO  o.h.validator.internal.util.Version - HV000001: Hibernate Validator 5.2.4.Final 
2018-06-19 21:54:35 INFO  cn.fei.item.App - Starting App on byr216-PC with PID 2760 (G:\MyProject\target\classes started by byr216 in G:\MyProject) 
2018-06-19 21:54:35 INFO  cn.fei.item.App - No active profile set, falling back to default profiles: default 
2018-06-19 21:54:35 INFO  o.s.b.c.e.AnnotationConfigEmbeddedWebApplicationContext - Refreshing org.springframework.boot.context.embedded.AnnotationConfigEmbeddedWebApplicationContext@25c5e994: startup date [Tue Jun 19 21:54:35 CST 2018]; root of context hierarchy 
2018-06-19 21:54:39 INFO  o.s.c.s.PostProcessorRegistrationDelegate$BeanPostProcessorChecker - Bean 'shiroConfiguration' of type [class cn.fei.item.configuration.ShiroConfiguration$$EnhancerBySpringCGLIB$$2abdc395] is not eligible for getting processed by all BeanPostProcessors (for example: not eligible for auto-proxying) 
2018-06-19 21:54:40 INFO  o.s.c.s.PostProcessorRegistrationDelegate$BeanPostProcessorChecker - Bean 'mybatis-org.mybatis.spring.boot.autoconfigure.MybatisProperties' of type [class org.mybatis.spring.boot.autoconfigure.MybatisProperties] is not eligible for getting processed by all BeanPostProcessors (for example: not eligible for auto-proxying) 
2018-06-19 21:54:40 INFO  o.s.c.s.PostProcessorRegistrationDelegate$BeanPostProcessorChecker - Bean 'org.mybatis.spring.boot.autoconfigure.MybatisAutoConfiguration' of type [class org.mybatis.spring.boot.autoconfigure.MybatisAutoConfiguration$$EnhancerBySpringCGLIB$$e9c19f4f] is not eligible for getting processed by all BeanPostProcessors (for example: not eligible for auto-proxying) 
2018-06-19 21:54:40 INFO  o.s.c.s.PostProcessorRegistrationDelegate$BeanPostProcessorChecker - Bean 'org.springframework.boot.autoconfigure.jdbc.DataSourceConfiguration$Generic' of type [class org.springframework.boot.autoconfigure.jdbc.DataSourceConfiguration$Generic] is not eligible for getting processed by all BeanPostProcessors (for example: not eligible for auto-proxying) 
2018-06-19 21:54:40 INFO  o.s.c.s.PostProcessorRegistrationDelegate$BeanPostProcessorChecker - Bean 'spring.datasource-org.springframework.boot.autoconfigure.jdbc.DataSourceProperties' of type [class org.springframework.boot.autoconfigure.jdbc.DataSourceProperties] is not eligible for getting processed by all BeanPostProcessors (for example: not eligible for auto-proxying) 
2018-06-19 21:54:40 INFO  o.s.c.s.PostProcessorRegistrationDelegate$BeanPostProcessorChecker - Bean 'dataSource' of type [class com.alibaba.druid.pool.DruidDataSource] is not eligible for getting processed by all BeanPostProcessors (for example: not eligible for auto-proxying) 
2018-06-19 21:54:41 INFO  o.s.c.s.PostProcessorRegistrationDelegate$BeanPostProcessorChecker - Bean 'sqlSessionFactory' of type [class org.apache.ibatis.session.defaults.DefaultSqlSessionFactory] is not eligible for getting processed by all BeanPostProcessors (for example: not eligible for auto-proxying) 
2018-06-19 21:54:41 INFO  o.s.c.s.PostProcessorRegistrationDelegate$BeanPostProcessorChecker - Bean 'sqlSessionTemplate' of type [class org.mybatis.spring.SqlSessionTemplate] is not eligible for getting processed by all BeanPostProcessors (for example: not eligible for auto-proxying) 
2018-06-19 21:54:41 INFO  o.s.c.s.PostProcessorRegistrationDelegate$BeanPostProcessorChecker - Bean 'loginInfoMapper' of type [class org.mybatis.spring.mapper.MapperFactoryBean] is not eligible for getting processed by all BeanPostProcessors (for example: not eligible for auto-proxying) 
2018-06-19 21:54:41 INFO  o.s.c.s.PostProcessorRegistrationDelegate$BeanPostProcessorChecker - Bean 'loginInfoMapper' of type [class com.sun.proxy.$Proxy55] is not eligible for getting processed by all BeanPostProcessors (for example: not eligible for auto-proxying) 
2018-06-19 21:54:41 INFO  o.s.c.s.PostProcessorRegistrationDelegate$BeanPostProcessorChecker - Bean 'loginInfoServiceImpl' of type [class cn.fei.item.service.impl.LoginInfoServiceImpl] is not eligible for getting processed by all BeanPostProcessors (for example: not eligible for auto-proxying) 
2018-06-19 21:54:41 INFO  o.s.c.s.PostProcessorRegistrationDelegate$BeanPostProcessorChecker - Bean 'myShiroRealm' of type [class cn.fei.item.shiro.MyShiroRealm] is not eligible for getting processed by all BeanPostProcessors (for example: not eligible for auto-proxying) 
2018-06-19 21:54:41 INFO  o.s.c.s.PostProcessorRegistrationDelegate$BeanPostProcessorChecker - Bean 'sessionDao' of type [class cn.fei.item.shiro.MySessionDao] is not eligible for getting processed by all BeanPostProcessors (for example: not eligible for auto-proxying) 
2018-06-19 21:54:41 INFO  o.s.c.s.PostProcessorRegistrationDelegate$BeanPostProcessorChecker - Bean 'sessionManager' of type [class org.apache.shiro.web.session.mgt.DefaultWebSessionManager] is not eligible for getting processed by all BeanPostProcessors (for example: not eligible for auto-proxying) 
2018-06-19 21:54:41 INFO  o.s.c.s.PostProcessorRegistrationDelegate$BeanPostProcessorChecker - Bean 'myCredentialsMatcher' of type [class org.apache.shiro.authc.credential.HashedCredentialsMatcher] is not eligible for getting processed by all BeanPostProcessors (for example: not eligible for auto-proxying) 
2018-06-19 21:54:41 INFO  o.s.c.e.EhCacheManagerFactoryBean - Initializing EhCache CacheManager 
2018-06-19 21:54:42 INFO  o.s.c.s.PostProcessorRegistrationDelegate$BeanPostProcessorChecker - Bean 'ehCacheManagerFactoryBean' of type [class org.springframework.cache.ehcache.EhCacheManagerFactoryBean] is not eligible for getting processed by all BeanPostProcessors (for example: not eligible for auto-proxying) 
2018-06-19 21:54:42 INFO  o.s.c.s.PostProcessorRegistrationDelegate$BeanPostProcessorChecker - Bean 'ehCacheManagerFactoryBean' of type [class net.sf.ehcache.CacheManager] is not eligible for getting processed by all BeanPostProcessors (for example: not eligible for auto-proxying) 
2018-06-19 21:54:42 INFO  o.s.c.s.PostProcessorRegistrationDelegate$BeanPostProcessorChecker - Bean 'getEhCacheManager' of type [class org.apache.shiro.cache.ehcache.EhCacheManager] is not eligible for getting processed by all BeanPostProcessors (for example: not eligible for auto-proxying) 
2018-06-19 21:54:42 INFO  o.a.s.cache.ehcache.EhCacheManager - Cache with name 'cn.fei.item.shiro.MyShiroRealm.authorizationCache' does not yet exist.  Creating now. 
2018-06-19 21:54:42 INFO  o.a.s.cache.ehcache.EhCacheManager - Added EhCache named [cn.fei.item.shiro.MyShiroRealm.authorizationCache] 
2018-06-19 21:54:42 INFO  o.s.c.s.PostProcessorRegistrationDelegate$BeanPostProcessorChecker - Bean 'getRememberMeManager' of type [class org.apache.shiro.web.mgt.CookieRememberMeManager] is not eligible for getting processed by all BeanPostProcessors (for example: not eligible for auto-proxying) 
2018-06-19 21:54:42 INFO  o.s.c.s.PostProcessorRegistrationDelegate$BeanPostProcessorChecker - Bean 'securityManager' of type [class org.apache.shiro.web.mgt.DefaultWebSecurityManager] is not eligible for getting processed by all BeanPostProcessors (for example: not eligible for auto-proxying) 
2018-06-19 21:54:42 INFO  o.s.c.s.PostProcessorRegistrationDelegate$BeanPostProcessorChecker - Bean 'userMapper' of type [class org.mybatis.spring.mapper.MapperFactoryBean] is not eligible for getting processed by all BeanPostProcessors (for example: not eligible for auto-proxying) 
2018-06-19 21:54:42 INFO  o.s.c.s.PostProcessorRegistrationDelegate$BeanPostProcessorChecker - Bean 'userMapper' of type [class com.sun.proxy.$Proxy57] is not eligible for getting processed by all BeanPostProcessors (for example: not eligible for auto-proxying) 
2018-06-19 21:54:42 INFO  o.s.c.s.PostProcessorRegistrationDelegate$BeanPostProcessorChecker - Bean 'permissionMapper' of type [class org.mybatis.spring.mapper.MapperFactoryBean] is not eligible for getting processed by all BeanPostProcessors (for example: not eligible for auto-proxying) 
2018-06-19 21:54:42 INFO  o.s.c.s.PostProcessorRegistrationDelegate$BeanPostProcessorChecker - Bean 'permissionMapper' of type [class com.sun.proxy.$Proxy58] is not eligible for getting processed by all BeanPostProcessors (for example: not eligible for auto-proxying) 
2018-06-19 21:54:42 INFO  o.s.c.s.PostProcessorRegistrationDelegate$BeanPostProcessorChecker - Bean 'permissionServiceImpl' of type [class cn.fei.item.service.impl.PermissionServiceImpl] is not eligible for getting processed by all BeanPostProcessors (for example: not eligible for auto-proxying) 
2018-06-19 21:54:42 INFO  o.s.c.s.PostProcessorRegistrationDelegate$BeanPostProcessorChecker - Bean 'roleMapper' of type [class org.mybatis.spring.mapper.MapperFactoryBean] is not eligible for getting processed by all BeanPostProcessors (for example: not eligible for auto-proxying) 
2018-06-19 21:54:42 INFO  o.s.c.s.PostProcessorRegistrationDelegate$BeanPostProcessorChecker - Bean 'roleMapper' of type [class com.sun.proxy.$Proxy60] is not eligible for getting processed by all BeanPostProcessors (for example: not eligible for auto-proxying) 
2018-06-19 21:54:42 INFO  o.s.c.s.PostProcessorRegistrationDelegate$BeanPostProcessorChecker - Bean 'roleServiceImpl' of type [class cn.fei.item.service.impl.RoleServiceImpl] is not eligible for getting processed by all BeanPostProcessors (for example: not eligible for auto-proxying) 
2018-06-19 21:54:42 INFO  o.s.c.s.PostProcessorRegistrationDelegate$BeanPostProcessorChecker - Bean 'userServiceImpl' of type [class cn.fei.item.service.impl.UserServiceImpl] is not eligible for getting processed by all BeanPostProcessors (for example: not eligible for auto-proxying) 
2018-06-19 21:54:42 INFO  o.s.c.s.PostProcessorRegistrationDelegate$BeanPostProcessorChecker - Bean 'myFormAuthenticationFilter' of type [class cn.fei.item.shiro.MyFormAuthenticationFilter] is not eligible for getting processed by all BeanPostProcessors (for example: not eligible for auto-proxying) 
2018-06-19 21:54:42 INFO  o.s.c.s.PostProcessorRegistrationDelegate$BeanPostProcessorChecker - Bean 'org.springframework.transaction.annotation.ProxyTransactionManagementConfiguration' of type [class org.springframework.transaction.annotation.ProxyTransactionManagementConfiguration$$EnhancerBySpringCGLIB$$b6ed4e1f] is not eligible for getting processed by all BeanPostProcessors (for example: not eligible for auto-proxying) 
2018-06-19 21:54:42 INFO  o.s.c.s.PostProcessorRegistrationDelegate$BeanPostProcessorChecker - Bean 'authorizationAttributeSourceAdvisor' of type [class org.apache.shiro.spring.security.interceptor.AuthorizationAttributeSourceAdvisor] is not eligible for getting processed by all BeanPostProcessors (for example: not eligible for auto-proxying) 
2018-06-19 21:54:43 INFO  o.s.b.c.e.t.TomcatEmbeddedServletContainer - Tomcat initialized with port(s): 8080 (http) 
2018-06-19 21:54:43 INFO  o.a.catalina.core.StandardService - Starting service Tomcat 
2018-06-19 21:54:43 INFO  o.a.catalina.core.StandardEngine - Starting Servlet Engine: Apache Tomcat/8.5.6 
2018-06-19 21:54:43 INFO  o.a.c.c.C.[Tomcat].[localhost].[/] - Initializing Spring embedded WebApplicationContext 
2018-06-19 21:54:43 INFO  o.s.web.context.ContextLoader - Root WebApplicationContext: initialization completed in 8276 ms 
2018-06-19 21:54:45 INFO  o.s.b.w.s.ServletRegistrationBean - Mapping servlet: 'dispatcherServlet' to [/] 
2018-06-19 21:54:45 INFO  o.s.b.w.s.FilterRegistrationBean - Mapping filter: 'characterEncodingFilter' to: [/*] 
2018-06-19 21:54:45 INFO  o.s.b.w.s.FilterRegistrationBean - Mapping filter: 'hiddenHttpMethodFilter' to: [/*] 
2018-06-19 21:54:45 INFO  o.s.b.w.s.FilterRegistrationBean - Mapping filter: 'httpPutFormContentFilter' to: [/*] 
2018-06-19 21:54:45 INFO  o.s.b.w.s.FilterRegistrationBean - Mapping filter: 'requestContextFilter' to: [/*] 
2018-06-19 21:54:45 INFO  o.s.b.w.s.FilterRegistrationBean - Mapping filter: 'shiroFilter' to: [/*] 
2018-06-19 21:54:45 INFO  o.s.b.w.s.FilterRegistrationBean - Mapping filter: 'myFormAuthenticationFilter' to: [/*] 
2018-06-19 21:54:48 INFO  o.s.w.s.m.m.a.RequestMappingHandlerAdapter - Looking for @ControllerAdvice: org.springframework.boot.context.embedded.AnnotationConfigEmbeddedWebApplicationContext@25c5e994: startup date [Tue Jun 19 21:54:35 CST 2018]; root of context hierarchy 
2018-06-19 21:54:48 INFO  o.s.w.s.m.m.a.RequestMappingHandlerMapping - Mapped "{[/index]}" onto public java.lang.String cn.fei.item.web.controller.LoginController.index() 
2018-06-19 21:54:48 INFO  o.s.w.s.m.m.a.RequestMappingHandlerMapping - Mapped "{[/logout]}" onto public cn.fei.item.domain.response.JsonResponse<java.lang.Void> cn.fei.item.web.controller.LoginController.logout() 
2018-06-19 21:54:48 INFO  o.s.w.s.m.m.a.RequestMappingHandlerMapping - Mapped "{[/cach]}" onto public java.lang.String cn.fei.item.web.controller.LoginController.getCach() 
2018-06-19 21:54:48 INFO  o.s.w.s.m.m.a.RequestMappingHandlerMapping - Mapped "{[/login]}" onto public cn.fei.item.domain.response.JsonResponse<java.lang.Void> cn.fei.item.web.controller.LoginController.login() 
2018-06-19 21:54:48 INFO  o.s.w.s.m.m.a.RequestMappingHandlerMapping - Mapped "{[/permission/reload]}" onto public void cn.fei.item.web.controller.PermissionController.reload() 
2018-06-19 21:54:48 INFO  o.s.w.s.m.m.a.RequestMappingHandlerMapping - Mapped "{[/permission/noPermission]}" onto public cn.fei.item.domain.response.JsonResponse<java.lang.Void> cn.fei.item.web.controller.PermissionController.noPermission() 
2018-06-19 21:54:48 INFO  o.s.w.s.m.m.a.RequestMappingHandlerMapping - Mapped "{[/permission/unKnowErr]}" onto public cn.fei.item.domain.response.JsonResponse<java.lang.Void> cn.fei.item.web.controller.PermissionController.unKnowErr() 
2018-06-19 21:54:48 INFO  o.s.w.s.m.m.a.RequestMappingHandlerMapping - Mapped "{[/user/list]}" onto public java.lang.String cn.fei.item.web.controller.UserController.list() 
2018-06-19 21:54:48 INFO  o.s.w.s.m.m.a.RequestMappingHandlerMapping - Mapped "{[/user/test]}" onto public void cn.fei.item.web.controller.UserController.test() 
2018-06-19 21:54:48 INFO  o.s.w.s.m.m.a.RequestMappingHandlerMapping - Mapped "{[/error]}" onto public org.springframework.http.ResponseEntity<java.util.Map<java.lang.String, java.lang.Object>> org.springframework.boot.autoconfigure.web.BasicErrorController.error(javax.servlet.http.HttpServletRequest) 
2018-06-19 21:54:48 INFO  o.s.w.s.m.m.a.RequestMappingHandlerMapping - Mapped "{[/error],produces=[text/html]}" onto public org.springframework.web.servlet.ModelAndView org.springframework.boot.autoconfigure.web.BasicErrorController.errorHtml(javax.servlet.http.HttpServletRequest,javax.servlet.http.HttpServletResponse) 
2018-06-19 21:54:48 INFO  o.s.w.s.h.SimpleUrlHandlerMapping - Mapped URL path [/webjars/**] onto handler of type [class org.springframework.web.servlet.resource.ResourceHttpRequestHandler] 
2018-06-19 21:54:48 INFO  o.s.w.s.h.SimpleUrlHandlerMapping - Mapped URL path [/**] onto handler of type [class org.springframework.web.servlet.resource.ResourceHttpRequestHandler] 
2018-06-19 21:54:48 INFO  o.s.w.s.m.m.a.ExceptionHandlerExceptionResolver - Detected @ExceptionHandler methods in handleExceptionAop 
2018-06-19 21:54:48 INFO  o.s.w.s.h.SimpleUrlHandlerMapping - Mapped URL path [/**/favicon.ico] onto handler of type [class org.springframework.web.servlet.resource.ResourceHttpRequestHandler] 
2018-06-19 21:54:50 INFO  o.s.j.e.a.AnnotationMBeanExporter - Registering beans for JMX exposure on startup 
2018-06-19 21:54:50 INFO  o.s.j.e.a.AnnotationMBeanExporter - Bean with name 'dataSource' has been autodetected for JMX exposure 
2018-06-19 21:54:50 INFO  o.s.j.e.a.AnnotationMBeanExporter - Located MBean 'dataSource': registering with JMX server as MBean [com.alibaba.druid.pool:name=dataSource,type=DruidDataSource] 
2018-06-19 21:54:50 INFO  o.a.coyote.http11.Http11NioProtocol - Initializing ProtocolHandler ["http-nio-8080"] 
2018-06-19 21:54:50 INFO  o.a.coyote.http11.Http11NioProtocol - Starting ProtocolHandler [http-nio-8080] 
2018-06-19 21:54:50 INFO  o.a.tomcat.util.net.NioSelectorPool - Using a shared selector for servlet write/read 
2018-06-19 21:54:50 INFO  o.s.b.c.e.t.TomcatEmbeddedServletContainer - Tomcat started on port(s): 8080 (http) 
2018-06-19 21:54:50 INFO  cn.fei.item.App - Started App in 17.729 seconds (JVM running for 28.704) 
2018-06-19 21:55:07 INFO  o.a.c.c.C.[Tomcat].[localhost].[/] - Initializing Spring FrameworkServlet 'dispatcherServlet' 
2018-06-19 21:55:07 INFO  o.s.web.servlet.DispatcherServlet - FrameworkServlet 'dispatcherServlet': initialization started 
2018-06-19 21:55:07 INFO  o.s.web.servlet.DispatcherServlet - FrameworkServlet 'dispatcherServlet': initialization completed in 30 ms 
2018-06-19 21:55:07 INFO  o.a.s.s.m.AbstractValidatingSessionManager - Enabling session validation scheduler... 
2018-06-19 21:55:07 INFO  o.a.s.cache.ehcache.EhCacheManager - Using existing EHCache named [shiro-activeSessionCache] 
2018-06-19 21:55:07 INFO  c.a.druid.pool.DruidDataSource - {dataSource-1} inited 
2018-06-19 21:55:07 DEBUG c.f.i.m.L.getByUsername - ==>  Preparing: SELECT id, username, password, user_id, state FROM login_info WHERE username = ?  
2018-06-19 21:55:07 DEBUG c.f.i.m.L.getByUsername - ==> Parameters: zhangsan(String) 
2018-06-19 21:55:07 DEBUG c.f.i.m.L.getByUsername - <==      Total: 1 
2018-06-19 21:55:07 DEBUG c.f.i.m.U.selectByPrimaryKey - ==>  Preparing: SELECT id, username, password, real_name, telephone, is_admin FROM user WHERE id = ?  
2018-06-19 21:55:07 DEBUG c.f.i.m.U.selectByPrimaryKey - ==> Parameters: 1(Long) 
2018-06-19 21:55:07 DEBUG c.f.i.m.RoleMapper.selectByUserId - ====>  Preparing: SELECT id, name FROM role WHERE id IN (SELECT role_id FROM user_role WHERE user_id = ?)  
2018-06-19 21:55:07 DEBUG c.f.i.m.RoleMapper.selectByUserId - ====> Parameters: 1(Long) 
2018-06-19 21:55:07 DEBUG c.f.i.m.RoleMapper.selectByUserId - <====      Total: 0 
2018-06-19 21:55:07 DEBUG c.f.i.m.U.selectByPrimaryKey - <==      Total: 1 
2018-06-19 21:55:07 DEBUG c.f.i.mapper.RoleMapper.selectAll - ==>  Preparing: SELECT id, name FROM role  
2018-06-19 21:55:07 DEBUG c.f.i.mapper.RoleMapper.selectAll - ==> Parameters:  
2018-06-19 21:55:07 DEBUG c.f.i.mapper.RoleMapper.selectAll - <==      Total: 0 
2018-06-19 21:55:07 DEBUG c.f.i.m.PermissionMapper.selectAll - ==>  Preparing: SELECT id, permission_name, permission_value FROM permission  
2018-06-19 21:55:07 DEBUG c.f.i.m.PermissionMapper.selectAll - ==> Parameters:  
2018-06-19 21:55:07 DEBUG c.f.i.m.PermissionMapper.selectAll - <==      Total: 1 
22:06:17.233 [background-preinit] INFO  o.h.v.i.u.Version - HV000001: Hibernate Validator 5.2.4.Final
22:06:17.598 [main] INFO  c.f.i.App - Starting App on byr216-PC with PID 1320 (G:\MyProject\target\classes started by byr216 in G:\MyProject)
22:06:17.599 [main] INFO  c.f.i.App - No active profile set, falling back to default profiles: default
22:06:17.736 [main] INFO  o.s.b.c.e.AnnotationConfigEmbeddedWebApplicationContext - Refreshing org.springframework.boot.context.embedded.AnnotationConfigEmbeddedWebApplicationContext@76911385: startup date [Tue Jun 19 22:06:17 CST 2018]; root of context hierarchy
22:06:20.030 [main] INFO  o.s.c.s.PostProcessorRegistrationDelegate$BeanPostProcessorChecker - Bean 'shiroConfiguration' of type [class cn.fei.item.configuration.ShiroConfiguration$$EnhancerBySpringCGLIB$$bc0fb34] is not eligible for getting processed by all BeanPostProcessors (for example: not eligible for auto-proxying)
22:06:20.499 [main] INFO  o.s.c.s.PostProcessorRegistrationDelegate$BeanPostProcessorChecker - Bean 'mybatis-org.mybatis.spring.boot.autoconfigure.MybatisProperties' of type [class org.mybatis.spring.boot.autoconfigure.MybatisProperties] is not eligible for getting processed by all BeanPostProcessors (for example: not eligible for auto-proxying)
22:06:20.517 [main] INFO  o.s.c.s.PostProcessorRegistrationDelegate$BeanPostProcessorChecker - Bean 'org.mybatis.spring.boot.autoconfigure.MybatisAutoConfiguration' of type [class org.mybatis.spring.boot.autoconfigure.MybatisAutoConfiguration$$EnhancerBySpringCGLIB$$cac4d6ee] is not eligible for getting processed by all BeanPostProcessors (for example: not eligible for auto-proxying)
22:06:20.522 [main] INFO  o.s.c.s.PostProcessorRegistrationDelegate$BeanPostProcessorChecker - Bean 'org.springframework.boot.autoconfigure.jdbc.DataSourceConfiguration$Generic' of type [class org.springframework.boot.autoconfigure.jdbc.DataSourceConfiguration$Generic] is not eligible for getting processed by all BeanPostProcessors (for example: not eligible for auto-proxying)
22:06:20.598 [main] INFO  o.s.c.s.PostProcessorRegistrationDelegate$BeanPostProcessorChecker - Bean 'spring.datasource-org.springframework.boot.autoconfigure.jdbc.DataSourceProperties' of type [class org.springframework.boot.autoconfigure.jdbc.DataSourceProperties] is not eligible for getting processed by all BeanPostProcessors (for example: not eligible for auto-proxying)
22:06:20.706 [main] INFO  o.s.c.s.PostProcessorRegistrationDelegate$BeanPostProcessorChecker - Bean 'dataSource' of type [class com.alibaba.druid.pool.DruidDataSource] is not eligible for getting processed by all BeanPostProcessors (for example: not eligible for auto-proxying)
22:06:21.247 [main] INFO  o.s.c.s.PostProcessorRegistrationDelegate$BeanPostProcessorChecker - Bean 'sqlSessionFactory' of type [class org.apache.ibatis.session.defaults.DefaultSqlSessionFactory] is not eligible for getting processed by all BeanPostProcessors (for example: not eligible for auto-proxying)
22:06:21.267 [main] INFO  o.s.c.s.PostProcessorRegistrationDelegate$BeanPostProcessorChecker - Bean 'sqlSessionTemplate' of type [class org.mybatis.spring.SqlSessionTemplate] is not eligible for getting processed by all BeanPostProcessors (for example: not eligible for auto-proxying)
22:06:21.268 [main] INFO  o.s.c.s.PostProcessorRegistrationDelegate$BeanPostProcessorChecker - Bean 'loginInfoMapper' of type [class org.mybatis.spring.mapper.MapperFactoryBean] is not eligible for getting processed by all BeanPostProcessors (for example: not eligible for auto-proxying)
22:06:21.276 [main] INFO  o.s.c.s.PostProcessorRegistrationDelegate$BeanPostProcessorChecker - Bean 'loginInfoMapper' of type [class com.sun.proxy.$Proxy55] is not eligible for getting processed by all BeanPostProcessors (for example: not eligible for auto-proxying)
22:06:21.281 [main] INFO  o.s.c.s.PostProcessorRegistrationDelegate$BeanPostProcessorChecker - Bean 'loginInfoServiceImpl' of type [class cn.fei.item.service.impl.LoginInfoServiceImpl] is not eligible for getting processed by all BeanPostProcessors (for example: not eligible for auto-proxying)
22:06:21.283 [main] INFO  o.s.c.s.PostProcessorRegistrationDelegate$BeanPostProcessorChecker - Bean 'myShiroRealm' of type [class cn.fei.item.shiro.MyShiroRealm] is not eligible for getting processed by all BeanPostProcessors (for example: not eligible for auto-proxying)
22:06:21.305 [main] INFO  o.s.c.s.PostProcessorRegistrationDelegate$BeanPostProcessorChecker - Bean 'sessionDao' of type [class cn.fei.item.shiro.MySessionDao] is not eligible for getting processed by all BeanPostProcessors (for example: not eligible for auto-proxying)
22:06:21.340 [main] INFO  o.s.c.s.PostProcessorRegistrationDelegate$BeanPostProcessorChecker - Bean 'sessionManager' of type [class org.apache.shiro.web.session.mgt.DefaultWebSessionManager] is not eligible for getting processed by all BeanPostProcessors (for example: not eligible for auto-proxying)
22:06:21.390 [main] INFO  o.s.c.s.PostProcessorRegistrationDelegate$BeanPostProcessorChecker - Bean 'myCredentialsMatcher' of type [class org.apache.shiro.authc.credential.HashedCredentialsMatcher] is not eligible for getting processed by all BeanPostProcessors (for example: not eligible for auto-proxying)
22:06:21.401 [main] INFO  o.s.c.e.EhCacheManagerFactoryBean - Initializing EhCache CacheManager
22:06:21.625 [main] INFO  o.s.c.s.PostProcessorRegistrationDelegate$BeanPostProcessorChecker - Bean 'ehCacheManagerFactoryBean' of type [class org.springframework.cache.ehcache.EhCacheManagerFactoryBean] is not eligible for getting processed by all BeanPostProcessors (for example: not eligible for auto-proxying)
22:06:21.644 [main] INFO  o.s.c.s.PostProcessorRegistrationDelegate$BeanPostProcessorChecker - Bean 'ehCacheManagerFactoryBean' of type [class net.sf.ehcache.CacheManager] is not eligible for getting processed by all BeanPostProcessors (for example: not eligible for auto-proxying)
22:06:21.649 [main] INFO  o.s.c.s.PostProcessorRegistrationDelegate$BeanPostProcessorChecker - Bean 'getEhCacheManager' of type [class org.apache.shiro.cache.ehcache.EhCacheManager] is not eligible for getting processed by all BeanPostProcessors (for example: not eligible for auto-proxying)
22:06:21.650 [main] INFO  o.a.s.c.e.EhCacheManager - Cache with name 'cn.fei.item.shiro.MyShiroRealm.authorizationCache' does not yet exist.  Creating now.
22:06:21.655 [main] INFO  o.a.s.c.e.EhCacheManager - Added EhCache named [cn.fei.item.shiro.MyShiroRealm.authorizationCache]
22:06:21.665 [main] INFO  o.s.c.s.PostProcessorRegistrationDelegate$BeanPostProcessorChecker - Bean 'getRememberMeManager' of type [class org.apache.shiro.web.mgt.CookieRememberMeManager] is not eligible for getting processed by all BeanPostProcessors (for example: not eligible for auto-proxying)
22:06:21.680 [main] INFO  o.s.c.s.PostProcessorRegistrationDelegate$BeanPostProcessorChecker - Bean 'securityManager' of type [class org.apache.shiro.web.mgt.DefaultWebSecurityManager] is not eligible for getting processed by all BeanPostProcessors (for example: not eligible for auto-proxying)
22:06:21.711 [main] INFO  o.s.c.s.PostProcessorRegistrationDelegate$BeanPostProcessorChecker - Bean 'userMapper' of type [class org.mybatis.spring.mapper.MapperFactoryBean] is not eligible for getting processed by all BeanPostProcessors (for example: not eligible for auto-proxying)
22:06:21.716 [main] INFO  o.s.c.s.PostProcessorRegistrationDelegate$BeanPostProcessorChecker - Bean 'userMapper' of type [class com.sun.proxy.$Proxy57] is not eligible for getting processed by all BeanPostProcessors (for example: not eligible for auto-proxying)
22:06:21.725 [main] INFO  o.s.c.s.PostProcessorRegistrationDelegate$BeanPostProcessorChecker - Bean 'permissionMapper' of type [class org.mybatis.spring.mapper.MapperFactoryBean] is not eligible for getting processed by all BeanPostProcessors (for example: not eligible for auto-proxying)
22:06:21.730 [main] INFO  o.s.c.s.PostProcessorRegistrationDelegate$BeanPostProcessorChecker - Bean 'permissionMapper' of type [class com.sun.proxy.$Proxy58] is not eligible for getting processed by all BeanPostProcessors (for example: not eligible for auto-proxying)
22:06:21.735 [main] INFO  o.s.c.s.PostProcessorRegistrationDelegate$BeanPostProcessorChecker - Bean 'permissionServiceImpl' of type [class cn.fei.item.service.impl.PermissionServiceImpl] is not eligible for getting processed by all BeanPostProcessors (for example: not eligible for auto-proxying)
22:06:21.743 [main] INFO  o.s.c.s.PostProcessorRegistrationDelegate$BeanPostProcessorChecker - Bean 'roleMapper' of type [class org.mybatis.spring.mapper.MapperFactoryBean] is not eligible for getting processed by all BeanPostProcessors (for example: not eligible for auto-proxying)
22:06:21.747 [main] INFO  o.s.c.s.PostProcessorRegistrationDelegate$BeanPostProcessorChecker - Bean 'roleMapper' of type [class com.sun.proxy.$Proxy60] is not eligible for getting processed by all BeanPostProcessors (for example: not eligible for auto-proxying)
22:06:21.748 [main] INFO  o.s.c.s.PostProcessorRegistrationDelegate$BeanPostProcessorChecker - Bean 'roleServiceImpl' of type [class cn.fei.item.service.impl.RoleServiceImpl] is not eligible for getting processed by all BeanPostProcessors (for example: not eligible for auto-proxying)
22:06:21.751 [main] INFO  o.s.c.s.PostProcessorRegistrationDelegate$BeanPostProcessorChecker - Bean 'userServiceImpl' of type [class cn.fei.item.service.impl.UserServiceImpl] is not eligible for getting processed by all BeanPostProcessors (for example: not eligible for auto-proxying)
22:06:21.752 [main] INFO  o.s.c.s.PostProcessorRegistrationDelegate$BeanPostProcessorChecker - Bean 'myFormAuthenticationFilter' of type [class cn.fei.item.shiro.MyFormAuthenticationFilter] is not eligible for getting processed by all BeanPostProcessors (for example: not eligible for auto-proxying)
22:06:21.803 [main] INFO  o.s.c.s.PostProcessorRegistrationDelegate$BeanPostProcessorChecker - Bean 'org.springframework.transaction.annotation.ProxyTransactionManagementConfiguration' of type [class org.springframework.transaction.annotation.ProxyTransactionManagementConfiguration$$EnhancerBySpringCGLIB$$97f085be] is not eligible for getting processed by all BeanPostProcessors (for example: not eligible for auto-proxying)
22:06:21.832 [main] INFO  o.s.c.s.PostProcessorRegistrationDelegate$BeanPostProcessorChecker - Bean 'authorizationAttributeSourceAdvisor' of type [class org.apache.shiro.spring.security.interceptor.AuthorizationAttributeSourceAdvisor] is not eligible for getting processed by all BeanPostProcessors (for example: not eligible for auto-proxying)
22:06:22.654 [main] INFO  o.s.b.c.e.t.TomcatEmbeddedServletContainer - Tomcat initialized with port(s): 8080 (http)
22:06:22.939 [main] INFO  o.a.c.c.StandardService - Starting service Tomcat
22:06:22.941 [main] INFO  o.a.c.c.StandardEngine - Starting Servlet Engine: Apache Tomcat/8.5.6
22:06:23.123 [localhost-startStop-1] INFO  o.a.c.c.C.[.[.[/] - Initializing Spring embedded WebApplicationContext
22:06:23.124 [localhost-startStop-1] INFO  o.s.w.c.ContextLoader - Root WebApplicationContext: initialization completed in 5387 ms
22:06:23.709 [localhost-startStop-1] INFO  o.s.b.w.s.ServletRegistrationBean - Mapping servlet: 'dispatcherServlet' to [/]
22:06:23.719 [localhost-startStop-1] INFO  o.s.b.w.s.FilterRegistrationBean - Mapping filter: 'characterEncodingFilter' to: [/*]
22:06:23.720 [localhost-startStop-1] INFO  o.s.b.w.s.FilterRegistrationBean - Mapping filter: 'hiddenHttpMethodFilter' to: [/*]
22:06:23.721 [localhost-startStop-1] INFO  o.s.b.w.s.FilterRegistrationBean - Mapping filter: 'httpPutFormContentFilter' to: [/*]
22:06:23.721 [localhost-startStop-1] INFO  o.s.b.w.s.FilterRegistrationBean - Mapping filter: 'requestContextFilter' to: [/*]
22:06:23.721 [localhost-startStop-1] INFO  o.s.b.w.s.FilterRegistrationBean - Mapping filter: 'shiroFilter' to: [/*]
22:06:23.722 [localhost-startStop-1] INFO  o.s.b.w.s.FilterRegistrationBean - Mapping filter: 'myFormAuthenticationFilter' to: [/*]
22:06:24.894 [main] INFO  o.s.w.s.m.m.a.RequestMappingHandlerAdapter - Looking for @ControllerAdvice: org.springframework.boot.context.embedded.AnnotationConfigEmbeddedWebApplicationContext@76911385: startup date [Tue Jun 19 22:06:17 CST 2018]; root of context hierarchy
22:06:25.151 [main] INFO  o.s.w.s.m.m.a.RequestMappingHandlerMapping - Mapped "{[/index]}" onto public java.lang.String cn.fei.item.web.controller.LoginController.index()
22:06:25.153 [main] INFO  o.s.w.s.m.m.a.RequestMappingHandlerMapping - Mapped "{[/logout]}" onto public cn.fei.item.domain.response.JsonResponse<java.lang.Void> cn.fei.item.web.controller.LoginController.logout()
22:06:25.153 [main] INFO  o.s.w.s.m.m.a.RequestMappingHandlerMapping - Mapped "{[/cach]}" onto public java.lang.String cn.fei.item.web.controller.LoginController.getCach()
22:06:25.154 [main] INFO  o.s.w.s.m.m.a.RequestMappingHandlerMapping - Mapped "{[/login]}" onto public cn.fei.item.domain.response.JsonResponse<java.lang.Void> cn.fei.item.web.controller.LoginController.login()
22:06:25.156 [main] INFO  o.s.w.s.m.m.a.RequestMappingHandlerMapping - Mapped "{[/permission/reload]}" onto public void cn.fei.item.web.controller.PermissionController.reload()
22:06:25.156 [main] INFO  o.s.w.s.m.m.a.RequestMappingHandlerMapping - Mapped "{[/permission/noPermission]}" onto public cn.fei.item.domain.response.JsonResponse<java.lang.Void> cn.fei.item.web.controller.PermissionController.noPermission()
22:06:25.157 [main] INFO  o.s.w.s.m.m.a.RequestMappingHandlerMapping - Mapped "{[/permission/unKnowErr]}" onto public cn.fei.item.domain.response.JsonResponse<java.lang.Void> cn.fei.item.web.controller.PermissionController.unKnowErr()
22:06:25.158 [main] INFO  o.s.w.s.m.m.a.RequestMappingHandlerMapping - Mapped "{[/user/list]}" onto public java.lang.String cn.fei.item.web.controller.UserController.list()
22:06:25.159 [main] INFO  o.s.w.s.m.m.a.RequestMappingHandlerMapping - Mapped "{[/user/test]}" onto public void cn.fei.item.web.controller.UserController.test()
22:06:25.165 [main] INFO  o.s.w.s.m.m.a.RequestMappingHandlerMapping - Mapped "{[/error]}" onto public org.springframework.http.ResponseEntity<java.util.Map<java.lang.String, java.lang.Object>> org.springframework.boot.autoconfigure.web.BasicErrorController.error(javax.servlet.http.HttpServletRequest)
22:06:25.166 [main] INFO  o.s.w.s.m.m.a.RequestMappingHandlerMapping - Mapped "{[/error],produces=[text/html]}" onto public org.springframework.web.servlet.ModelAndView org.springframework.boot.autoconfigure.web.BasicErrorController.errorHtml(javax.servlet.http.HttpServletRequest,javax.servlet.http.HttpServletResponse)
22:06:25.427 [main] INFO  o.s.w.s.h.SimpleUrlHandlerMapping - Mapped URL path [/webjars/**] onto handler of type [class org.springframework.web.servlet.resource.ResourceHttpRequestHandler]
22:06:25.427 [main] INFO  o.s.w.s.h.SimpleUrlHandlerMapping - Mapped URL path [/**] onto handler of type [class org.springframework.web.servlet.resource.ResourceHttpRequestHandler]
22:06:25.556 [main] INFO  o.s.w.s.m.m.a.ExceptionHandlerExceptionResolver - Detected @ExceptionHandler methods in handleExceptionAop
22:06:25.664 [main] INFO  o.s.w.s.h.SimpleUrlHandlerMapping - Mapped URL path [/**/favicon.ico] onto handler of type [class org.springframework.web.servlet.resource.ResourceHttpRequestHandler]
22:06:26.680 [main] INFO  o.s.j.e.a.AnnotationMBeanExporter - Registering beans for JMX exposure on startup
22:06:26.683 [main] INFO  o.s.j.e.a.AnnotationMBeanExporter - Bean with name 'dataSource' has been autodetected for JMX exposure
22:06:26.693 [main] INFO  o.s.j.e.a.AnnotationMBeanExporter - Located MBean 'dataSource': registering with JMX server as MBean [com.alibaba.druid.pool:name=dataSource,type=DruidDataSource]
22:06:26.740 [main] INFO  o.a.c.h.Http11NioProtocol - Initializing ProtocolHandler ["http-nio-8080"]
22:06:26.756 [main] INFO  o.a.c.h.Http11NioProtocol - Starting ProtocolHandler [http-nio-8080]
22:06:26.780 [main] INFO  o.a.t.u.n.NioSelectorPool - Using a shared selector for servlet write/read
22:06:26.828 [main] INFO  o.s.b.c.e.t.TomcatEmbeddedServletContainer - Tomcat started on port(s): 8080 (http)
22:06:26.839 [main] INFO  c.f.i.App - Started App in 11.203 seconds (JVM running for 17.931)
22:07:21.667 [http-nio-8080-exec-2] INFO  o.a.c.c.C.[.[.[/] - Initializing Spring FrameworkServlet 'dispatcherServlet'
22:07:21.667 [http-nio-8080-exec-2] INFO  o.s.w.s.DispatcherServlet - FrameworkServlet 'dispatcherServlet': initialization started
22:07:21.698 [http-nio-8080-exec-2] INFO  o.s.w.s.DispatcherServlet - FrameworkServlet 'dispatcherServlet': initialization completed in 31 ms
22:07:21.754 [http-nio-8080-exec-2] INFO  o.a.s.s.m.AbstractValidatingSessionManager - Enabling session validation scheduler...
22:07:21.758 [http-nio-8080-exec-2] INFO  o.a.s.c.e.EhCacheManager - Using existing EHCache named [shiro-activeSessionCache]
22:07:21.858 [http-nio-8080-exec-2] INFO  c.a.d.p.DruidDataSource - {dataSource-1} inited
22:07:22.061 [http-nio-8080-exec-2] DEBUG c.f.i.m.L.getByUsername - ==>  Preparing: SELECT id, username, password, user_id, state FROM login_info WHERE username = ? 
22:07:22.094 [http-nio-8080-exec-2] DEBUG c.f.i.m.L.getByUsername - ==> Parameters: zhangsan(String)
22:07:22.120 [http-nio-8080-exec-2] DEBUG c.f.i.m.L.getByUsername - <==      Total: 1
22:07:22.158 [http-nio-8080-exec-2] DEBUG c.f.i.m.U.selectByPrimaryKey - ==>  Preparing: SELECT id, username, password, real_name, telephone, is_admin FROM user WHERE id = ? 
22:07:22.159 [http-nio-8080-exec-2] DEBUG c.f.i.m.U.selectByPrimaryKey - ==> Parameters: 1(Long)
22:07:22.167 [http-nio-8080-exec-2] DEBUG c.f.i.m.R.selectByUserId - ====>  Preparing: SELECT id, name FROM role WHERE id IN (SELECT role_id FROM user_role WHERE user_id = ?) 
22:07:22.167 [http-nio-8080-exec-2] DEBUG c.f.i.m.R.selectByUserId - ====> Parameters: 1(Long)
22:07:22.169 [http-nio-8080-exec-2] DEBUG c.f.i.m.R.selectByUserId - <====      Total: 0
22:07:22.170 [http-nio-8080-exec-2] DEBUG c.f.i.m.U.selectByPrimaryKey - <==      Total: 1
22:07:22.171 [http-nio-8080-exec-2] DEBUG c.f.i.m.R.selectAll - ==>  Preparing: SELECT id, name FROM role 
22:07:22.172 [http-nio-8080-exec-2] DEBUG c.f.i.m.R.selectAll - ==> Parameters: 
22:07:22.173 [http-nio-8080-exec-2] DEBUG c.f.i.m.R.selectAll - <==      Total: 0
22:07:22.174 [http-nio-8080-exec-2] DEBUG c.f.i.m.P.selectAll - ==>  Preparing: SELECT id, permission_name, permission_value FROM permission 
22:07:22.174 [http-nio-8080-exec-2] DEBUG c.f.i.m.P.selectAll - ==> Parameters: 
22:07:22.178 [http-nio-8080-exec-2] DEBUG c.f.i.m.P.selectAll - <==      Total: 1
23:12:13.123 [background-preinit] INFO  o.h.v.i.u.Version - HV000001: Hibernate Validator 5.2.4.Final
23:12:13.510 [main] INFO  c.f.i.App - Starting App on byr216-PC with PID 6404 (G:\MyProject\target\classes started by byr216 in G:\MyProject)
23:12:13.511 [main] INFO  c.f.i.App - No active profile set, falling back to default profiles: default
23:12:13.672 [main] INFO  o.s.b.c.e.AnnotationConfigEmbeddedWebApplicationContext - Refreshing org.springframework.boot.context.embedded.AnnotationConfigEmbeddedWebApplicationContext@1b9c1b51: startup date [Tue Jun 19 23:12:13 CST 2018]; root of context hierarchy
23:12:16.097 [main] INFO  o.s.c.s.PostProcessorRegistrationDelegate$BeanPostProcessorChecker - Bean 'shiroConfiguration' of type [class cn.fei.item.configuration.ShiroConfiguration$$EnhancerBySpringCGLIB$$65af1058] is not eligible for getting processed by all BeanPostProcessors (for example: not eligible for auto-proxying)
23:12:16.616 [main] INFO  o.s.c.s.PostProcessorRegistrationDelegate$BeanPostProcessorChecker - Bean 'mybatis-org.mybatis.spring.boot.autoconfigure.MybatisProperties' of type [class org.mybatis.spring.boot.autoconfigure.MybatisProperties] is not eligible for getting processed by all BeanPostProcessors (for example: not eligible for auto-proxying)
23:12:16.635 [main] INFO  o.s.c.s.PostProcessorRegistrationDelegate$BeanPostProcessorChecker - Bean 'org.mybatis.spring.boot.autoconfigure.MybatisAutoConfiguration' of type [class org.mybatis.spring.boot.autoconfigure.MybatisAutoConfiguration$$EnhancerBySpringCGLIB$$24b2ec12] is not eligible for getting processed by all BeanPostProcessors (for example: not eligible for auto-proxying)
23:12:16.641 [main] INFO  o.s.c.s.PostProcessorRegistrationDelegate$BeanPostProcessorChecker - Bean 'org.springframework.boot.autoconfigure.jdbc.DataSourceConfiguration$Generic' of type [class org.springframework.boot.autoconfigure.jdbc.DataSourceConfiguration$Generic] is not eligible for getting processed by all BeanPostProcessors (for example: not eligible for auto-proxying)
23:12:16.724 [main] INFO  o.s.c.s.PostProcessorRegistrationDelegate$BeanPostProcessorChecker - Bean 'spring.datasource-org.springframework.boot.autoconfigure.jdbc.DataSourceProperties' of type [class org.springframework.boot.autoconfigure.jdbc.DataSourceProperties] is not eligible for getting processed by all BeanPostProcessors (for example: not eligible for auto-proxying)
23:12:16.808 [main] INFO  o.s.c.s.PostProcessorRegistrationDelegate$BeanPostProcessorChecker - Bean 'dataSource' of type [class com.alibaba.druid.pool.DruidDataSource] is not eligible for getting processed by all BeanPostProcessors (for example: not eligible for auto-proxying)
23:12:17.364 [main] INFO  o.s.c.s.PostProcessorRegistrationDelegate$BeanPostProcessorChecker - Bean 'sqlSessionFactory' of type [class org.apache.ibatis.session.defaults.DefaultSqlSessionFactory] is not eligible for getting processed by all BeanPostProcessors (for example: not eligible for auto-proxying)
23:12:17.384 [main] INFO  o.s.c.s.PostProcessorRegistrationDelegate$BeanPostProcessorChecker - Bean 'sqlSessionTemplate' of type [class org.mybatis.spring.SqlSessionTemplate] is not eligible for getting processed by all BeanPostProcessors (for example: not eligible for auto-proxying)
23:12:17.385 [main] INFO  o.s.c.s.PostProcessorRegistrationDelegate$BeanPostProcessorChecker - Bean 'loginInfoMapper' of type [class org.mybatis.spring.mapper.MapperFactoryBean] is not eligible for getting processed by all BeanPostProcessors (for example: not eligible for auto-proxying)
23:12:17.394 [main] INFO  o.s.c.s.PostProcessorRegistrationDelegate$BeanPostProcessorChecker - Bean 'loginInfoMapper' of type [class com.sun.proxy.$Proxy55] is not eligible for getting processed by all BeanPostProcessors (for example: not eligible for auto-proxying)
23:12:17.398 [main] INFO  o.s.c.s.PostProcessorRegistrationDelegate$BeanPostProcessorChecker - Bean 'loginInfoServiceImpl' of type [class cn.fei.item.service.impl.LoginInfoServiceImpl] is not eligible for getting processed by all BeanPostProcessors (for example: not eligible for auto-proxying)
23:12:17.400 [main] INFO  o.s.c.s.PostProcessorRegistrationDelegate$BeanPostProcessorChecker - Bean 'myShiroRealm' of type [class cn.fei.item.shiro.MyShiroRealm] is not eligible for getting processed by all BeanPostProcessors (for example: not eligible for auto-proxying)
23:12:17.422 [main] INFO  o.s.c.s.PostProcessorRegistrationDelegate$BeanPostProcessorChecker - Bean 'sessionDao' of type [class cn.fei.item.shiro.MySessionDao] is not eligible for getting processed by all BeanPostProcessors (for example: not eligible for auto-proxying)
23:12:17.457 [main] INFO  o.s.c.s.PostProcessorRegistrationDelegate$BeanPostProcessorChecker - Bean 'sessionManager' of type [class org.apache.shiro.web.session.mgt.DefaultWebSessionManager] is not eligible for getting processed by all BeanPostProcessors (for example: not eligible for auto-proxying)
23:12:17.505 [main] INFO  o.s.c.s.PostProcessorRegistrationDelegate$BeanPostProcessorChecker - Bean 'myCredentialsMatcher' of type [class org.apache.shiro.authc.credential.HashedCredentialsMatcher] is not eligible for getting processed by all BeanPostProcessors (for example: not eligible for auto-proxying)
23:12:17.515 [main] INFO  o.s.c.e.EhCacheManagerFactoryBean - Initializing EhCache CacheManager
23:12:17.749 [main] INFO  o.s.c.s.PostProcessorRegistrationDelegate$BeanPostProcessorChecker - Bean 'ehCacheManagerFactoryBean' of type [class org.springframework.cache.ehcache.EhCacheManagerFactoryBean] is not eligible for getting processed by all BeanPostProcessors (for example: not eligible for auto-proxying)
23:12:17.770 [main] INFO  o.s.c.s.PostProcessorRegistrationDelegate$BeanPostProcessorChecker - Bean 'ehCacheManagerFactoryBean' of type [class net.sf.ehcache.CacheManager] is not eligible for getting processed by all BeanPostProcessors (for example: not eligible for auto-proxying)
23:12:17.776 [main] INFO  o.s.c.s.PostProcessorRegistrationDelegate$BeanPostProcessorChecker - Bean 'getEhCacheManager' of type [class org.apache.shiro.cache.ehcache.EhCacheManager] is not eligible for getting processed by all BeanPostProcessors (for example: not eligible for auto-proxying)
23:12:17.776 [main] INFO  o.a.s.c.e.EhCacheManager - Cache with name 'cn.fei.item.shiro.MyShiroRealm.authorizationCache' does not yet exist.  Creating now.
23:12:17.781 [main] INFO  o.a.s.c.e.EhCacheManager - Added EhCache named [cn.fei.item.shiro.MyShiroRealm.authorizationCache]
23:12:17.792 [main] INFO  o.s.c.s.PostProcessorRegistrationDelegate$BeanPostProcessorChecker - Bean 'getRememberMeManager' of type [class org.apache.shiro.web.mgt.CookieRememberMeManager] is not eligible for getting processed by all BeanPostProcessors (for example: not eligible for auto-proxying)
23:12:17.808 [main] INFO  o.s.c.s.PostProcessorRegistrationDelegate$BeanPostProcessorChecker - Bean 'securityManager' of type [class org.apache.shiro.web.mgt.DefaultWebSecurityManager] is not eligible for getting processed by all BeanPostProcessors (for example: not eligible for auto-proxying)
23:12:17.841 [main] INFO  o.s.c.s.PostProcessorRegistrationDelegate$BeanPostProcessorChecker - Bean 'userMapper' of type [class org.mybatis.spring.mapper.MapperFactoryBean] is not eligible for getting processed by all BeanPostProcessors (for example: not eligible for auto-proxying)
23:12:17.847 [main] INFO  o.s.c.s.PostProcessorRegistrationDelegate$BeanPostProcessorChecker - Bean 'userMapper' of type [class com.sun.proxy.$Proxy57] is not eligible for getting processed by all BeanPostProcessors (for example: not eligible for auto-proxying)
23:12:17.856 [main] INFO  o.s.c.s.PostProcessorRegistrationDelegate$BeanPostProcessorChecker - Bean 'permissionMapper' of type [class org.mybatis.spring.mapper.MapperFactoryBean] is not eligible for getting processed by all BeanPostProcessors (for example: not eligible for auto-proxying)
23:12:17.861 [main] INFO  o.s.c.s.PostProcessorRegistrationDelegate$BeanPostProcessorChecker - Bean 'permissionMapper' of type [class com.sun.proxy.$Proxy58] is not eligible for getting processed by all BeanPostProcessors (for example: not eligible for auto-proxying)
23:12:17.866 [main] INFO  o.s.c.s.PostProcessorRegistrationDelegate$BeanPostProcessorChecker - Bean 'permissionServiceImpl' of type [class cn.fei.item.service.impl.PermissionServiceImpl] is not eligible for getting processed by all BeanPostProcessors (for example: not eligible for auto-proxying)
23:12:17.873 [main] INFO  o.s.c.s.PostProcessorRegistrationDelegate$BeanPostProcessorChecker - Bean 'roleMapper' of type [class org.mybatis.spring.mapper.MapperFactoryBean] is not eligible for getting processed by all BeanPostProcessors (for example: not eligible for auto-proxying)
23:12:17.877 [main] INFO  o.s.c.s.PostProcessorRegistrationDelegate$BeanPostProcessorChecker - Bean 'roleMapper' of type [class com.sun.proxy.$Proxy60] is not eligible for getting processed by all BeanPostProcessors (for example: not eligible for auto-proxying)
23:12:17.879 [main] INFO  o.s.c.s.PostProcessorRegistrationDelegate$BeanPostProcessorChecker - Bean 'roleServiceImpl' of type [class cn.fei.item.service.impl.RoleServiceImpl] is not eligible for getting processed by all BeanPostProcessors (for example: not eligible for auto-proxying)
23:12:17.881 [main] INFO  o.s.c.s.PostProcessorRegistrationDelegate$BeanPostProcessorChecker - Bean 'userServiceImpl' of type [class cn.fei.item.service.impl.UserServiceImpl] is not eligible for getting processed by all BeanPostProcessors (for example: not eligible for auto-proxying)
23:12:17.882 [main] INFO  o.s.c.s.PostProcessorRegistrationDelegate$BeanPostProcessorChecker - Bean 'myFormAuthenticationFilter' of type [class cn.fei.item.shiro.MyFormAuthenticationFilter] is not eligible for getting processed by all BeanPostProcessors (for example: not eligible for auto-proxying)
23:12:17.979 [main] INFO  o.s.c.s.PostProcessorRegistrationDelegate$BeanPostProcessorChecker - Bean 'authorizationAttributeSourceAdvisor' of type [class org.apache.shiro.spring.security.interceptor.AuthorizationAttributeSourceAdvisor] is not eligible for getting processed by all BeanPostProcessors (for example: not eligible for auto-proxying)
23:12:18.144 [main] INFO  o.s.c.s.PostProcessorRegistrationDelegate$BeanPostProcessorChecker - Bean 'org.springframework.transaction.annotation.ProxyTransactionManagementConfiguration' of type [class org.springframework.transaction.annotation.ProxyTransactionManagementConfiguration$$EnhancerBySpringCGLIB$$f1de9ae2] is not eligible for getting processed by all BeanPostProcessors (for example: not eligible for auto-proxying)
23:12:19.879 [main] INFO  o.s.b.c.e.t.TomcatEmbeddedServletContainer - Tomcat initialized with port(s): 8080 (http)
23:12:19.899 [main] INFO  o.a.c.c.StandardService - Starting service Tomcat
23:12:19.900 [main] INFO  o.a.c.c.StandardEngine - Starting Servlet Engine: Apache Tomcat/8.5.6
23:12:20.094 [localhost-startStop-1] INFO  o.a.c.c.C.[.[.[/] - Initializing Spring embedded WebApplicationContext
23:12:20.094 [localhost-startStop-1] INFO  o.s.w.c.ContextLoader - Root WebApplicationContext: initialization completed in 6422 ms
23:12:20.962 [localhost-startStop-1] INFO  o.s.b.w.s.ServletRegistrationBean - Mapping servlet: 'dispatcherServlet' to [/]
23:12:20.974 [localhost-startStop-1] INFO  o.s.b.w.s.FilterRegistrationBean - Mapping filter: 'characterEncodingFilter' to: [/*]
23:12:20.975 [localhost-startStop-1] INFO  o.s.b.w.s.FilterRegistrationBean - Mapping filter: 'hiddenHttpMethodFilter' to: [/*]
23:12:20.975 [localhost-startStop-1] INFO  o.s.b.w.s.FilterRegistrationBean - Mapping filter: 'httpPutFormContentFilter' to: [/*]
23:12:20.975 [localhost-startStop-1] INFO  o.s.b.w.s.FilterRegistrationBean - Mapping filter: 'requestContextFilter' to: [/*]
23:12:20.976 [localhost-startStop-1] INFO  o.s.b.w.s.FilterRegistrationBean - Mapping filter: 'shiroFilter' to: [/*]
23:12:20.976 [localhost-startStop-1] INFO  o.s.b.w.s.FilterRegistrationBean - Mapping filter: 'myFormAuthenticationFilter' to: [/*]
23:12:22.729 [main] INFO  o.s.w.s.m.m.a.RequestMappingHandlerAdapter - Looking for @ControllerAdvice: org.springframework.boot.context.embedded.AnnotationConfigEmbeddedWebApplicationContext@1b9c1b51: startup date [Tue Jun 19 23:12:13 CST 2018]; root of context hierarchy
23:12:23.088 [main] INFO  o.s.w.s.m.m.a.RequestMappingHandlerMapping - Mapped "{[/index]}" onto public java.lang.String cn.fei.item.web.controller.LoginController.index()
23:12:23.090 [main] INFO  o.s.w.s.m.m.a.RequestMappingHandlerMapping - Mapped "{[/logout]}" onto public cn.fei.item.domain.response.JsonResponse<java.lang.Void> cn.fei.item.web.controller.LoginController.logout()
23:12:23.090 [main] INFO  o.s.w.s.m.m.a.RequestMappingHandlerMapping - Mapped "{[/cach]}" onto public java.lang.String cn.fei.item.web.controller.LoginController.getCach()
23:12:23.091 [main] INFO  o.s.w.s.m.m.a.RequestMappingHandlerMapping - Mapped "{[/login]}" onto public cn.fei.item.domain.response.JsonResponse<java.lang.Void> cn.fei.item.web.controller.LoginController.login()
23:12:23.092 [main] INFO  o.s.w.s.m.m.a.RequestMappingHandlerMapping - Mapped "{[/permission/reload]}" onto public void cn.fei.item.web.controller.PermissionController.reload()
23:12:23.093 [main] INFO  o.s.w.s.m.m.a.RequestMappingHandlerMapping - Mapped "{[/permission/noPermission]}" onto public cn.fei.item.domain.response.JsonResponse<java.lang.Void> cn.fei.item.web.controller.PermissionController.noPermission()
23:12:23.093 [main] INFO  o.s.w.s.m.m.a.RequestMappingHandlerMapping - Mapped "{[/permission/unKnowErr]}" onto public cn.fei.item.domain.response.JsonResponse<java.lang.Void> cn.fei.item.web.controller.PermissionController.unKnowErr()
23:12:23.094 [main] INFO  o.s.w.s.m.m.a.RequestMappingHandlerMapping - Mapped "{[/user/list]}" onto public java.lang.String cn.fei.item.web.controller.UserController.list()
23:12:23.095 [main] INFO  o.s.w.s.m.m.a.RequestMappingHandlerMapping - Mapped "{[/user/test]}" onto public void cn.fei.item.web.controller.UserController.test()
23:12:23.102 [main] INFO  o.s.w.s.m.m.a.RequestMappingHandlerMapping - Mapped "{[/error]}" onto public org.springframework.http.ResponseEntity<java.util.Map<java.lang.String, java.lang.Object>> org.springframework.boot.autoconfigure.web.BasicErrorController.error(javax.servlet.http.HttpServletRequest)
23:12:23.102 [main] INFO  o.s.w.s.m.m.a.RequestMappingHandlerMapping - Mapped "{[/error],produces=[text/html]}" onto public org.springframework.web.servlet.ModelAndView org.springframework.boot.autoconfigure.web.BasicErrorController.errorHtml(javax.servlet.http.HttpServletRequest,javax.servlet.http.HttpServletResponse)
23:12:23.539 [main] INFO  o.s.w.s.h.SimpleUrlHandlerMapping - Mapped URL path [/webjars/**] onto handler of type [class org.springframework.web.servlet.resource.ResourceHttpRequestHandler]
23:12:23.540 [main] INFO  o.s.w.s.h.SimpleUrlHandlerMapping - Mapped URL path [/**] onto handler of type [class org.springframework.web.servlet.resource.ResourceHttpRequestHandler]
23:12:23.727 [main] INFO  o.s.w.s.m.m.a.ExceptionHandlerExceptionResolver - Detected @ExceptionHandler methods in handleExceptionAop
23:12:23.898 [main] INFO  o.s.w.s.h.SimpleUrlHandlerMapping - Mapped URL path [/**/favicon.ico] onto handler of type [class org.springframework.web.servlet.resource.ResourceHttpRequestHandler]
23:12:25.424 [main] INFO  o.s.j.e.a.AnnotationMBeanExporter - Registering beans for JMX exposure on startup
23:12:25.428 [main] INFO  o.s.j.e.a.AnnotationMBeanExporter - Bean with name 'dataSource' has been autodetected for JMX exposure
23:12:25.477 [main] INFO  o.s.j.e.a.AnnotationMBeanExporter - Located MBean 'dataSource': registering with JMX server as MBean [com.alibaba.druid.pool:name=dataSource,type=DruidDataSource]
23:12:25.528 [main] INFO  o.a.c.h.Http11NioProtocol - Initializing ProtocolHandler ["http-nio-8080"]
23:12:25.545 [main] INFO  o.a.c.h.Http11NioProtocol - Starting ProtocolHandler [http-nio-8080]
23:12:25.571 [main] INFO  o.a.t.u.n.NioSelectorPool - Using a shared selector for servlet write/read
23:12:25.622 [main] INFO  o.s.b.c.e.t.TomcatEmbeddedServletContainer - Tomcat started on port(s): 8080 (http)
23:12:25.634 [main] INFO  c.f.i.App - Started App in 13.857 seconds (JVM running for 21.92)
23:12:32.682 [http-nio-8080-exec-1] INFO  o.a.c.c.C.[.[.[/] - Initializing Spring FrameworkServlet 'dispatcherServlet'
23:12:32.682 [http-nio-8080-exec-1] INFO  o.s.w.s.DispatcherServlet - FrameworkServlet 'dispatcherServlet': initialization started
23:12:32.726 [http-nio-8080-exec-1] INFO  o.s.w.s.DispatcherServlet - FrameworkServlet 'dispatcherServlet': initialization completed in 44 ms
23:12:32.791 [http-nio-8080-exec-1] INFO  o.a.s.s.m.AbstractValidatingSessionManager - Enabling session validation scheduler...
23:12:32.795 [http-nio-8080-exec-1] INFO  o.a.s.c.e.EhCacheManager - Using existing EHCache named [shiro-activeSessionCache]
23:12:32.916 [http-nio-8080-exec-1] INFO  c.a.d.p.DruidDataSource - {dataSource-1} inited
23:12:33.163 [http-nio-8080-exec-1] DEBUG c.f.i.m.L.getByUsername - ==>  Preparing: SELECT id, username, password, user_id, state FROM login_info WHERE username = ? 
23:12:33.205 [http-nio-8080-exec-1] DEBUG c.f.i.m.L.getByUsername - ==> Parameters: zhangsan(String)
23:12:33.240 [http-nio-8080-exec-1] DEBUG c.f.i.m.L.getByUsername - <==      Total: 1
23:12:33.289 [http-nio-8080-exec-1] DEBUG c.f.i.m.U.selectByPrimaryKey - ==>  Preparing: SELECT id, username, password, real_name, telephone, is_admin FROM user WHERE id = ? 
23:12:33.290 [http-nio-8080-exec-1] DEBUG c.f.i.m.U.selectByPrimaryKey - ==> Parameters: 1(Long)
23:12:33.309 [http-nio-8080-exec-1] DEBUG c.f.i.m.R.selectByUserId - ====>  Preparing: SELECT id, name FROM role WHERE id IN (SELECT role_id FROM user_role WHERE user_id = ?) 
23:12:33.310 [http-nio-8080-exec-1] DEBUG c.f.i.m.R.selectByUserId - ====> Parameters: 1(Long)
23:12:33.312 [http-nio-8080-exec-1] DEBUG c.f.i.m.R.selectByUserId - <====      Total: 0
23:12:33.313 [http-nio-8080-exec-1] DEBUG c.f.i.m.U.selectByPrimaryKey - <==      Total: 1
23:12:33.315 [http-nio-8080-exec-1] DEBUG c.f.i.m.R.selectAll - ==>  Preparing: SELECT id, name FROM role 
23:12:33.315 [http-nio-8080-exec-1] DEBUG c.f.i.m.R.selectAll - ==> Parameters: 
23:12:33.317 [http-nio-8080-exec-1] DEBUG c.f.i.m.R.selectAll - <==      Total: 0
23:12:33.318 [http-nio-8080-exec-1] DEBUG c.f.i.m.P.selectAll - ==>  Preparing: SELECT id, permission_name, permission_value FROM permission 
23:12:33.319 [http-nio-8080-exec-1] DEBUG c.f.i.m.P.selectAll - ==> Parameters: 
23:12:33.323 [http-nio-8080-exec-1] DEBUG c.f.i.m.P.selectAll - <==      Total: 1
23:14:16.499 [http-nio-8080-exec-5] INFO  performance - ========================
23:14:18.312 [http-nio-8080-exec-5] INFO  performance - URL : http://localhost:8080/logout
23:14:19.394 [http-nio-8080-exec-5] INFO  performance - HTTP_METHOD : GET
23:14:20.317 [http-nio-8080-exec-5] INFO  performance - IP : 0:0:0:0:0:0:0:1
23:14:20.965 [http-nio-8080-exec-5] INFO  performance - CLASS_METHOD : cn.fei.item.web.controller.LoginController.logout
23:14:21.583 [http-nio-8080-exec-5] INFO  performance - ARGS : []
23:14:23.706 [http-nio-8080-exec-5] INFO  performance - OUTPUT : {
	"code":"0",
	"msg":""
}
23:15:07.469 [http-nio-8080-exec-5] INFO  performance -  execution: 58719ms.
23:15:07.537 [http-nio-8080-exec-7] DEBUG c.f.i.m.L.getByUsername - ==>  Preparing: SELECT id, username, password, user_id, state FROM login_info WHERE username = ? 
23:15:07.538 [http-nio-8080-exec-7] DEBUG c.f.i.m.L.getByUsername - ==> Parameters: zhangsan(String)
23:15:07.540 [http-nio-8080-exec-7] DEBUG c.f.i.m.L.getByUsername - <==      Total: 1
23:15:07.542 [http-nio-8080-exec-7] DEBUG c.f.i.m.U.selectByPrimaryKey - ==>  Preparing: SELECT id, username, password, real_name, telephone, is_admin FROM user WHERE id = ? 
23:15:07.543 [http-nio-8080-exec-7] DEBUG c.f.i.m.U.selectByPrimaryKey - ==> Parameters: 1(Long)
23:15:07.546 [http-nio-8080-exec-7] DEBUG c.f.i.m.R.selectByUserId - ====>  Preparing: SELECT id, name FROM role WHERE id IN (SELECT role_id FROM user_role WHERE user_id = ?) 
23:15:07.547 [http-nio-8080-exec-7] DEBUG c.f.i.m.R.selectByUserId - ====> Parameters: 1(Long)
23:15:07.548 [http-nio-8080-exec-7] DEBUG c.f.i.m.R.selectByUserId - <====      Total: 0
23:15:07.549 [http-nio-8080-exec-7] DEBUG c.f.i.m.U.selectByPrimaryKey - <==      Total: 1
23:15:07.550 [http-nio-8080-exec-7] DEBUG c.f.i.m.R.selectAll - ==>  Preparing: SELECT id, name FROM role 
23:15:07.551 [http-nio-8080-exec-7] DEBUG c.f.i.m.R.selectAll - ==> Parameters: 
23:15:07.552 [http-nio-8080-exec-7] DEBUG c.f.i.m.R.selectAll - <==      Total: 0
23:15:07.555 [http-nio-8080-exec-7] DEBUG c.f.i.m.P.selectAll - ==>  Preparing: SELECT id, permission_name, permission_value FROM permission 
23:15:07.556 [http-nio-8080-exec-7] DEBUG c.f.i.m.P.selectAll - ==> Parameters: 
23:15:07.559 [http-nio-8080-exec-7] DEBUG c.f.i.m.P.selectAll - <==      Total: 1
23:15:21.893 [http-nio-8080-exec-9] INFO  performance - ========================
23:15:21.893 [http-nio-8080-exec-9] INFO  performance - URL : http://localhost:8080/login;JSESSIONID=aad5ccbf-c3a9-485d-bed5-ccb7f26220e9
23:15:21.893 [http-nio-8080-exec-9] INFO  performance - HTTP_METHOD : GET
23:15:21.893 [http-nio-8080-exec-9] INFO  performance - IP : 0:0:0:0:0:0:0:1
23:15:21.893 [http-nio-8080-exec-9] INFO  performance - CLASS_METHOD : cn.fei.item.web.controller.LoginController.login
23:15:21.893 [http-nio-8080-exec-9] INFO  performance - ARGS : []
23:15:21.893 [http-nio-8080-exec-9] INFO  performance - OUTPUT : {
	"code":"1000",
	"msg":""
}
23:15:21.894 [http-nio-8080-exec-9] INFO  performance -  execution: 1ms.
23:16:57.294 [http-nio-8080-exec-3] DEBUG c.f.i.m.L.getByUsername - ==>  Preparing: SELECT id, username, password, user_id, state FROM login_info WHERE username = ? 
23:16:57.295 [http-nio-8080-exec-3] DEBUG c.f.i.m.L.getByUsername - ==> Parameters: zhangsan(String)
23:16:57.296 [http-nio-8080-exec-3] DEBUG c.f.i.m.L.getByUsername - <==      Total: 1
23:16:57.300 [http-nio-8080-exec-3] DEBUG c.f.i.m.R.selectAll - ==>  Preparing: SELECT id, name FROM role 
23:16:57.300 [http-nio-8080-exec-3] DEBUG c.f.i.m.R.selectAll - ==> Parameters: 
23:16:57.303 [http-nio-8080-exec-3] DEBUG c.f.i.m.R.selectAll - <==      Total: 0
23:16:57.304 [http-nio-8080-exec-3] DEBUG c.f.i.m.P.selectAll - ==>  Preparing: SELECT id, permission_name, permission_value FROM permission 
23:16:57.304 [http-nio-8080-exec-3] DEBUG c.f.i.m.P.selectAll - ==> Parameters: 
23:16:57.306 [http-nio-8080-exec-3] DEBUG c.f.i.m.P.selectAll - <==      Total: 1
23:17:02.829 [http-nio-8080-exec-4] INFO  performance - ========================
23:17:02.830 [http-nio-8080-exec-4] INFO  performance - URL : http://localhost:8080/user/list
23:17:02.830 [http-nio-8080-exec-4] INFO  performance - HTTP_METHOD : GET
23:17:02.830 [http-nio-8080-exec-4] INFO  performance - IP : 0:0:0:0:0:0:0:1
23:17:02.830 [http-nio-8080-exec-4] INFO  performance - CLASS_METHOD : cn.fei.item.web.controller.UserController.list
23:17:02.830 [http-nio-8080-exec-4] INFO  performance - ARGS : []
23:17:02.839 [http-nio-8080-exec-4] INFO  performance - OUTPUT : ""
23:17:02.839 [http-nio-8080-exec-4] INFO  performance -  execution: 10ms.
23:33:37.109 [background-preinit] INFO  o.h.v.i.u.Version - HV000001: Hibernate Validator 5.2.4.Final
23:33:37.510 [main] INFO  c.f.i.App - Starting App on byr216-PC with PID 8256 (G:\MyProject\target\classes started by byr216 in G:\MyProject)
23:33:37.511 [main] INFO  c.f.i.App - No active profile set, falling back to default profiles: default
23:33:37.667 [main] INFO  o.s.b.c.e.AnnotationConfigEmbeddedWebApplicationContext - Refreshing org.springframework.boot.context.embedded.AnnotationConfigEmbeddedWebApplicationContext@1ddd3478: startup date [Tue Jun 19 23:33:37 CST 2018]; root of context hierarchy
23:33:40.089 [main] INFO  o.s.c.s.PostProcessorRegistrationDelegate$BeanPostProcessorChecker - Bean 'shiroConfiguration' of type [class cn.fei.item.configuration.ShiroConfiguration$$EnhancerBySpringCGLIB$$70b49d64] is not eligible for getting processed by all BeanPostProcessors (for example: not eligible for auto-proxying)
23:33:40.560 [main] INFO  o.s.c.s.PostProcessorRegistrationDelegate$BeanPostProcessorChecker - Bean 'mybatis-org.mybatis.spring.boot.autoconfigure.MybatisProperties' of type [class org.mybatis.spring.boot.autoconfigure.MybatisProperties] is not eligible for getting processed by all BeanPostProcessors (for example: not eligible for auto-proxying)
23:33:40.579 [main] INFO  o.s.c.s.PostProcessorRegistrationDelegate$BeanPostProcessorChecker - Bean 'org.mybatis.spring.boot.autoconfigure.MybatisAutoConfiguration' of type [class org.mybatis.spring.boot.autoconfigure.MybatisAutoConfiguration$$EnhancerBySpringCGLIB$$2fb8791e] is not eligible for getting processed by all BeanPostProcessors (for example: not eligible for auto-proxying)
23:33:40.584 [main] INFO  o.s.c.s.PostProcessorRegistrationDelegate$BeanPostProcessorChecker - Bean 'org.springframework.boot.autoconfigure.jdbc.DataSourceConfiguration$Generic' of type [class org.springframework.boot.autoconfigure.jdbc.DataSourceConfiguration$Generic] is not eligible for getting processed by all BeanPostProcessors (for example: not eligible for auto-proxying)
23:33:40.665 [main] INFO  o.s.c.s.PostProcessorRegistrationDelegate$BeanPostProcessorChecker - Bean 'spring.datasource-org.springframework.boot.autoconfigure.jdbc.DataSourceProperties' of type [class org.springframework.boot.autoconfigure.jdbc.DataSourceProperties] is not eligible for getting processed by all BeanPostProcessors (for example: not eligible for auto-proxying)
23:33:40.750 [main] INFO  o.s.c.s.PostProcessorRegistrationDelegate$BeanPostProcessorChecker - Bean 'dataSource' of type [class com.alibaba.druid.pool.DruidDataSource] is not eligible for getting processed by all BeanPostProcessors (for example: not eligible for auto-proxying)
23:33:41.260 [main] INFO  o.s.c.s.PostProcessorRegistrationDelegate$BeanPostProcessorChecker - Bean 'sqlSessionFactory' of type [class org.apache.ibatis.session.defaults.DefaultSqlSessionFactory] is not eligible for getting processed by all BeanPostProcessors (for example: not eligible for auto-proxying)
23:33:41.280 [main] INFO  o.s.c.s.PostProcessorRegistrationDelegate$BeanPostProcessorChecker - Bean 'sqlSessionTemplate' of type [class org.mybatis.spring.SqlSessionTemplate] is not eligible for getting processed by all BeanPostProcessors (for example: not eligible for auto-proxying)
23:33:41.281 [main] INFO  o.s.c.s.PostProcessorRegistrationDelegate$BeanPostProcessorChecker - Bean 'loginInfoMapper' of type [class org.mybatis.spring.mapper.MapperFactoryBean] is not eligible for getting processed by all BeanPostProcessors (for example: not eligible for auto-proxying)
23:33:41.291 [main] INFO  o.s.c.s.PostProcessorRegistrationDelegate$BeanPostProcessorChecker - Bean 'loginInfoMapper' of type [class com.sun.proxy.$Proxy55] is not eligible for getting processed by all BeanPostProcessors (for example: not eligible for auto-proxying)
23:33:41.296 [main] INFO  o.s.c.s.PostProcessorRegistrationDelegate$BeanPostProcessorChecker - Bean 'loginInfoServiceImpl' of type [class cn.fei.item.service.impl.LoginInfoServiceImpl] is not eligible for getting processed by all BeanPostProcessors (for example: not eligible for auto-proxying)
23:33:41.298 [main] INFO  o.s.c.s.PostProcessorRegistrationDelegate$BeanPostProcessorChecker - Bean 'myShiroRealm' of type [class cn.fei.item.shiro.MyShiroRealm] is not eligible for getting processed by all BeanPostProcessors (for example: not eligible for auto-proxying)
23:33:41.317 [main] INFO  o.s.c.s.PostProcessorRegistrationDelegate$BeanPostProcessorChecker - Bean 'sessionDao' of type [class cn.fei.item.shiro.MySessionDao] is not eligible for getting processed by all BeanPostProcessors (for example: not eligible for auto-proxying)
23:33:41.349 [main] INFO  o.s.c.s.PostProcessorRegistrationDelegate$BeanPostProcessorChecker - Bean 'sessionManager' of type [class org.apache.shiro.web.session.mgt.DefaultWebSessionManager] is not eligible for getting processed by all BeanPostProcessors (for example: not eligible for auto-proxying)
23:33:41.396 [main] INFO  o.s.c.s.PostProcessorRegistrationDelegate$BeanPostProcessorChecker - Bean 'myCredentialsMatcher' of type [class org.apache.shiro.authc.credential.HashedCredentialsMatcher] is not eligible for getting processed by all BeanPostProcessors (for example: not eligible for auto-proxying)
23:33:41.406 [main] INFO  o.s.c.e.EhCacheManagerFactoryBean - Initializing EhCache CacheManager
23:33:41.644 [main] INFO  o.s.c.s.PostProcessorRegistrationDelegate$BeanPostProcessorChecker - Bean 'ehCacheManagerFactoryBean' of type [class org.springframework.cache.ehcache.EhCacheManagerFactoryBean] is not eligible for getting processed by all BeanPostProcessors (for example: not eligible for auto-proxying)
23:33:41.663 [main] INFO  o.s.c.s.PostProcessorRegistrationDelegate$BeanPostProcessorChecker - Bean 'ehCacheManagerFactoryBean' of type [class net.sf.ehcache.CacheManager] is not eligible for getting processed by all BeanPostProcessors (for example: not eligible for auto-proxying)
23:33:41.668 [main] INFO  o.s.c.s.PostProcessorRegistrationDelegate$BeanPostProcessorChecker - Bean 'getEhCacheManager' of type [class org.apache.shiro.cache.ehcache.EhCacheManager] is not eligible for getting processed by all BeanPostProcessors (for example: not eligible for auto-proxying)
23:33:41.669 [main] INFO  o.a.s.c.e.EhCacheManager - Cache with name 'cn.fei.item.shiro.MyShiroRealm.authorizationCache' does not yet exist.  Creating now.
23:33:41.674 [main] INFO  o.a.s.c.e.EhCacheManager - Added EhCache named [cn.fei.item.shiro.MyShiroRealm.authorizationCache]
23:33:41.688 [main] INFO  o.s.c.s.PostProcessorRegistrationDelegate$BeanPostProcessorChecker - Bean 'getRememberMeManager' of type [class org.apache.shiro.web.mgt.CookieRememberMeManager] is not eligible for getting processed by all BeanPostProcessors (for example: not eligible for auto-proxying)
23:33:41.704 [main] INFO  o.s.c.s.PostProcessorRegistrationDelegate$BeanPostProcessorChecker - Bean 'securityManager' of type [class org.apache.shiro.web.mgt.DefaultWebSecurityManager] is not eligible for getting processed by all BeanPostProcessors (for example: not eligible for auto-proxying)
23:33:41.739 [main] INFO  o.s.c.s.PostProcessorRegistrationDelegate$BeanPostProcessorChecker - Bean 'userMapper' of type [class org.mybatis.spring.mapper.MapperFactoryBean] is not eligible for getting processed by all BeanPostProcessors (for example: not eligible for auto-proxying)
23:33:41.744 [main] INFO  o.s.c.s.PostProcessorRegistrationDelegate$BeanPostProcessorChecker - Bean 'userMapper' of type [class com.sun.proxy.$Proxy57] is not eligible for getting processed by all BeanPostProcessors (for example: not eligible for auto-proxying)
23:33:41.752 [main] INFO  o.s.c.s.PostProcessorRegistrationDelegate$BeanPostProcessorChecker - Bean 'permissionMapper' of type [class org.mybatis.spring.mapper.MapperFactoryBean] is not eligible for getting processed by all BeanPostProcessors (for example: not eligible for auto-proxying)
23:33:41.757 [main] INFO  o.s.c.s.PostProcessorRegistrationDelegate$BeanPostProcessorChecker - Bean 'permissionMapper' of type [class com.sun.proxy.$Proxy58] is not eligible for getting processed by all BeanPostProcessors (for example: not eligible for auto-proxying)
23:33:41.761 [main] INFO  o.s.c.s.PostProcessorRegistrationDelegate$BeanPostProcessorChecker - Bean 'permissionServiceImpl' of type [class cn.fei.item.service.impl.PermissionServiceImpl] is not eligible for getting processed by all BeanPostProcessors (for example: not eligible for auto-proxying)
23:33:41.769 [main] INFO  o.s.c.s.PostProcessorRegistrationDelegate$BeanPostProcessorChecker - Bean 'roleMapper' of type [class org.mybatis.spring.mapper.MapperFactoryBean] is not eligible for getting processed by all BeanPostProcessors (for example: not eligible for auto-proxying)
23:33:41.773 [main] INFO  o.s.c.s.PostProcessorRegistrationDelegate$BeanPostProcessorChecker - Bean 'roleMapper' of type [class com.sun.proxy.$Proxy60] is not eligible for getting processed by all BeanPostProcessors (for example: not eligible for auto-proxying)
23:33:41.774 [main] INFO  o.s.c.s.PostProcessorRegistrationDelegate$BeanPostProcessorChecker - Bean 'roleServiceImpl' of type [class cn.fei.item.service.impl.RoleServiceImpl] is not eligible for getting processed by all BeanPostProcessors (for example: not eligible for auto-proxying)
23:33:41.776 [main] INFO  o.s.c.s.PostProcessorRegistrationDelegate$BeanPostProcessorChecker - Bean 'userServiceImpl' of type [class cn.fei.item.service.impl.UserServiceImpl] is not eligible for getting processed by all BeanPostProcessors (for example: not eligible for auto-proxying)
23:33:41.777 [main] INFO  o.s.c.s.PostProcessorRegistrationDelegate$BeanPostProcessorChecker - Bean 'myFormAuthenticationFilter' of type [class cn.fei.item.shiro.MyFormAuthenticationFilter] is not eligible for getting processed by all BeanPostProcessors (for example: not eligible for auto-proxying)
23:33:41.859 [main] INFO  o.s.c.s.PostProcessorRegistrationDelegate$BeanPostProcessorChecker - Bean 'authorizationAttributeSourceAdvisor' of type [class org.apache.shiro.spring.security.interceptor.AuthorizationAttributeSourceAdvisor] is not eligible for getting processed by all BeanPostProcessors (for example: not eligible for auto-proxying)
23:33:41.970 [main] INFO  o.s.c.s.PostProcessorRegistrationDelegate$BeanPostProcessorChecker - Bean 'org.springframework.transaction.annotation.ProxyTransactionManagementConfiguration' of type [class org.springframework.transaction.annotation.ProxyTransactionManagementConfiguration$$EnhancerBySpringCGLIB$$fce427ee] is not eligible for getting processed by all BeanPostProcessors (for example: not eligible for auto-proxying)
23:33:43.336 [main] INFO  o.s.b.c.e.t.TomcatEmbeddedServletContainer - Tomcat initialized with port(s): 8080 (http)
23:33:43.356 [main] INFO  o.a.c.c.StandardService - Starting service Tomcat
23:33:43.357 [main] INFO  o.a.c.c.StandardEngine - Starting Servlet Engine: Apache Tomcat/8.5.6
23:33:43.543 [localhost-startStop-1] INFO  o.a.c.c.C.[.[.[/] - Initializing Spring embedded WebApplicationContext
23:33:43.544 [localhost-startStop-1] INFO  o.s.w.c.ContextLoader - Root WebApplicationContext: initialization completed in 5877 ms
23:33:44.330 [localhost-startStop-1] INFO  o.s.b.w.s.ServletRegistrationBean - Mapping servlet: 'dispatcherServlet' to [/]
23:33:44.339 [localhost-startStop-1] INFO  o.s.b.w.s.FilterRegistrationBean - Mapping filter: 'characterEncodingFilter' to: [/*]
23:33:44.340 [localhost-startStop-1] INFO  o.s.b.w.s.FilterRegistrationBean - Mapping filter: 'hiddenHttpMethodFilter' to: [/*]
23:33:44.340 [localhost-startStop-1] INFO  o.s.b.w.s.FilterRegistrationBean - Mapping filter: 'httpPutFormContentFilter' to: [/*]
23:33:44.340 [localhost-startStop-1] INFO  o.s.b.w.s.FilterRegistrationBean - Mapping filter: 'requestContextFilter' to: [/*]
23:33:44.341 [localhost-startStop-1] INFO  o.s.b.w.s.FilterRegistrationBean - Mapping filter: 'shiroFilter' to: [/*]
23:33:44.341 [localhost-startStop-1] INFO  o.s.b.w.s.FilterRegistrationBean - Mapping filter: 'myFormAuthenticationFilter' to: [/*]
23:33:46.033 [main] INFO  o.s.w.s.m.m.a.RequestMappingHandlerAdapter - Looking for @ControllerAdvice: org.springframework.boot.context.embedded.AnnotationConfigEmbeddedWebApplicationContext@1ddd3478: startup date [Tue Jun 19 23:33:37 CST 2018]; root of context hierarchy
23:33:46.360 [main] INFO  o.s.w.s.m.m.a.RequestMappingHandlerMapping - Mapped "{[/index]}" onto public java.lang.String cn.fei.item.web.controller.LoginController.index()
23:33:46.362 [main] INFO  o.s.w.s.m.m.a.RequestMappingHandlerMapping - Mapped "{[/logout]}" onto public cn.fei.item.domain.response.JsonResponse<java.lang.Void> cn.fei.item.web.controller.LoginController.logout()
23:33:46.362 [main] INFO  o.s.w.s.m.m.a.RequestMappingHandlerMapping - Mapped "{[/cach]}" onto public java.lang.String cn.fei.item.web.controller.LoginController.getCach()
23:33:46.363 [main] INFO  o.s.w.s.m.m.a.RequestMappingHandlerMapping - Mapped "{[/login]}" onto public cn.fei.item.domain.response.JsonResponse<java.lang.Void> cn.fei.item.web.controller.LoginController.login()
23:33:46.365 [main] INFO  o.s.w.s.m.m.a.RequestMappingHandlerMapping - Mapped "{[/permission/reload]}" onto public void cn.fei.item.web.controller.PermissionController.reload()
23:33:46.365 [main] INFO  o.s.w.s.m.m.a.RequestMappingHandlerMapping - Mapped "{[/permission/noPermission]}" onto public cn.fei.item.domain.response.JsonResponse<java.lang.Void> cn.fei.item.web.controller.PermissionController.noPermission()
23:33:46.366 [main] INFO  o.s.w.s.m.m.a.RequestMappingHandlerMapping - Mapped "{[/permission/unKnowErr]}" onto public cn.fei.item.domain.response.JsonResponse<java.lang.Void> cn.fei.item.web.controller.PermissionController.unKnowErr()
23:33:46.367 [main] INFO  o.s.w.s.m.m.a.RequestMappingHandlerMapping - Mapped "{[/user/list]}" onto public java.lang.String cn.fei.item.web.controller.UserController.list()
23:33:46.368 [main] INFO  o.s.w.s.m.m.a.RequestMappingHandlerMapping - Mapped "{[/user/test]}" onto public void cn.fei.item.web.controller.UserController.test()
23:33:46.375 [main] INFO  o.s.w.s.m.m.a.RequestMappingHandlerMapping - Mapped "{[/error]}" onto public org.springframework.http.ResponseEntity<java.util.Map<java.lang.String, java.lang.Object>> org.springframework.boot.autoconfigure.web.BasicErrorController.error(javax.servlet.http.HttpServletRequest)
23:33:46.375 [main] INFO  o.s.w.s.m.m.a.RequestMappingHandlerMapping - Mapped "{[/error],produces=[text/html]}" onto public org.springframework.web.servlet.ModelAndView org.springframework.boot.autoconfigure.web.BasicErrorController.errorHtml(javax.servlet.http.HttpServletRequest,javax.servlet.http.HttpServletResponse)
23:33:46.815 [main] INFO  o.s.w.s.h.SimpleUrlHandlerMapping - Mapped URL path [/webjars/**] onto handler of type [class org.springframework.web.servlet.resource.ResourceHttpRequestHandler]
23:33:46.815 [main] INFO  o.s.w.s.h.SimpleUrlHandlerMapping - Mapped URL path [/**] onto handler of type [class org.springframework.web.servlet.resource.ResourceHttpRequestHandler]
23:33:47.006 [main] INFO  o.s.w.s.m.m.a.ExceptionHandlerExceptionResolver - Detected @ExceptionHandler methods in handleExceptionAspect
23:33:47.180 [main] INFO  o.s.w.s.h.SimpleUrlHandlerMapping - Mapped URL path [/**/favicon.ico] onto handler of type [class org.springframework.web.servlet.resource.ResourceHttpRequestHandler]
23:33:48.661 [main] INFO  o.s.j.e.a.AnnotationMBeanExporter - Registering beans for JMX exposure on startup
23:33:48.664 [main] INFO  o.s.j.e.a.AnnotationMBeanExporter - Bean with name 'dataSource' has been autodetected for JMX exposure
23:33:48.676 [main] INFO  o.s.j.e.a.AnnotationMBeanExporter - Located MBean 'dataSource': registering with JMX server as MBean [com.alibaba.druid.pool:name=dataSource,type=DruidDataSource]
23:33:48.724 [main] INFO  o.a.c.h.Http11NioProtocol - Initializing ProtocolHandler ["http-nio-8080"]
23:33:48.739 [main] INFO  o.a.c.h.Http11NioProtocol - Starting ProtocolHandler [http-nio-8080]
23:33:48.763 [main] INFO  o.a.t.u.n.NioSelectorPool - Using a shared selector for servlet write/read
23:33:48.810 [main] INFO  o.s.b.c.e.t.TomcatEmbeddedServletContainer - Tomcat started on port(s): 8080 (http)
23:33:48.823 [main] INFO  c.f.i.App - Started App in 13.079 seconds (JVM running for 20.52)
23:33:54.728 [http-nio-8080-exec-1] INFO  o.a.c.c.C.[.[.[/] - Initializing Spring FrameworkServlet 'dispatcherServlet'
23:33:54.728 [http-nio-8080-exec-1] INFO  o.s.w.s.DispatcherServlet - FrameworkServlet 'dispatcherServlet': initialization started
23:33:54.770 [http-nio-8080-exec-1] INFO  o.s.w.s.DispatcherServlet - FrameworkServlet 'dispatcherServlet': initialization completed in 42 ms
23:33:54.844 [http-nio-8080-exec-1] INFO  o.a.s.s.m.AbstractValidatingSessionManager - Enabling session validation scheduler...
23:33:54.848 [http-nio-8080-exec-1] INFO  o.a.s.c.e.EhCacheManager - Using existing EHCache named [shiro-activeSessionCache]
23:33:54.989 [http-nio-8080-exec-1] INFO  c.a.d.p.DruidDataSource - {dataSource-1} inited
23:33:55.242 [http-nio-8080-exec-1] DEBUG c.f.i.m.L.getByUsername - ==>  Preparing: SELECT id, username, password, user_id, state FROM login_info WHERE username = ? 
23:33:55.280 [http-nio-8080-exec-1] DEBUG c.f.i.m.L.getByUsername - ==> Parameters: zhangsan(String)
23:33:55.311 [http-nio-8080-exec-1] DEBUG c.f.i.m.L.getByUsername - <==      Total: 1
23:33:55.364 [http-nio-8080-exec-1] DEBUG c.f.i.m.U.selectByPrimaryKey - ==>  Preparing: SELECT id, username, password, real_name, telephone, is_admin FROM user WHERE id = ? 
23:33:55.364 [http-nio-8080-exec-1] DEBUG c.f.i.m.U.selectByPrimaryKey - ==> Parameters: 1(Long)
23:33:55.373 [http-nio-8080-exec-1] DEBUG c.f.i.m.R.selectByUserId - ====>  Preparing: SELECT id, name FROM role WHERE id IN (SELECT role_id FROM user_role WHERE user_id = ?) 
23:33:55.374 [http-nio-8080-exec-1] DEBUG c.f.i.m.R.selectByUserId - ====> Parameters: 1(Long)
23:33:55.376 [http-nio-8080-exec-1] DEBUG c.f.i.m.R.selectByUserId - <====      Total: 0
23:33:55.377 [http-nio-8080-exec-1] DEBUG c.f.i.m.U.selectByPrimaryKey - <==      Total: 1
23:33:55.379 [http-nio-8080-exec-1] DEBUG c.f.i.m.R.selectAll - ==>  Preparing: SELECT id, name FROM role 
23:33:55.379 [http-nio-8080-exec-1] DEBUG c.f.i.m.R.selectAll - ==> Parameters: 
23:33:55.380 [http-nio-8080-exec-1] DEBUG c.f.i.m.R.selectAll - <==      Total: 0
23:33:55.381 [http-nio-8080-exec-1] DEBUG c.f.i.m.P.selectAll - ==>  Preparing: SELECT id, permission_name, permission_value FROM permission 
23:33:55.382 [http-nio-8080-exec-1] DEBUG c.f.i.m.P.selectAll - ==> Parameters: 
23:33:55.386 [http-nio-8080-exec-1] DEBUG c.f.i.m.P.selectAll - <==      Total: 1
23:34:01.348 [http-nio-8080-exec-3] INFO  performance - ========================
23:34:01.348 [http-nio-8080-exec-3] INFO  performance - URL : http://localhost:8080/permission/reload
23:34:01.348 [http-nio-8080-exec-3] INFO  performance - HTTP_METHOD : POST
23:34:01.348 [http-nio-8080-exec-3] INFO  performance - IP : 0:0:0:0:0:0:0:1
23:34:01.351 [http-nio-8080-exec-3] INFO  performance - CLASS_METHOD : cn.fei.item.web.controller.PermissionController.reload
23:34:01.354 [http-nio-8080-exec-3] INFO  performance - ARGS : []
23:34:01.370 [http-nio-8080-exec-3] INFO  performance -  execution: 22ms.
23:36:07.614 [background-preinit] INFO  o.h.v.i.u.Version - HV000001: Hibernate Validator 5.2.4.Final
23:36:07.996 [main] INFO  c.f.i.App - Starting App on byr216-PC with PID 8044 (G:\MyProject\target\classes started by byr216 in G:\MyProject)
23:36:07.996 [main] INFO  c.f.i.App - No active profile set, falling back to default profiles: default
23:36:08.158 [main] INFO  o.s.b.c.e.AnnotationConfigEmbeddedWebApplicationContext - Refreshing org.springframework.boot.context.embedded.AnnotationConfigEmbeddedWebApplicationContext@847f3e7: startup date [Tue Jun 19 23:36:08 CST 2018]; root of context hierarchy
23:36:10.629 [main] INFO  o.s.c.s.PostProcessorRegistrationDelegate$BeanPostProcessorChecker - Bean 'shiroConfiguration' of type [class cn.fei.item.configuration.ShiroConfiguration$$EnhancerBySpringCGLIB$$7014a3de] is not eligible for getting processed by all BeanPostProcessors (for example: not eligible for auto-proxying)
23:36:11.143 [main] INFO  o.s.c.s.PostProcessorRegistrationDelegate$BeanPostProcessorChecker - Bean 'mybatis-org.mybatis.spring.boot.autoconfigure.MybatisProperties' of type [class org.mybatis.spring.boot.autoconfigure.MybatisProperties] is not eligible for getting processed by all BeanPostProcessors (for example: not eligible for auto-proxying)
23:36:11.163 [main] INFO  o.s.c.s.PostProcessorRegistrationDelegate$BeanPostProcessorChecker - Bean 'org.mybatis.spring.boot.autoconfigure.MybatisAutoConfiguration' of type [class org.mybatis.spring.boot.autoconfigure.MybatisAutoConfiguration$$EnhancerBySpringCGLIB$$2f187f98] is not eligible for getting processed by all BeanPostProcessors (for example: not eligible for auto-proxying)
23:36:11.168 [main] INFO  o.s.c.s.PostProcessorRegistrationDelegate$BeanPostProcessorChecker - Bean 'org.springframework.boot.autoconfigure.jdbc.DataSourceConfiguration$Generic' of type [class org.springframework.boot.autoconfigure.jdbc.DataSourceConfiguration$Generic] is not eligible for getting processed by all BeanPostProcessors (for example: not eligible for auto-proxying)
23:36:11.243 [main] INFO  o.s.c.s.PostProcessorRegistrationDelegate$BeanPostProcessorChecker - Bean 'spring.datasource-org.springframework.boot.autoconfigure.jdbc.DataSourceProperties' of type [class org.springframework.boot.autoconfigure.jdbc.DataSourceProperties] is not eligible for getting processed by all BeanPostProcessors (for example: not eligible for auto-proxying)
23:36:11.325 [main] INFO  o.s.c.s.PostProcessorRegistrationDelegate$BeanPostProcessorChecker - Bean 'dataSource' of type [class com.alibaba.druid.pool.DruidDataSource] is not eligible for getting processed by all BeanPostProcessors (for example: not eligible for auto-proxying)
23:36:11.886 [main] INFO  o.s.c.s.PostProcessorRegistrationDelegate$BeanPostProcessorChecker - Bean 'sqlSessionFactory' of type [class org.apache.ibatis.session.defaults.DefaultSqlSessionFactory] is not eligible for getting processed by all BeanPostProcessors (for example: not eligible for auto-proxying)
23:36:11.906 [main] INFO  o.s.c.s.PostProcessorRegistrationDelegate$BeanPostProcessorChecker - Bean 'sqlSessionTemplate' of type [class org.mybatis.spring.SqlSessionTemplate] is not eligible for getting processed by all BeanPostProcessors (for example: not eligible for auto-proxying)
23:36:11.907 [main] INFO  o.s.c.s.PostProcessorRegistrationDelegate$BeanPostProcessorChecker - Bean 'loginInfoMapper' of type [class org.mybatis.spring.mapper.MapperFactoryBean] is not eligible for getting processed by all BeanPostProcessors (for example: not eligible for auto-proxying)
23:36:11.916 [main] INFO  o.s.c.s.PostProcessorRegistrationDelegate$BeanPostProcessorChecker - Bean 'loginInfoMapper' of type [class com.sun.proxy.$Proxy55] is not eligible for getting processed by all BeanPostProcessors (for example: not eligible for auto-proxying)
23:36:11.920 [main] INFO  o.s.c.s.PostProcessorRegistrationDelegate$BeanPostProcessorChecker - Bean 'loginInfoServiceImpl' of type [class cn.fei.item.service.impl.LoginInfoServiceImpl] is not eligible for getting processed by all BeanPostProcessors (for example: not eligible for auto-proxying)
23:36:11.923 [main] INFO  o.s.c.s.PostProcessorRegistrationDelegate$BeanPostProcessorChecker - Bean 'myShiroRealm' of type [class cn.fei.item.shiro.MyShiroRealm] is not eligible for getting processed by all BeanPostProcessors (for example: not eligible for auto-proxying)
23:36:11.944 [main] INFO  o.s.c.s.PostProcessorRegistrationDelegate$BeanPostProcessorChecker - Bean 'sessionDao' of type [class cn.fei.item.shiro.MySessionDao] is not eligible for getting processed by all BeanPostProcessors (for example: not eligible for auto-proxying)
23:36:11.980 [main] INFO  o.s.c.s.PostProcessorRegistrationDelegate$BeanPostProcessorChecker - Bean 'sessionManager' of type [class org.apache.shiro.web.session.mgt.DefaultWebSessionManager] is not eligible for getting processed by all BeanPostProcessors (for example: not eligible for auto-proxying)
23:36:12.026 [main] INFO  o.s.c.s.PostProcessorRegistrationDelegate$BeanPostProcessorChecker - Bean 'myCredentialsMatcher' of type [class org.apache.shiro.authc.credential.HashedCredentialsMatcher] is not eligible for getting processed by all BeanPostProcessors (for example: not eligible for auto-proxying)
23:36:12.037 [main] INFO  o.s.c.e.EhCacheManagerFactoryBean - Initializing EhCache CacheManager
23:36:12.251 [main] INFO  o.s.c.s.PostProcessorRegistrationDelegate$BeanPostProcessorChecker - Bean 'ehCacheManagerFactoryBean' of type [class org.springframework.cache.ehcache.EhCacheManagerFactoryBean] is not eligible for getting processed by all BeanPostProcessors (for example: not eligible for auto-proxying)
23:36:12.286 [main] INFO  o.s.c.s.PostProcessorRegistrationDelegate$BeanPostProcessorChecker - Bean 'ehCacheManagerFactoryBean' of type [class net.sf.ehcache.CacheManager] is not eligible for getting processed by all BeanPostProcessors (for example: not eligible for auto-proxying)
23:36:12.296 [main] INFO  o.s.c.s.PostProcessorRegistrationDelegate$BeanPostProcessorChecker - Bean 'getEhCacheManager' of type [class org.apache.shiro.cache.ehcache.EhCacheManager] is not eligible for getting processed by all BeanPostProcessors (for example: not eligible for auto-proxying)
23:36:12.296 [main] INFO  o.a.s.c.e.EhCacheManager - Cache with name 'cn.fei.item.shiro.MyShiroRealm.authorizationCache' does not yet exist.  Creating now.
23:36:12.302 [main] INFO  o.a.s.c.e.EhCacheManager - Added EhCache named [cn.fei.item.shiro.MyShiroRealm.authorizationCache]
23:36:12.313 [main] INFO  o.s.c.s.PostProcessorRegistrationDelegate$BeanPostProcessorChecker - Bean 'getRememberMeManager' of type [class org.apache.shiro.web.mgt.CookieRememberMeManager] is not eligible for getting processed by all BeanPostProcessors (for example: not eligible for auto-proxying)
23:36:12.328 [main] INFO  o.s.c.s.PostProcessorRegistrationDelegate$BeanPostProcessorChecker - Bean 'securityManager' of type [class org.apache.shiro.web.mgt.DefaultWebSecurityManager] is not eligible for getting processed by all BeanPostProcessors (for example: not eligible for auto-proxying)
23:36:12.361 [main] INFO  o.s.c.s.PostProcessorRegistrationDelegate$BeanPostProcessorChecker - Bean 'userMapper' of type [class org.mybatis.spring.mapper.MapperFactoryBean] is not eligible for getting processed by all BeanPostProcessors (for example: not eligible for auto-proxying)
23:36:12.366 [main] INFO  o.s.c.s.PostProcessorRegistrationDelegate$BeanPostProcessorChecker - Bean 'userMapper' of type [class com.sun.proxy.$Proxy57] is not eligible for getting processed by all BeanPostProcessors (for example: not eligible for auto-proxying)
23:36:12.374 [main] INFO  o.s.c.s.PostProcessorRegistrationDelegate$BeanPostProcessorChecker - Bean 'permissionMapper' of type [class org.mybatis.spring.mapper.MapperFactoryBean] is not eligible for getting processed by all BeanPostProcessors (for example: not eligible for auto-proxying)
23:36:12.378 [main] INFO  o.s.c.s.PostProcessorRegistrationDelegate$BeanPostProcessorChecker - Bean 'permissionMapper' of type [class com.sun.proxy.$Proxy58] is not eligible for getting processed by all BeanPostProcessors (for example: not eligible for auto-proxying)
23:36:12.383 [main] INFO  o.s.c.s.PostProcessorRegistrationDelegate$BeanPostProcessorChecker - Bean 'permissionServiceImpl' of type [class cn.fei.item.service.impl.PermissionServiceImpl] is not eligible for getting processed by all BeanPostProcessors (for example: not eligible for auto-proxying)
23:36:12.391 [main] INFO  o.s.c.s.PostProcessorRegistrationDelegate$BeanPostProcessorChecker - Bean 'roleMapper' of type [class org.mybatis.spring.mapper.MapperFactoryBean] is not eligible for getting processed by all BeanPostProcessors (for example: not eligible for auto-proxying)
23:36:12.395 [main] INFO  o.s.c.s.PostProcessorRegistrationDelegate$BeanPostProcessorChecker - Bean 'roleMapper' of type [class com.sun.proxy.$Proxy60] is not eligible for getting processed by all BeanPostProcessors (for example: not eligible for auto-proxying)
23:36:12.396 [main] INFO  o.s.c.s.PostProcessorRegistrationDelegate$BeanPostProcessorChecker - Bean 'roleServiceImpl' of type [class cn.fei.item.service.impl.RoleServiceImpl] is not eligible for getting processed by all BeanPostProcessors (for example: not eligible for auto-proxying)
23:36:12.399 [main] INFO  o.s.c.s.PostProcessorRegistrationDelegate$BeanPostProcessorChecker - Bean 'userServiceImpl' of type [class cn.fei.item.service.impl.UserServiceImpl] is not eligible for getting processed by all BeanPostProcessors (for example: not eligible for auto-proxying)
23:36:12.400 [main] INFO  o.s.c.s.PostProcessorRegistrationDelegate$BeanPostProcessorChecker - Bean 'myFormAuthenticationFilter' of type [class cn.fei.item.shiro.MyFormAuthenticationFilter] is not eligible for getting processed by all BeanPostProcessors (for example: not eligible for auto-proxying)
23:36:12.487 [main] INFO  o.s.c.s.PostProcessorRegistrationDelegate$BeanPostProcessorChecker - Bean 'authorizationAttributeSourceAdvisor' of type [class org.apache.shiro.spring.security.interceptor.AuthorizationAttributeSourceAdvisor] is not eligible for getting processed by all BeanPostProcessors (for example: not eligible for auto-proxying)
23:36:12.595 [main] INFO  o.s.c.s.PostProcessorRegistrationDelegate$BeanPostProcessorChecker - Bean 'org.springframework.transaction.annotation.ProxyTransactionManagementConfiguration' of type [class org.springframework.transaction.annotation.ProxyTransactionManagementConfiguration$$EnhancerBySpringCGLIB$$fc442e68] is not eligible for getting processed by all BeanPostProcessors (for example: not eligible for auto-proxying)
23:36:13.964 [main] INFO  o.s.b.c.e.t.TomcatEmbeddedServletContainer - Tomcat initialized with port(s): 8080 (http)
23:36:13.985 [main] INFO  o.a.c.c.StandardService - Starting service Tomcat
23:36:13.987 [main] INFO  o.a.c.c.StandardEngine - Starting Servlet Engine: Apache Tomcat/8.5.6
23:36:14.168 [localhost-startStop-1] INFO  o.a.c.c.C.[.[.[/] - Initializing Spring embedded WebApplicationContext
23:36:14.169 [localhost-startStop-1] INFO  o.s.w.c.ContextLoader - Root WebApplicationContext: initialization completed in 6011 ms
23:36:14.971 [localhost-startStop-1] INFO  o.s.b.w.s.ServletRegistrationBean - Mapping servlet: 'dispatcherServlet' to [/]
23:36:14.980 [localhost-startStop-1] INFO  o.s.b.w.s.FilterRegistrationBean - Mapping filter: 'characterEncodingFilter' to: [/*]
23:36:14.981 [localhost-startStop-1] INFO  o.s.b.w.s.FilterRegistrationBean - Mapping filter: 'hiddenHttpMethodFilter' to: [/*]
23:36:14.981 [localhost-startStop-1] INFO  o.s.b.w.s.FilterRegistrationBean - Mapping filter: 'httpPutFormContentFilter' to: [/*]
23:36:14.981 [localhost-startStop-1] INFO  o.s.b.w.s.FilterRegistrationBean - Mapping filter: 'requestContextFilter' to: [/*]
23:36:14.981 [localhost-startStop-1] INFO  o.s.b.w.s.FilterRegistrationBean - Mapping filter: 'shiroFilter' to: [/*]
23:36:14.981 [localhost-startStop-1] INFO  o.s.b.w.s.FilterRegistrationBean - Mapping filter: 'myFormAuthenticationFilter' to: [/*]
23:36:16.849 [main] INFO  o.s.w.s.m.m.a.RequestMappingHandlerAdapter - Looking for @ControllerAdvice: org.springframework.boot.context.embedded.AnnotationConfigEmbeddedWebApplicationContext@847f3e7: startup date [Tue Jun 19 23:36:08 CST 2018]; root of context hierarchy
23:36:17.181 [main] INFO  o.s.w.s.m.m.a.RequestMappingHandlerMapping - Mapped "{[/index]}" onto public java.lang.String cn.fei.item.web.controller.LoginController.index()
23:36:17.182 [main] INFO  o.s.w.s.m.m.a.RequestMappingHandlerMapping - Mapped "{[/logout]}" onto public cn.fei.item.domain.response.JsonResponse<java.lang.Void> cn.fei.item.web.controller.LoginController.logout()
23:36:17.183 [main] INFO  o.s.w.s.m.m.a.RequestMappingHandlerMapping - Mapped "{[/cach]}" onto public java.lang.String cn.fei.item.web.controller.LoginController.getCach()
23:36:17.183 [main] INFO  o.s.w.s.m.m.a.RequestMappingHandlerMapping - Mapped "{[/login]}" onto public cn.fei.item.domain.response.JsonResponse<java.lang.Void> cn.fei.item.web.controller.LoginController.login()
23:36:17.185 [main] INFO  o.s.w.s.m.m.a.RequestMappingHandlerMapping - Mapped "{[/permission/reload]}" onto public void cn.fei.item.web.controller.PermissionController.reload()
23:36:17.186 [main] INFO  o.s.w.s.m.m.a.RequestMappingHandlerMapping - Mapped "{[/permission/noPermission]}" onto public cn.fei.item.domain.response.JsonResponse<java.lang.Void> cn.fei.item.web.controller.PermissionController.noPermission()
23:36:17.186 [main] INFO  o.s.w.s.m.m.a.RequestMappingHandlerMapping - Mapped "{[/permission/unKnowErr]}" onto public cn.fei.item.domain.response.JsonResponse<java.lang.Void> cn.fei.item.web.controller.PermissionController.unKnowErr()
23:36:17.188 [main] INFO  o.s.w.s.m.m.a.RequestMappingHandlerMapping - Mapped "{[/user/list]}" onto public java.lang.String cn.fei.item.web.controller.UserController.list()
23:36:17.189 [main] INFO  o.s.w.s.m.m.a.RequestMappingHandlerMapping - Mapped "{[/user/test]}" onto public void cn.fei.item.web.controller.UserController.test()
23:36:17.195 [main] INFO  o.s.w.s.m.m.a.RequestMappingHandlerMapping - Mapped "{[/error]}" onto public org.springframework.http.ResponseEntity<java.util.Map<java.lang.String, java.lang.Object>> org.springframework.boot.autoconfigure.web.BasicErrorController.error(javax.servlet.http.HttpServletRequest)
23:36:17.196 [main] INFO  o.s.w.s.m.m.a.RequestMappingHandlerMapping - Mapped "{[/error],produces=[text/html]}" onto public org.springframework.web.servlet.ModelAndView org.springframework.boot.autoconfigure.web.BasicErrorController.errorHtml(javax.servlet.http.HttpServletRequest,javax.servlet.http.HttpServletResponse)
23:36:17.667 [main] INFO  o.s.w.s.h.SimpleUrlHandlerMapping - Mapped URL path [/webjars/**] onto handler of type [class org.springframework.web.servlet.resource.ResourceHttpRequestHandler]
23:36:17.667 [main] INFO  o.s.w.s.h.SimpleUrlHandlerMapping - Mapped URL path [/**] onto handler of type [class org.springframework.web.servlet.resource.ResourceHttpRequestHandler]
23:36:17.851 [main] INFO  o.s.w.s.m.m.a.ExceptionHandlerExceptionResolver - Detected @ExceptionHandler methods in handleExceptionAspect
23:36:18.015 [main] INFO  o.s.w.s.h.SimpleUrlHandlerMapping - Mapped URL path [/**/favicon.ico] onto handler of type [class org.springframework.web.servlet.resource.ResourceHttpRequestHandler]
23:36:19.484 [main] INFO  o.s.j.e.a.AnnotationMBeanExporter - Registering beans for JMX exposure on startup
23:36:19.488 [main] INFO  o.s.j.e.a.AnnotationMBeanExporter - Bean with name 'dataSource' has been autodetected for JMX exposure
23:36:19.499 [main] INFO  o.s.j.e.a.AnnotationMBeanExporter - Located MBean 'dataSource': registering with JMX server as MBean [com.alibaba.druid.pool:name=dataSource,type=DruidDataSource]
23:36:19.545 [main] INFO  o.a.c.h.Http11NioProtocol - Initializing ProtocolHandler ["http-nio-8080"]
23:36:19.560 [main] INFO  o.a.c.h.Http11NioProtocol - Starting ProtocolHandler [http-nio-8080]
23:36:19.584 [main] INFO  o.a.t.u.n.NioSelectorPool - Using a shared selector for servlet write/read
23:36:19.629 [main] INFO  o.s.b.c.e.t.TomcatEmbeddedServletContainer - Tomcat started on port(s): 8080 (http)
23:36:19.641 [main] INFO  c.f.i.App - Started App in 13.378 seconds (JVM running for 21.095)
23:36:24.188 [http-nio-8080-exec-2] INFO  o.a.c.c.C.[.[.[/] - Initializing Spring FrameworkServlet 'dispatcherServlet'
23:36:24.188 [http-nio-8080-exec-2] INFO  o.s.w.s.DispatcherServlet - FrameworkServlet 'dispatcherServlet': initialization started
23:36:24.252 [http-nio-8080-exec-2] INFO  o.s.w.s.DispatcherServlet - FrameworkServlet 'dispatcherServlet': initialization completed in 64 ms
23:36:24.325 [http-nio-8080-exec-2] INFO  o.a.s.s.m.AbstractValidatingSessionManager - Enabling session validation scheduler...
23:36:24.329 [http-nio-8080-exec-2] INFO  o.a.s.c.e.EhCacheManager - Using existing EHCache named [shiro-activeSessionCache]
23:36:24.449 [http-nio-8080-exec-2] INFO  c.a.d.p.DruidDataSource - {dataSource-1} inited
23:36:24.693 [http-nio-8080-exec-2] DEBUG c.f.i.m.L.getByUsername - ==>  Preparing: SELECT id, username, password, user_id, state FROM login_info WHERE username = ? 
23:36:24.731 [http-nio-8080-exec-2] DEBUG c.f.i.m.L.getByUsername - ==> Parameters: zhangsan(String)
23:36:24.761 [http-nio-8080-exec-2] DEBUG c.f.i.m.L.getByUsername - <==      Total: 1
23:36:24.806 [http-nio-8080-exec-2] DEBUG c.f.i.m.U.selectByPrimaryKey - ==>  Preparing: SELECT id, username, password, real_name, telephone, is_admin FROM user WHERE id = ? 
23:36:24.807 [http-nio-8080-exec-2] DEBUG c.f.i.m.U.selectByPrimaryKey - ==> Parameters: 1(Long)
23:36:24.816 [http-nio-8080-exec-2] DEBUG c.f.i.m.R.selectByUserId - ====>  Preparing: SELECT id, name FROM role WHERE id IN (SELECT role_id FROM user_role WHERE user_id = ?) 
23:36:24.817 [http-nio-8080-exec-2] DEBUG c.f.i.m.R.selectByUserId - ====> Parameters: 1(Long)
23:36:24.819 [http-nio-8080-exec-2] DEBUG c.f.i.m.R.selectByUserId - <====      Total: 0
23:36:24.820 [http-nio-8080-exec-2] DEBUG c.f.i.m.U.selectByPrimaryKey - <==      Total: 1
23:36:24.822 [http-nio-8080-exec-2] DEBUG c.f.i.m.R.selectAll - ==>  Preparing: SELECT id, name FROM role 
23:36:24.822 [http-nio-8080-exec-2] DEBUG c.f.i.m.R.selectAll - ==> Parameters: 
23:36:24.824 [http-nio-8080-exec-2] DEBUG c.f.i.m.R.selectAll - <==      Total: 0
23:36:24.825 [http-nio-8080-exec-2] DEBUG c.f.i.m.P.selectAll - ==>  Preparing: SELECT id, permission_name, permission_value FROM permission 
23:36:24.825 [http-nio-8080-exec-2] DEBUG c.f.i.m.P.selectAll - ==> Parameters: 
23:36:24.829 [http-nio-8080-exec-2] DEBUG c.f.i.m.P.selectAll - <==      Total: 1
23:36:27.253 [http-nio-8080-exec-3] INFO  performance - ========================
23:36:27.253 [http-nio-8080-exec-3] INFO  performance - URL : http://localhost:8080/permission/reload
23:36:27.253 [http-nio-8080-exec-3] INFO  performance - HTTP_METHOD : POST
23:36:27.253 [http-nio-8080-exec-3] INFO  performance - IP : 0:0:0:0:0:0:0:1
23:36:27.256 [http-nio-8080-exec-3] INFO  performance - CLASS_METHOD : cn.fei.item.web.controller.PermissionController.reload
23:36:27.259 [http-nio-8080-exec-3] INFO  performance - ARGS : []
23:36:27.273 [http-nio-8080-exec-3] INFO  performance -  execution: 20ms.
